Looking for git in: git
Using git 2.20.1 from git
> git rev-parse --git-dir
Open repository: /home/samuelhawthorne5
> git status -z -u
> git symbolic-ref --short HEAD
> git rev-parse new-change
> git log --format=%H%n%aN%n%aE%n%at%n%ct%n%P%n%B -z -n53 -- /home/samuelhawthorne5/covidapp/index.html
> git log --format=%H%n%aN%n%aE%n%at%n%ct%n%P%n%B -z -n105 -- /home/samuelhawthorne5/covidapp/index.html
> git rev-parse --symbolic-full-name new-change@{u}
> git rev-list --left-right new-change...refs/remotes/protect01/new-change
> git for-each-ref --sort -committerdate --format %(refname) %(objectname)
> git remote --verbose
> git config --get commit.template
> git show --textconv :covidapp/index.html
> git ls-files --stage -- /home/samuelhawthorne5/covidapp/index.html
> git check-ignore -v -z --stdin
> git cat-file -s 1b03ebcb915164fc1d34362dcec9e141ac222336
> git rev-list --count e5abde800a2fe526abccfb256c69568a36ae806a.. -- /home/samuelhawthorne5/covidapp/index.html
> git log --format=%H%n%aN%n%aE%n%at%n%ct%n%P%n%B -z -n5 -- /home/samuelhawthorne5/covidapp/index.html
> git fetch
> git rev-list --count e5abde800a2fe526abccfb256c69568a36ae806a.. -- /home/samuelhawthorne5/covidapp/index.html
> git log --format=%H%n%aN%n%aE%n%at%n%ct%n%P%n%B -z -n5 -- /home/samuelhawthorne5/covidapp/index.html
> git status -z -u
> git symbolic-ref --short HEAD
> git rev-parse new-change
> git rev-parse --symbolic-full-name new-change@{u}
> git rev-list --left-right new-change...refs/remotes/protect01/new-change
> git for-each-ref --sort -committerdate --format %(refname) %(objectname)
> git remote --verbose
> git config --get commit.template
> git rev-list --count e5abde800a2fe526abccfb256c69568a36ae806a.. -- /home/samuelhawthorne5/covidapp/index.html
> git log --format=%H%n%aN%n%aE%n%at%n%ct%n%P%n%B -z -n5 -- /home/samuelhawthorne5/covidapp/index.html
> git ls-files --stage -- /home/samuelhawthorne5/covidapp/index.html
> git cat-file -s 1b03ebcb915164fc1d34362dcec9e141ac222336
> git show --textconv :covidapp/index.html
> git status -z -u
> git symbolic-ref --short HEAD
> git rev-parse new-change
> git rev-parse --symbolic-full-name new-change@{u}
> git rev-list --left-right new-change...refs/remotes/protect01/new-change
> git for-each-ref --sort -committerdate --format %(refname) %(objectname)
> git remote --verbose
> git config --get commit.template
> git rev-list --count e5abde800a2fe526abccfb256c69568a36ae806a.. -- /home/samuelhawthorne5/covidapp/index.html
> git log --format=%H%n%aN%n%aE%n%at%n%ct%n%P%n%B -z -n5 -- /home/samuelhawthorne5/covidapp/index.html
> git log --format=%H%n%aN%n%aE%n%at%n%ct%n%P%n%B -z -n53 -- /home/samuelhawthorne5/portfolio2021/index.html
> git check-ignore -v -z --stdin
> git show --textconv :portfolio2021/index.html
> git ls-files --stage -- /home/samuelhawthorne5/portfolio2021/index.html
> git cat-file -s b251594d22d2b0abff7d45d175f5822dd08f4b55
> git status -z -u
> git symbolic-ref --short HEAD
> git rev-parse new-change
> git rev-parse --symbolic-full-name new-change@{u}
> git rev-list --left-right new-change...refs/remotes/protect01/new-change
> git for-each-ref --sort -committerdate --format %(refname) %(objectname)
> git remote --verbose
> git config --get commit.template
> git rev-list --count 9e89c0c4eacfbf8775a92a1c7bdcb4da72157fc6.. -- /home/samuelhawthorne5/portfolio2021/index.html
> git log --format=%H%n%aN%n%aE%n%at%n%ct%n%P%n%B -z -n9 -- /home/samuelhawthorne5/portfolio2021/index.html
> git status -z -u
> git symbolic-ref --short HEAD
> git rev-parse new-change
> git rev-parse --symbolic-full-name new-change@{u}
> git rev-list --left-right new-change...refs/remotes/protect01/new-change
> git for-each-ref --sort -committerdate --format %(refname) %(objectname)
> git remote --verbose
> git config --get commit.template
> git rev-list --count 9e89c0c4eacfbf8775a92a1c7bdcb4da72157fc6.. -- /home/samuelhawthorne5/portfolio2021/index.html
> git log --format=%H%n%aN%n%aE%n%at%n%ct%n%P%n%B -z -n9 -- /home/samuelhawthorne5/portfolio2021/index.html
> git status -z -u
> git symbolic-ref --short HEAD
> git rev-parse new-change
> git rev-parse --symbolic-full-name new-change@{u}
> git rev-list --left-right new-change...refs/remotes/protect01/new-change
> git for-each-ref --sort -committerdate --format %(refname) %(objectname)
> git remote --verbose
> git config --get commit.template
> git rev-list --count 9e89c0c4eacfbf8775a92a1c7bdcb4da72157fc6.. -- /home/samuelhawthorne5/portfolio2021/index.html
> git log --format=%H%n%aN%n%aE%n%at%n%ct%n%P%n%B -z -n9 -- /home/samuelhawthorne5/portfolio2021/index.html
> git fetch
> git rev-list --count 9e89c0c4eacfbf8775a92a1c7bdcb4da72157fc6.. -- /home/samuelhawthorne5/portfolio2021/index.html
> git log --format=%H%n%aN%n%aE%n%at%n%ct%n%P%n%B -z -n9 -- /home/samuelhawthorne5/portfolio2021/index.html
> git ls-files --stage -- /home/samuelhawthorne5/portfolio2021/index.html
> git cat-file -s b251594d22d2b0abff7d45d175f5822dd08f4b55
> git show --textconv :portfolio2021/index.html
> git status -z -u
> git rev-list --count 9e89c0c4eacfbf8775a92a1c7bdcb4da72157fc6.. -- /home/samuelhawthorne5/portfolio2021/index.html
> git symbolic-ref --short HEAD
> git rev-parse new-change
> git log --format=%H%n%aN%n%aE%n%at%n%ct%n%P%n%B -z -n9 -- /home/samuelhawthorne5/portfolio2021/index.html
> git rev-parse --symbolic-full-name new-change@{u}
> git rev-list --left-right new-change...refs/remotes/protect01/new-change
> git for-each-ref --sort -committerdate --format %(refname) %(objectname)
> git remote --verbose
> git config --get commit.template
> git status -z -u
> git ls-files --stage -- /home/samuelhawthorne5/portfolio2021/index.html
> git cat-file -s b251594d22d2b0abff7d45d175f5822dd08f4b55
> git show --textconv :portfolio2021/index.html
> git symbolic-ref --short HEAD
> git rev-parse new-change
> git rev-parse --symbolic-full-name new-change@{u}
> git rev-list --left-right new-change...refs/remotes/protect01/new-change
> git rev-list --count 9e89c0c4eacfbf8775a92a1c7bdcb4da72157fc6.. -- /home/samuelhawthorne5/portfolio2021/index.html
> git for-each-ref --sort -committerdate --format %(refname) %(objectname)
> git remote --verbose
> git log --format=%H%n%aN%n%aE%n%at%n%ct%n%P%n%B -z -n9 -- /home/samuelhawthorne5/portfolio2021/index.html
> git config --get commit.template
> git rev-list --count 9e89c0c4eacfbf8775a92a1c7bdcb4da72157fc6.. -- /home/samuelhawthorne5/portfolio2021/index.html
> git log --format=%H%n%aN%n%aE%n%at%n%ct%n%P%n%B -z -n9 -- /home/samuelhawthorne5/portfolio2021/index.html
> git status -z -u
> git symbolic-ref --short HEAD
> git rev-parse new-change
> git rev-parse --symbolic-full-name new-change@{u}
> git rev-list --left-right new-change...refs/remotes/protect01/new-change
> git for-each-ref --sort -committerdate --format %(refname) %(objectname)
> git remote --verbose
> git config --get commit.template
> git rev-list --count 9e89c0c4eacfbf8775a92a1c7bdcb4da72157fc6.. -- /home/samuelhawthorne5/portfolio2021/index.html
> git log --format=%H%n%aN%n%aE%n%at%n%ct%n%P%n%B -z -n9 -- /home/samuelhawthorne5/portfolio2021/index.html
> git fetch
> git rev-list --count 9e89c0c4eacfbf8775a92a1c7bdcb4da72157fc6.. -- /home/samuelhawthorne5/portfolio2021/index.html
> git log --format=%H%n%aN%n%aE%n%at%n%ct%n%P%n%B -z -n9 -- /home/samuelhawthorne5/portfolio2021/index.html
> git status -z -u
> git symbolic-ref --short HEAD
> git rev-parse new-change
> git rev-parse --symbolic-full-name new-change@{u}
> git rev-list --left-right new-change...refs/remotes/protect01/new-change
> git for-each-ref --sort -committerdate --format %(refname) %(objectname)
> git remote --verbose
> git config --get commit.template
> git rev-list --count 9e89c0c4eacfbf8775a92a1c7bdcb4da72157fc6.. -- /home/samuelhawthorne5/portfolio2021/index.html
> git log --format=%H%n%aN%n%aE%n%at%n%ct%n%P%n%B -z -n9 -- /home/samuelhawthorne5/portfolio2021/index.html
> git rev-list --count 9e89c0c4eacfbf8775a92a1c7bdcb4da72157fc6.. -- /home/samuelhawthorne5/portfolio2021/index.html
> git ls-files --stage -- /home/samuelhawthorne5/portfolio2021/index.html
> git log --format=%H%n%aN%n%aE%n%at%n%ct%n%P%n%B -z -n9 -- /home/samuelhawthorne5/portfolio2021/index.html
> git cat-file -s b251594d22d2b0abff7d45d175f5822dd08f4b55
> git show --textconv :portfolio2021/index.html
> git status -z -u
> git symbolic-ref --short HEAD
> git rev-parse new-change
> git rev-parse --symbolic-full-name new-change@{u}
> git rev-list --left-right new-change...refs/remotes/protect01/new-change
> git for-each-ref --sort -committerdate --format %(refname) %(objectname)
> git remote --verbose
> git config --get commit.template
> git rev-list --count 9e89c0c4eacfbf8775a92a1c7bdcb4da72157fc6.. -- /home/samuelhawthorne5/portfolio2021/index.html
> git log --format=%H%n%aN%n%aE%n%at%n%ct%n%P%n%B -z -n9 -- /home/samuelhawthorne5/portfolio2021/index.html
> git status -z -u
> git symbolic-ref --short HEAD
> git rev-parse new-change
> git rev-parse --symbolic-full-name new-change@{u}
> git rev-list --left-right new-change...refs/remotes/protect01/new-change
> git for-each-ref --sort -committerdate --format %(refname) %(objectname)
> git remote --verbose
> git config --get commit.template
> git rev-list --count 9e89c0c4eacfbf8775a92a1c7bdcb4da72157fc6.. -- /home/samuelhawthorne5/portfolio2021/index.html
> git log --format=%H%n%aN%n%aE%n%at%n%ct%n%P%n%B -z -n9 -- /home/samuelhawthorne5/portfolio2021/index.html
> git status -z -u
> git symbolic-ref --short HEAD
> git rev-parse new-change
> git rev-parse --symbolic-full-name new-change@{u}
> git rev-list --left-right new-change...refs/remotes/protect01/new-change
> git for-each-ref --sort -committerdate --format %(refname) %(objectname)
> git remote --verbose
> git config --get commit.template
> git rev-list --count 9e89c0c4eacfbf8775a92a1c7bdcb4da72157fc6.. -- /home/samuelhawthorne5/portfolio2021/index.html
> git log --format=%H%n%aN%n%aE%n%at%n%ct%n%P%n%B -z -n9 -- /home/samuelhawthorne5/portfolio2021/index.html
> git fetch
> git rev-list --count 9e89c0c4eacfbf8775a92a1c7bdcb4da72157fc6.. -- /home/samuelhawthorne5/portfolio2021/index.html
> git log --format=%H%n%aN%n%aE%n%at%n%ct%n%P%n%B -z -n9 -- /home/samuelhawthorne5/portfolio2021/index.html
> git status -z -u
> git symbolic-ref --short HEAD
> git rev-parse new-change
> git rev-parse --symbolic-full-name new-change@{u}
> git rev-list --left-right new-change...refs/remotes/protect01/new-change
> git for-each-ref --sort -committerdate --format %(refname) %(objectname)
> git remote --verbose
> git rev-list --count 9e89c0c4eacfbf8775a92a1c7bdcb4da72157fc6.. -- /home/samuelhawthorne5/portfolio2021/index.html
> git config --get commit.template
> git log --format=%H%n%aN%n%aE%n%at%n%ct%n%P%n%B -z -n9 -- /home/samuelhawthorne5/portfolio2021/index.html
> git rev-list --count 9e89c0c4eacfbf8775a92a1c7bdcb4da72157fc6.. -- /home/samuelhawthorne5/portfolio2021/index.html
> git log --format=%H%n%aN%n%aE%n%at%n%ct%n%P%n%B -z -n9 -- /home/samuelhawthorne5/portfolio2021/index.html
> git ls-files --stage -- /home/samuelhawthorne5/portfolio2021/index.html
> git cat-file -s b251594d22d2b0abff7d45d175f5822dd08f4b55
> git show --textconv :portfolio2021/index.html
> git status -z -u
> git symbolic-ref --short HEAD
> git rev-parse new-change
> git rev-parse --symbolic-full-name new-change@{u}
> git rev-list --left-right new-change...refs/remotes/protect01/new-change
> git for-each-ref --sort -committerdate --format %(refname) %(objectname)
> git remote --verbose
> git config --get commit.template
> git rev-list --count 9e89c0c4eacfbf8775a92a1c7bdcb4da72157fc6.. -- /home/samuelhawthorne5/portfolio2021/index.html
> git log --format=%H%n%aN%n%aE%n%at%n%ct%n%P%n%B -z -n9 -- /home/samuelhawthorne5/portfolio2021/index.html
> git status -z -u
> git symbolic-ref --short HEAD
> git rev-parse new-change
> git rev-parse --symbolic-full-name new-change@{u}
> git rev-list --left-right new-change...refs/remotes/protect01/new-change
> git for-each-ref --sort -committerdate --format %(refname) %(objectname)
> git remote --verbose
> git config --get commit.template
> git rev-list --count 9e89c0c4eacfbf8775a92a1c7bdcb4da72157fc6.. -- /home/samuelhawthorne5/portfolio2021/index.html
> git log --format=%H%n%aN%n%aE%n%at%n%ct%n%P%n%B -z -n9 -- /home/samuelhawthorne5/portfolio2021/index.html
> git status -z -u
> git symbolic-ref --short HEAD
> git rev-parse new-change
> git rev-parse --symbolic-full-name new-change@{u}
> git rev-list --left-right new-change...refs/remotes/protect01/new-change
> git for-each-ref --sort -committerdate --format %(refname) %(objectname)
> git remote --verbose
> git config --get commit.template
> git rev-list --count 9e89c0c4eacfbf8775a92a1c7bdcb4da72157fc6.. -- /home/samuelhawthorne5/portfolio2021/index.html
> git log --format=%H%n%aN%n%aE%n%at%n%ct%n%P%n%B -z -n9 -- /home/samuelhawthorne5/portfolio2021/index.html
> git status -z -u
> git symbolic-ref --short HEAD
> git rev-parse new-change
> git rev-parse --symbolic-full-name new-change@{u}
> git rev-list --left-right new-change...refs/remotes/protect01/new-change
> git for-each-ref --sort -committerdate --format %(refname) %(objectname)
> git remote --verbose
> git config --get commit.template
> git rev-list --count 9e89c0c4eacfbf8775a92a1c7bdcb4da72157fc6.. -- /home/samuelhawthorne5/portfolio2021/index.html
> git log --format=%H%n%aN%n%aE%n%at%n%ct%n%P%n%B -z -n9 -- /home/samuelhawthorne5/portfolio2021/index.html
> git status -z -u
> git symbolic-ref --short HEAD
> git rev-parse new-change
> git rev-parse --symbolic-full-name new-change@{u}
> git rev-list --left-right new-change...refs/remotes/protect01/new-change
> git for-each-ref --sort -committerdate --format %(refname) %(objectname)
> git remote --verbose
> git config --get commit.template
> git rev-list --count 9e89c0c4eacfbf8775a92a1c7bdcb4da72157fc6.. -- /home/samuelhawthorne5/portfolio2021/index.html
> git log --format=%H%n%aN%n%aE%n%at%n%ct%n%P%n%B -z -n9 -- /home/samuelhawthorne5/portfolio2021/index.html
> git status -z -u
> git symbolic-ref --short HEAD
> git rev-parse new-change
> git rev-parse --symbolic-full-name new-change@{u}
> git rev-list --left-right new-change...refs/remotes/protect01/new-change
> git for-each-ref --sort -committerdate --format %(refname) %(objectname)
> git remote --verbose
> git config --get commit.template
> git rev-list --count 9e89c0c4eacfbf8775a92a1c7bdcb4da72157fc6.. -- /home/samuelhawthorne5/portfolio2021/index.html
> git log --format=%H%n%aN%n%aE%n%at%n%ct%n%P%n%B -z -n9 -- /home/samuelhawthorne5/portfolio2021/index.html
> git fetch
> git rev-list --count 9e89c0c4eacfbf8775a92a1c7bdcb4da72157fc6.. -- /home/samuelhawthorne5/portfolio2021/index.html
> git log --format=%H%n%aN%n%aE%n%at%n%ct%n%P%n%B -z -n9 -- /home/samuelhawthorne5/portfolio2021/index.html
> git ls-files --stage -- /home/samuelhawthorne5/portfolio2021/index.html
> git cat-file -s b251594d22d2b0abff7d45d175f5822dd08f4b55
> git show --textconv :portfolio2021/index.html
> git status -z -u
> git symbolic-ref --short HEAD
> git rev-parse new-change
> git rev-parse --symbolic-full-name new-change@{u}
> git rev-list --left-right new-change...refs/remotes/protect01/new-change
> git rev-list --count 9e89c0c4eacfbf8775a92a1c7bdcb4da72157fc6.. -- /home/samuelhawthorne5/portfolio2021/index.html
> git for-each-ref --sort -committerdate --format %(refname) %(objectname)
> git remote --verbose
> git log --format=%H%n%aN%n%aE%n%at%n%ct%n%P%n%B -z -n9 -- /home/samuelhawthorne5/portfolio2021/index.html
> git config --get commit.template
> git ls-files --stage -- /home/samuelhawthorne5/portfolio2021/index.html
> git cat-file -s b251594d22d2b0abff7d45d175f5822dd08f4b55
> git show --textconv :portfolio2021/index.html
> git rev-list --count 9e89c0c4eacfbf8775a92a1c7bdcb4da72157fc6.. -- /home/samuelhawthorne5/portfolio2021/index.html
> git log --format=%H%n%aN%n%aE%n%at%n%ct%n%P%n%B -z -n9 -- /home/samuelhawthorne5/portfolio2021/index.html
> git status -z -u
> git symbolic-ref --short HEAD
> git rev-parse new-change
> git rev-parse --symbolic-full-name new-change@{u}
> git rev-list --left-right new-change...refs/remotes/protect01/new-change
> git for-each-ref --sort -committerdate --format %(refname) %(objectname)
> git remote --verbose
> git config --get commit.template
> git rev-list --count 9e89c0c4eacfbf8775a92a1c7bdcb4da72157fc6.. -- /home/samuelhawthorne5/portfolio2021/index.html
> git log --format=%H%n%aN%n%aE%n%at%n%ct%n%P%n%B -z -n9 -- /home/samuelhawthorne5/portfolio2021/index.html
> git fetch
> git rev-list --count 9e89c0c4eacfbf8775a92a1c7bdcb4da72157fc6.. -- /home/samuelhawthorne5/portfolio2021/index.html
> git log --format=%H%n%aN%n%aE%n%at%n%ct%n%P%n%B -z -n9 -- /home/samuelhawthorne5/portfolio2021/index.html
> git ls-files --stage -- /home/samuelhawthorne5/portfolio2021/index.html
> git cat-file -s b251594d22d2b0abff7d45d175f5822dd08f4b55
> git show --textconv :portfolio2021/index.html
> git status -z -u
> git rev-list --count 9e89c0c4eacfbf8775a92a1c7bdcb4da72157fc6.. -- /home/samuelhawthorne5/portfolio2021/index.html
> git log --format=%H%n%aN%n%aE%n%at%n%ct%n%P%n%B -z -n9 -- /home/samuelhawthorne5/portfolio2021/index.html
> git symbolic-ref --short HEAD
> git rev-parse new-change
> git rev-parse --symbolic-full-name new-change@{u}
> git rev-list --left-right new-change...refs/remotes/protect01/new-change
> git for-each-ref --sort -committerdate --format %(refname) %(objectname)
> git remote --verbose
> git ls-files --stage -- /home/samuelhawthorne5/portfolio2021/index.html
> git config --get commit.template
> git cat-file -s b251594d22d2b0abff7d45d175f5822dd08f4b55
> git show --textconv :portfolio2021/index.html
> git rev-list --count 9e89c0c4eacfbf8775a92a1c7bdcb4da72157fc6.. -- /home/samuelhawthorne5/portfolio2021/index.html
> git log --format=%H%n%aN%n%aE%n%at%n%ct%n%P%n%B -z -n9 -- /home/samuelhawthorne5/portfolio2021/index.html
> git fetch
> git rev-list --count 9e89c0c4eacfbf8775a92a1c7bdcb4da72157fc6.. -- /home/samuelhawthorne5/portfolio2021/index.html
> git log --format=%H%n%aN%n%aE%n%at%n%ct%n%P%n%B -z -n9 -- /home/samuelhawthorne5/portfolio2021/index.html
> git status -z -u
> git rev-list --count 9e89c0c4eacfbf8775a92a1c7bdcb4da72157fc6.. -- /home/samuelhawthorne5/portfolio2021/index.html
> git log --format=%H%n%aN%n%aE%n%at%n%ct%n%P%n%B -z -n9 -- /home/samuelhawthorne5/portfolio2021/index.html
> git symbolic-ref --short HEAD
> git rev-parse new-change
> git rev-parse --symbolic-full-name new-change@{u}
> git rev-list --left-right new-change...refs/remotes/protect01/new-change
> git for-each-ref --sort -committerdate --format %(refname) %(objectname)
> git remote --verbose
> git config --get commit.template
> git ls-files --stage -- /home/samuelhawthorne5/portfolio2021/index.html
> git cat-file -s b251594d22d2b0abff7d45d175f5822dd08f4b55
> git show --textconv :portfolio2021/index.html
> git rev-list --count 9e89c0c4eacfbf8775a92a1c7bdcb4da72157fc6.. -- /home/samuelhawthorne5/portfolio2021/index.html
> git log --format=%H%n%aN%n%aE%n%at%n%ct%n%P%n%B -z -n9 -- /home/samuelhawthorne5/portfolio2021/index.html
> git status -z -u
> git symbolic-ref --short HEAD
> git rev-parse new-change
> git rev-parse --symbolic-full-name new-change@{u}
> git rev-list --left-right new-change...refs/remotes/protect01/new-change
> git for-each-ref --sort -committerdate --format %(refname) %(objectname)
> git remote --verbose
> git config --get commit.template
> git rev-list --count 9e89c0c4eacfbf8775a92a1c7bdcb4da72157fc6.. -- /home/samuelhawthorne5/portfolio2021/index.html
> git log --format=%H%n%aN%n%aE%n%at%n%ct%n%P%n%B -z -n9 -- /home/samuelhawthorne5/portfolio2021/index.html
> git fetch
> git status -z -u
> git symbolic-ref --short HEAD
> git rev-parse new-change
> git rev-parse --symbolic-full-name new-change@{u}
> git rev-list --left-right new-change...refs/remotes/protect01/new-change
> git for-each-ref --sort -committerdate --format %(refname) %(objectname)
> git remote --verbose
> git config --get commit.template
> git rev-list --count 9e89c0c4eacfbf8775a92a1c7bdcb4da72157fc6.. -- /home/samuelhawthorne5/portfolio2021/index.html
> git log --format=%H%n%aN%n%aE%n%at%n%ct%n%P%n%B -z -n9 -- /home/samuelhawthorne5/portfolio2021/index.html
> git ls-files --stage -- /home/samuelhawthorne5/portfolio2021/index.html
> git cat-file -s b251594d22d2b0abff7d45d175f5822dd08f4b55
> git show --textconv :portfolio2021/index.html
> git status -z -u
> git symbolic-ref --short HEAD
> git rev-parse new-change
> git rev-parse --symbolic-full-name new-change@{u}
> git rev-list --left-right new-change...refs/remotes/protect01/new-change
> git for-each-ref --sort -committerdate --format %(refname) %(objectname)
> git remote --verbose
> git config --get commit.template
> git rev-list --count 9e89c0c4eacfbf8775a92a1c7bdcb4da72157fc6.. -- /home/samuelhawthorne5/portfolio2021/index.html
> git log --format=%H%n%aN%n%aE%n%at%n%ct%n%P%n%B -z -n9 -- /home/samuelhawthorne5/portfolio2021/index.html
> git status -z -u
> git symbolic-ref --short HEAD
> git rev-parse new-change
> git rev-parse --symbolic-full-name new-change@{u}
> git rev-list --left-right new-change...refs/remotes/protect01/new-change
> git for-each-ref --sort -committerdate --format %(refname) %(objectname)
> git remote --verbose
> git config --get commit.template
> git rev-list --count 9e89c0c4eacfbf8775a92a1c7bdcb4da72157fc6.. -- /home/samuelhawthorne5/portfolio2021/index.html
> git log --format=%H%n%aN%n%aE%n%at%n%ct%n%P%n%B -z -n9 -- /home/samuelhawthorne5/portfolio2021/index.html
> git fetch
> git status -z -u
> git symbolic-ref --short HEAD
> git rev-parse new-change
> git rev-parse --symbolic-full-name new-change@{u}
> git rev-list --left-right new-change...refs/remotes/protect01/new-change
> git for-each-ref --sort -committerdate --format %(refname) %(objectname)
> git remote --verbose
> git config --get commit.template
> git rev-list --count 9e89c0c4eacfbf8775a92a1c7bdcb4da72157fc6.. -- /home/samuelhawthorne5/portfolio2021/index.html
> git log --format=%H%n%aN%n%aE%n%at%n%ct%n%P%n%B -z -n9 -- /home/samuelhawthorne5/portfolio2021/index.html
> git ls-files --stage -- /home/samuelhawthorne5/portfolio2021/index.html
> git cat-file -s b251594d22d2b0abff7d45d175f5822dd08f4b55
> git show --textconv :portfolio2021/index.html
> git status -z -u
> git symbolic-ref --short HEAD
> git rev-parse new-change
> git rev-parse --symbolic-full-name new-change@{u}
> git rev-list --left-right new-change...refs/remotes/protect01/new-change
> git for-each-ref --sort -committerdate --format %(refname) %(objectname)
> git remote --verbose
> git config --get commit.template
> git log --format=%H%n%aN%n%aE%n%at%n%ct%n%P%n%B -z -n53 -- /home/samuelhawthorne5/covidapp/index.html
> git show --textconv :covidapp/index.html
> git ls-files --stage -- /home/samuelhawthorne5/covidapp/index.html
> git cat-file -s 1b03ebcb915164fc1d34362dcec9e141ac222336
> git log --format=%H%n%aN%n%aE%n%at%n%ct%n%P%n%B -z -n53 -- /home/samuelhawthorne5/portfolio2021/about.html
> git show --textconv :portfolio2021/about.html
> git ls-files --stage -- /home/samuelhawthorne5/portfolio2021/about.html
> git cat-file -s 959439bc77ad6d005eab8bf2f7ff8f903b1f94f4
> git log --format=%H%n%aN%n%aE%n%at%n%ct%n%P%n%B -z -n54 -- /home/samuelhawthorne5/covidapp/index.html
> git show --textconv :covidapp/index.html
> git ls-files --stage -- /home/samuelhawthorne5/covidapp/index.html
> git cat-file -s 1b03ebcb915164fc1d34362dcec9e141ac222336
> git log --format=%H%n%aN%n%aE%n%at%n%ct%n%P%n%B -z -n54 -- /home/samuelhawthorne5/portfolio2021/portfolio2021.css
> git show --textconv :portfolio2021/portfolio2021.css
> git ls-files --stage -- /home/samuelhawthorne5/portfolio2021/portfolio2021.css
> git cat-file -s 45fd59154f3f46323bb3ba95e6a5e2f7285a6cb8
> git status -z -u
> git symbolic-ref --short HEAD
> git rev-parse new-change
> git rev-parse --symbolic-full-name new-change@{u}
> git rev-list --left-right new-change...refs/remotes/protect01/new-change
> git for-each-ref --sort -committerdate --format %(refname) %(objectname)
> git remote --verbose
> git config --get commit.template
> git rev-list --count 9e89c0c4eacfbf8775a92a1c7bdcb4da72157fc6.. -- /home/samuelhawthorne5/portfolio2021/portfolio2021.css
> git log --format=%H%n%aN%n%aE%n%at%n%ct%n%P%n%B -z -n10 -- /home/samuelhawthorne5/portfolio2021/portfolio2021.css
> git log --format=%H%n%aN%n%aE%n%at%n%ct%n%P%n%B -z -n55 -- /home/samuelhawthorne5/covidapp/index.html
> git show --textconv :covidapp/index.html
> git ls-files --stage -- /home/samuelhawthorne5/covidapp/index.html
> git cat-file -s 1b03ebcb915164fc1d34362dcec9e141ac222336
> git log --format=%H%n%aN%n%aE%n%at%n%ct%n%P%n%B -z -n56 -- /home/samuelhawthorne5/portfolio2021/index.html
> git show --textconv :portfolio2021/index.html
> git ls-files --stage -- /home/samuelhawthorne5/portfolio2021/index.html
> git cat-file -s b251594d22d2b0abff7d45d175f5822dd08f4b55
> git log --format=%H%n%aN%n%aE%n%at%n%ct%n%P%n%B -z -n55 -- /home/samuelhawthorne5/yogurtshop/index.html
> git show --textconv :yogurtshop/index.html
> git ls-files --stage -- /home/samuelhawthorne5/yogurtshop/index.html
> git check-ignore -v -z --stdin
> git fetch
> git log --format=%H%n%aN%n%aE%n%at%n%ct%n%P%n%B -z -n55 -- /home/samuelhawthorne5/yogurtshop/index.html
> git status -z -u
> git symbolic-ref --short HEAD
> git rev-parse new-change
> git rev-parse --symbolic-full-name new-change@{u}
> git rev-list --left-right new-change...refs/remotes/protect01/new-change
> git for-each-ref --sort -committerdate --format %(refname) %(objectname)
> git remote --verbose
> git config --get commit.template
> git log --format=%H%n%aN%n%aE%n%at%n%ct%n%P%n%B -z -n55 -- /home/samuelhawthorne5/yogurtshop/index.html
> git ls-files --stage -- /home/samuelhawthorne5/yogurtshop/index.html
> git show --textconv :yogurtshop/index.html
> git status -z -u
> git symbolic-ref --short HEAD
> git rev-parse new-change
> git rev-parse --symbolic-full-name new-change@{u}
> git rev-list --left-right new-change...refs/remotes/protect01/new-change
> git for-each-ref --sort -committerdate --format %(refname) %(objectname)
> git remote --verbose
> git config --get commit.template
> git rev-list --count working.. -- /home/samuelhawthorne5/yogurtshop/index.html
fatal: bad revision 'working..'
> git log --format=%H%n%aN%n%aE%n%at%n%ct%n%P%n%B -z -- /home/samuelhawthorne5/yogurtshop/index.html
> git fetch
> git rev-list --count working.. -- /home/samuelhawthorne5/yogurtshop/index.html
fatal: bad revision 'working..'
> git log --format=%H%n%aN%n%aE%n%at%n%ct%n%P%n%B -z -- /home/samuelhawthorne5/yogurtshop/index.html
> git status -z -u
> git rev-list --count working.. -- /home/samuelhawthorne5/yogurtshop/index.html
> git symbolic-ref --short HEAD
fatal: bad revision 'working..'
> git log --format=%H%n%aN%n%aE%n%at%n%ct%n%P%n%B -z -- /home/samuelhawthorne5/yogurtshop/index.html
> git rev-parse new-change
> git rev-parse --symbolic-full-name new-change@{u}
> git rev-list --left-right new-change...refs/remotes/protect01/new-change
> git for-each-ref --sort -committerdate --format %(refname) %(objectname)
> git remote --verbose
> git config --get commit.template
> git ls-files --stage -- /home/samuelhawthorne5/yogurtshop/index.html
> git show --textconv :yogurtshop/index.html
> git rev-list --count working.. -- /home/samuelhawthorne5/yogurtshop/index.html
fatal: bad revision 'working..'
> git log --format=%H%n%aN%n%aE%n%at%n%ct%n%P%n%B -z -- /home/samuelhawthorne5/yogurtshop/index.html
> git status -z -u
> git symbolic-ref --short HEAD
> git rev-parse new-change
> git rev-parse --symbolic-full-name new-change@{u}
> git rev-list --left-right new-change...refs/remotes/protect01/new-change
> git for-each-ref --sort -committerdate --format %(refname) %(objectname)
> git remote --verbose
> git config --get commit.template
> git rev-list --count working.. -- /home/samuelhawthorne5/yogurtshop/index.html
fatal: bad revision 'working..'
> git log --format=%H%n%aN%n%aE%n%at%n%ct%n%P%n%B -z -- /home/samuelhawthorne5/yogurtshop/index.html
> git fetch
> git status -z -u
> git symbolic-ref --short HEAD
> git rev-parse new-change
> git rev-parse --symbolic-full-name new-change@{u}
> git rev-list --left-right new-change...refs/remotes/protect01/new-change
> git for-each-ref --sort -committerdate --format %(refname) %(objectname)
> git remote --verbose
> git config --get commit.template
> git rev-list --count working.. -- /home/samuelhawthorne5/yogurtshop/index.html
fatal: bad revision 'working..'
> git log --format=%H%n%aN%n%aE%n%at%n%ct%n%P%n%B -z -- /home/samuelhawthorne5/yogurtshop/index.html
> git ls-files --stage -- /home/samuelhawthorne5/yogurtshop/index.html
> git show --textconv :yogurtshop/index.html
> git status -z -u
> git symbolic-ref --short HEAD
> git rev-parse new-change
> git rev-parse --symbolic-full-name new-change@{u}
> git rev-list --left-right new-change...refs/remotes/protect01/new-change
> git for-each-ref --sort -committerdate --format %(refname) %(objectname)
> git remote --verbose
> git config --get commit.template
> git rev-list --count working.. -- /home/samuelhawthorne5/yogurtshop/index.html
fatal: bad revision 'working..'
> git log --format=%H%n%aN%n%aE%n%at%n%ct%n%P%n%B -z -- /home/samuelhawthorne5/yogurtshop/index.html
> git log --format=%H%n%aN%n%aE%n%at%n%ct%n%P%n%B -z -n55 -- /home/samuelhawthorne5/portfolio2021/index.html
> git show --textconv :portfolio2021/index.html
> git ls-files --stage -- /home/samuelhawthorne5/portfolio2021/index.html
> git cat-file -s b251594d22d2b0abff7d45d175f5822dd08f4b55
> git log --format=%H%n%aN%n%aE%n%at%n%ct%n%P%n%B -z -n55 -- /home/samuelhawthorne5/yogurtshop/index.html
> git show --textconv :yogurtshop/index.html
> git ls-files --stage -- /home/samuelhawthorne5/yogurtshop/index.html
> git fetch
> git status -z -u
> git symbolic-ref --short HEAD
> git rev-parse new-change
> git rev-parse --symbolic-full-name new-change@{u}
> git rev-list --left-right new-change...refs/remotes/protect01/new-change
> git for-each-ref --sort -committerdate --format %(refname) %(objectname)
> git remote --verbose
> git config --get commit.template
> git status -z -u
> git symbolic-ref --short HEAD
> git rev-parse new-change
> git rev-parse --symbolic-full-name new-change@{u}
> git rev-list --left-right new-change...refs/remotes/protect01/new-change
> git for-each-ref --sort -committerdate --format %(refname) %(objectname)
> git remote --verbose
> git config --get commit.template
> git log --format=%H%n%aN%n%aE%n%at%n%ct%n%P%n%B -z -n54 -- /home/samuelhawthorne5/yogurtshop/stylesheet.css
> git check-ignore -v -z --stdin
> git show --textconv :yogurtshop/stylesheet.css
> git ls-files --stage -- /home/samuelhawthorne5/yogurtshop/stylesheet.css
> git status -z -u
> git symbolic-ref --short HEAD
> git rev-parse new-change
> git rev-parse --symbolic-full-name new-change@{u}
> git rev-list --left-right new-change...refs/remotes/protect01/new-change
> git for-each-ref --sort -committerdate --format %(refname) %(objectname)
> git remote --verbose
> git config --get commit.template
> git log --format=%H%n%aN%n%aE%n%at%n%ct%n%P%n%B -z -n54 -- /home/samuelhawthorne5/yogurtshop/index.html
> git show --textconv :yogurtshop/index.html
> git ls-files --stage -- /home/samuelhawthorne5/yogurtshop/index.html
> git status -z -u
> git symbolic-ref --short HEAD
> git rev-parse new-change
> git rev-parse --symbolic-full-name new-change@{u}
> git rev-list --left-right new-change...refs/remotes/protect01/new-change
> git for-each-ref --sort -committerdate --format %(refname) %(objectname)
> git remote --verbose
> git config --get commit.template
> git rev-list --count working.. -- /home/samuelhawthorne5/yogurtshop/index.html
fatal: bad revision 'working..'
> git log --format=%H%n%aN%n%aE%n%at%n%ct%n%P%n%B -z -- /home/samuelhawthorne5/yogurtshop/index.html
> git fetch
> git rev-list --count working.. -- /home/samuelhawthorne5/yogurtshop/index.html
> git status -z -u
fatal: bad revision 'working..'
> git log --format=%H%n%aN%n%aE%n%at%n%ct%n%P%n%B -z -- /home/samuelhawthorne5/yogurtshop/index.html
> git rev-list --count working.. -- /home/samuelhawthorne5/yogurtshop/index.html
fatal: bad revision 'working..'
> git log --format=%H%n%aN%n%aE%n%at%n%ct%n%P%n%B -z -- /home/samuelhawthorne5/yogurtshop/index.html
> git symbolic-ref --short HEAD
> git rev-parse new-change
> git ls-files --stage -- /home/samuelhawthorne5/yogurtshop/index.html
> git rev-parse --symbolic-full-name new-change@{u}
> git rev-list --left-right new-change...refs/remotes/protect01/new-change
> git show --textconv :yogurtshop/index.html
> git for-each-ref --sort -committerdate --format %(refname) %(objectname)
> git remote --verbose
> git config --get commit.template
> git rev-list --count working.. -- /home/samuelhawthorne5/yogurtshop/index.html
fatal: bad revision 'working..'
> git log --format=%H%n%aN%n%aE%n%at%n%ct%n%P%n%B -z -- /home/samuelhawthorne5/yogurtshop/index.html
> git status -z -u
> git symbolic-ref --short HEAD
> git rev-parse new-change
> git rev-parse --symbolic-full-name new-change@{u}
> git rev-list --left-right new-change...refs/remotes/protect01/new-change
> git for-each-ref --sort -committerdate --format %(refname) %(objectname)
> git remote --verbose
> git config --get commit.template
> git rev-list --count working.. -- /home/samuelhawthorne5/yogurtshop/index.html
fatal: bad revision 'working..'
> git log --format=%H%n%aN%n%aE%n%at%n%ct%n%P%n%B -z -- /home/samuelhawthorne5/yogurtshop/index.html
