Looking for git in: git
Using git 2.20.1 from git
> git rev-parse --git-dir
Open repository: /home/samuelhawthorne5
> git status -z -u
> git check-ignore -v -z --stdin
> git symbolic-ref --short HEAD
> git check-ignore -v -z --stdin
> git rev-parse lily2021
> git rev-parse --symbolic-full-name lily2021@{u}
> git rev-list --left-right lily2021...refs/remotes/protect01/lily2021
> git for-each-ref --sort -committerdate --format %(refname) %(objectname)
> git remote --verbose
> git config --get commit.template
> git show --textconv :game website/index.html
> git ls-files --stage -- /home/samuelhawthorne5/game website/index.html
> git check-ignore -v -z --stdin
> git check-ignore -v -z --stdin
git.stage 1
git.stage.scmResources 1
> git add -A -- /home/samuelhawthorne5/game website/index.html
> git status -z -u
> git symbolic-ref --short HEAD
> git rev-parse lily2021
> git ls-files --stage -- /home/samuelhawthorne5/game website/index.html
> git rev-parse --symbolic-full-name lily2021@{u}
> git cat-file -s 4e40fe5863772379d7ea34be827b8e53c507a711
> git rev-list --left-right lily2021...refs/remotes/protect01/lily2021
> git for-each-ref --sort -committerdate --format %(refname) %(objectname)
> git remote --verbose
> git show --textconv :game website/index.html
> git config --get commit.template
git.stage 1
git.getSCMResource.uri file:///home/samuelhawthorne5/game%20website/index.html
repo root /home/samuelhawthorne5
git.stage.getSCMResource file:///home/samuelhawthorne5/game%20website/index.html
git.stage.scmResources 0
> git check-ignore -v -z --stdin
> git commit --quiet --allow-empty-message --file -
> git status -z -u
> git symbolic-ref --short HEAD
> git rev-parse lily2021
> git rev-parse --symbolic-full-name lily2021@{u}
> git rev-list --left-right lily2021...refs/remotes/protect01/lily2021
> git for-each-ref --sort -committerdate --format %(refname) %(objectname)
> git remote --verbose
> git ls-files --stage -- /home/samuelhawthorne5/game website/index.html
> git config --get commit.template
> git cat-file -s 4e40fe5863772379d7ea34be827b8e53c507a711
> git show --textconv :game website/index.html
> git log --format=%H%n%aN%n%aE%n%at%n%ct%n%P%n%B -z -n21 -- /home/samuelhawthorne5/game website/index.html
> git check-ignore -v -z --stdin
> git check-ignore -v -z --stdin
