Looking for git in: git
Using git 2.20.1 from git
> git rev-parse --git-dir
Open repository: /home/samuelhawthorne5
> git status -z -u
> git symbolic-ref --short HEAD
> git rev-parse lily2021
> git rev-parse --symbolic-full-name lily2021@{u}
> git rev-list --left-right lily2021...refs/remotes/protect01/lily2021
> git for-each-ref --sort -committerdate --format %(refname) %(objectname)
> git remote --verbose
> git check-ignore -v -z --stdin
> git config --get commit.template
> git show --textconv :watchfuleye/index.html
> git ls-files --stage -- /home/samuelhawthorne5/watchfuleye/index.html
> git cat-file -s fc1e82fd4d140b7e54a815688a517e7957bf1d6b
> git status -z -u
> git symbolic-ref --short HEAD
> git rev-parse lily2021
> git rev-parse --symbolic-full-name lily2021@{u}
> git rev-list --left-right lily2021...refs/remotes/protect01/lily2021
> git for-each-ref --sort -committerdate --format %(refname) %(objectname)
> git remote --verbose
> git config --get commit.template
> git check-ignore -v -z --stdin
> git check-ignore -v -z --stdin
git.stage 1
git.stage.scmResources 1
> git add -A -- /home/samuelhawthorne5/watchfuleye/index.html
> git status -z -u
> git symbolic-ref --short HEAD
> git rev-parse lily2021
> git rev-parse --symbolic-full-name lily2021@{u}
> git rev-list --left-right lily2021...refs/remotes/protect01/lily2021
> git for-each-ref --sort -committerdate --format %(refname) %(objectname)
> git remote --verbose
> git config --get commit.template
git.stage 1
> git ls-files --stage -- /home/samuelhawthorne5/watchfuleye/index.html
git.stage.scmResources 1
> git add -A -- /home/samuelhawthorne5/.config/Code/User/workspaceStorage/1629508751100/state.vscdb
> git cat-file -s 55f6d870062798d5daa2690cb95b7120cc403e95
> git status -z -u
> git symbolic-ref --short HEAD
> git show --textconv :watchfuleye/index.html
> git rev-parse lily2021
> git rev-parse --symbolic-full-name lily2021@{u}
> git rev-list --left-right lily2021...refs/remotes/protect01/lily2021
> git for-each-ref --sort -committerdate --format %(refname) %(objectname)
> git remote --verbose
> git config --get commit.template
> git check-ignore -v -z --stdin
> git status -z -u
> git symbolic-ref --short HEAD
> git rev-parse lily2021
> git rev-parse --symbolic-full-name lily2021@{u}
> git rev-list --left-right lily2021...refs/remotes/protect01/lily2021
> git for-each-ref --sort -committerdate --format %(refname) %(objectname)
> git remote --verbose
> git config --get commit.template
> git ls-files --stage -- /home/samuelhawthorne5/watchfuleye/index.html
> git cat-file -s 55f6d870062798d5daa2690cb95b7120cc403e95
> git show --textconv :watchfuleye/index.html
> git add -A -- /home/samuelhawthorne5/.Xauthority /home/samuelhawthorne5/.cache/fontconfig/1d2c01d9-c27e-5d8c-946a-6992c45cfce8-le64.cache-7 /home/samuelhawthorne5/.cache/fontconfig/2793fb9a043859562fc8eeae648d5152-le64.cache-7 /home/samuelhawthorne5/.cache/fontconfig/2adfab2a719b29ed12bc9642f5214134-le64.cache-7 /home/samuelhawthorne5/.cache/fontconfig/420781ba3a8af01e3483d561262509e2-le64.cache-7 /home/samuelhawthorne5/.cache/fontconfig/482ff680-d74f-5bdc-8e54-d5cd336d86e0-le64.cache-7 /home/samuelhawthorne5/.cache/fontconfig/4b7c4507-0138-596f-ae63-fdedc8bdfd82-le64.cache-7 /home/samuelhawthorne5/.cache/fontconfig/52785564-90d9-5579-89a5-9f48e4881935-le64.cache-7 /home/samuelhawthorne5/.cache/fontconfig/5774675660ecc312b8914a4ae6dfff80-le64.cache-7 /home/samuelhawthorne5/.cache/fontconfig/5ef2633c-47cd-5596-a4c8-b7b2dad1d44b-le64.cache-7 /home/samuelhawthorne5/.cache/fontconfig/61b86929-ab8c-5c91-9220-72f0a861ede3-le64.cache-7 /home/samuelhawthorne5/.cache/fontconfig/63a71c5f-4edb-5c3a-b926-109be7cd3aac-le64.cache-7 /home/samuelhawthorne5/.cache/fontconfig/73fce5fe389ddc260ebd34cac4429ead-le64.cache-7 /home/samuelhawthorne5/.cache/fontconfig/7d65fcc37ea4bd4766305613b8665e30-le64.cache-7 /home/samuelhawthorne5/.cache/fontconfig/7e6ed75c-7527-5ffe-84a6-1bd38a359a14-le64.cache-7 /home/samuelhawthorne5/.cache/fontconfig/8db0405a1946c428f5ca5d9b258c43e3-le64.cache-7 /home/samuelhawthorne5/.cache/fontconfig/9fc9f413e12350b1a0ba9e2cbba75d39-le64.cache-7 /home/samuelhawthorne5/.cache/fontconfig/a99f2920-0014-5b4f-aaf3-3d47ca54c5fc-le64.cache-7 /home/samuelhawthorne5/.cache/fontconfig/aabd7c32212c7e3464a52269e2d6e6d5-le64.cache-7 /home/samuelhawthorne5/.cache/fontconfig/d9ce020ff0b7ec6a15daf2e8ebcb2a30-le64.cache-7 /home/samuelhawthorne5/.cache/fontconfig/ed7a2030-00f8-581d-ac04-bdbdfe09b95e-le64.cache-7 /home/samuelhawthorne5/.cache/fontconfig/f51dcade74c43299be26a9c4c7a57960-le64.cache-7 /home/samuelhawthorne5/.config/Code/Backups/workspaces.json /home/samuelhawthorne5/.config/Code/Cache/625bbe30771f2f39_0 /home/samuelhawthorne5/.config/Code/Cache/a7d9540d676dc61b_0 /home/samuelhawthorne5/.config/Code/Cache/c85687354a0e770a_0 /home/samuelhawthorne5/.config/Code/Cache/cbc42e4c979f69f0_0 /home/samuelhawthorne5/.config/Code/Cache/index-dir/the-real-index /home/samuelhawthorne5/.config/Code/Cookies /home/samuelhawthorne5/.config/Code/GPUCache/data_1 /home/samuelhawthorne5/.config/Code/GPUCache/index /home/samuelhawthorne5/.config/Code/Local Storage/leveldb/LOG /home/samuelhawthorne5/.config/Code/Local Storage/leveldb/LOG.old /home/samuelhawthorne5/.config/Code/TransportSecurity /home/samuelhawthorne5/.config/Code/User/globalStorage/state.vscdb /home/samuelhawthorne5/.config/Code/User/workspaceStorage/1629508751100/state.vscdb.backup /home/samuelhawthorne5/.config/Code/User/workspaceStorage/ec45ed985baa5b3d7057514375ef8735/state.vscdb /home/samuelhawthorne5/.config/Code/logs/20210822T105612/exthost1/output_logging_20210822T105926/2-Git.log /home/samuelhawthorne5/.config/Code/storage.json /home/samuelhawthorne5/watchfuleye/style.css /home/samuelhawthorne5/.config/Code/Crash Reports/06558f3d-0492-4afb-a8c1878f-2a5a6af0.dmp /home/samuelhawthorne5/.config/Code/logs/20210909T100648/exthost1/exthost.log /home/samuelhawthorne5/.config/Code/logs/20210909T100648/exthost1/output_logging_20210909T100703/1-Microsoft Authentication.log /home/samuelhawthorne5/.config/Code/logs/20210909T100648/exthost1/output_logging_20210909T100708/2-Git.log /home/samuelhawthorne5/.config/Code/logs/20210909T100648/exthost1/output_logging_20210909T100710/3-GitHub Authentication.log /home/samuelhawthorne5/.config/Code/logs/20210909T100648/main.log /home/samuelhawthorne5/.config/Code/logs/20210909T100648/output_1_20210909T100654/extensions.log /home/samuelhawthorne5/.config/Code/logs/20210909T100648/output_1_20210909T100654/tasks.log /home/samuelhawthorne5/.config/Code/logs/20210909T100648/renderer1.log /home/samuelhawthorne5/.config/Code/logs/20210909T100648/sharedprocess.log /home/samuelhawthorne5/.config/Code/logs/20210909T100648/telemetry.log /home/samuelhaw