[2021-03-04 16:01:56.432] [exthost] [info] extension host started
[2021-03-04 16:01:57.297] [exthost] [info] ExtensionService#_doActivateExtension vscode.microsoft-authentication {"startup":false,"extensionId":{"value":"vscode.microsoft-authentication","_lower":"vscode.microsoft-authentication"},"activationEvent":"onAuthenticationRequest:microsoft"}
[2021-03-04 16:01:57.297] [exthost] [info] ExtensionService#loadCommonJSModule file:///usr/share/code/resources/app/extensions/microsoft-authentication/dist/extension.js
[2021-03-04 16:01:57.373] [exthost] [info] ExtensionService#_doActivateExtension vscode.css-language-features {"startup":false,"extensionId":{"value":"vscode.css-language-features","_lower":"vscode.css-language-features"},"activationEvent":"onLanguage:css"}
[2021-03-04 16:01:57.373] [exthost] [info] ExtensionService#loadCommonJSModule file:///usr/share/code/resources/app/extensions/css-language-features/client/dist/node/cssClientMain
[2021-03-04 16:01:57.455] [exthost] [info] ExtensionService#_doActivateExtension vscode.emmet {"startup":false,"extensionId":{"value":"vscode.emmet","_lower":"vscode.emmet"},"activationEvent":"onLanguage:css"}
[2021-03-04 16:01:57.462] [exthost] [info] ExtensionService#loadCommonJSModule file:///usr/share/code/resources/app/extensions/emmet/dist/node/emmetNodeMain
[2021-03-04 16:01:57.550] [exthost] [info] ExtensionService#_doActivateExtension ms-vscode.js-debug {"startup":false,"extensionId":{"value":"ms-vscode.js-debug","_lower":"ms-vscode.js-debug"},"activationEvent":"onDebugDynamicConfigurations"}
[2021-03-04 16:01:57.552] [exthost] [info] ExtensionService#loadCommonJSModule file:///usr/share/code/resources/app/extensions/ms-vscode.js-debug/src/extension.js
[2021-03-04 16:01:58.650] [exthost] [info] ExtensionService#_doActivateExtension vscode.debug-auto-launch {"startup":true,"extensionId":{"value":"vscode.debug-auto-launch","_lower":"vscode.debug-auto-launch"},"activationEvent":"*"}
[2021-03-04 16:01:58.651] [exthost] [info] ExtensionService#loadCommonJSModule file:///usr/share/code/resources/app/extensions/debug-auto-launch/dist/extension
[2021-03-04 16:01:58.662] [exthost] [info] ExtensionService#_doActivateExtension vscode.git {"startup":true,"extensionId":{"value":"vscode.github","_lower":"vscode.github"},"activationEvent":"*"}
[2021-03-04 16:01:58.674] [exthost] [info] ExtensionService#loadCommonJSModule file:///usr/share/code/resources/app/extensions/git/dist/main
[2021-03-04 16:01:58.732] [exthost] [info] ExtensionService#_doActivateExtension vscode.merge-conflict {"startup":true,"extensionId":{"value":"vscode.merge-conflict","_lower":"vscode.merge-conflict"},"activationEvent":"*"}
[2021-03-04 16:01:58.732] [exthost] [info] ExtensionService#loadCommonJSModule file:///usr/share/code/resources/app/extensions/merge-conflict/dist/mergeConflictMain
[2021-03-04 16:01:58.739] [exthost] [info] ExtensionService#_doActivateExtension vscode.search-result {"startup":true,"extensionId":{"value":"vscode.search-result","_lower":"vscode.search-result"},"activationEvent":"*"}
[2021-03-04 16:01:58.740] [exthost] [info] ExtensionService#loadCommonJSModule file:///usr/share/code/resources/app/extensions/search-result/dist/extension.js
[2021-03-04 16:01:58.744] [exthost] [info] ExtensionService#_doActivateExtension eamodio.gitlens {"startup":true,"extensionId":{"value":"eamodio.gitlens","_lower":"eamodio.gitlens"},"activationEvent":"*"}
[2021-03-04 16:01:58.744] [exthost] [info] ExtensionService#loadCommonJSModule file:///home/samuelhawthorne5/.vscode/extensions/eamodio.gitlens-10.2.3/dist/extension
[2021-03-04 16:01:58.999] [exthost] [info] ExtensionService#_doActivateExtension formulahendry.auto-close-tag {"startup":true,"extensionId":{"value":"formulahendry.auto-close-tag","_lower":"formulahendry.auto-close-tag"},"activationEvent":"*"}
[2021-03-04 16:01:59.004] [exthost] [info] ExtensionService#loadCommonJSModule file:///home/samuelhawthorne5/.vscode/extensions/formulahendry.auto-close-tag-0.5.10/out/src/extension
[2021-03-04 16:01:59.009] [exthost] [info] ExtensionService#_doActivateExtension formulahendry.auto-rename-tag {"startup":true,"extensionId":{"value":"formulahendry.auto-rename-tag","_lower":"formulahendry.auto-rename-tag"},"activationEvent":"*"}
[2021-03-04 16:01:59.010] [exthost] [info] ExtensionService#loadCommonJSModule file:///home/samuelhawthorne5/.vscode/extensions/formulahendry.auto-rename-tag-0.1.6/packages/extension/dist/extensionMain.js
[2021-03-04 16:01:59.037] [exthost] [info] ExtensionService#_doActivateExtension HookyQR.beautify {"startup":true,"extensionId":{"value":"HookyQR.beautify","_lower":"hookyqr.beautify"},"activationEvent":"*"}
[2021-03-04 16:01:59.037] [exthost] [info] ExtensionService#loadCommonJSModule file:///home/samuelhawthorne5/.vscode/extensions/hookyqr.beautify-1.5.0/extension
[2021-03-04 16:01:59.218] [exthost] [info] ExtensionService#_doActivateExtension KnisterPeter.vscode-github {"startup":true,"extensionId":{"value":"KnisterPeter.vscode-github","_lower":"knisterpeter.vscode-github"},"activationEvent":"*"}
[2021-03-04 16:01:59.219] [exthost] [info] ExtensionService#loadCommonJSModule file:///home/samuelhawthorne5/.vscode/extensions/knisterpeter.vscode-github-0.30.4/out/src/main
[2021-03-04 16:02:00.223] [exthost] [info] ExtensionService#_doActivateExtension ritwickdey.LiveServer {"startup":true,"extensionId":{"value":"ritwickdey.LiveServer","_lower":"ritwickdey.liveserver"},"activationEvent":"*"}
[2021-03-04 16:02:00.223] [exthost] [info] ExtensionService#loadCommonJSModule file:///home/samuelhawthorne5/.vscode/extensions/ritwickdey.liveserver-5.6.1/out/src/extension
[2021-03-04 16:02:01.299] [exthost] [info] ExtensionService#_doActivateExtension sporiley.css-auto-prefix {"startup":true,"extensionId":{"value":"sporiley.css-auto-prefix","_lower":"sporiley.css-auto-prefix"},"activationEvent":"*"}
[2021-03-04 16:02:01.300] [exthost] [info] ExtensionService#loadCommonJSModule file:///home/samuelhawthorne5/.vscode/extensions/sporiley.css-auto-prefix-0.1.7/extension
[2021-03-04 16:02:08.568] [exthost] [info] ExtensionService#_doActivateExtension vscode.github-authentication {"startup":false,"extensionId":{"value":"vscode.github-authentication","_lower":"vscode.github-authentication"},"activationEvent":"onAuthenticationRequest:github"}
[2021-03-04 16:02:08.568] [exthost] [info] ExtensionService#loadCommonJSModule file:///usr/share/code/resources/app/extensions/github-authentication/dist/extension.js
[2021-03-04 16:02:10.051] [exthost] [info] ExtensionService#_doActivateExtension vscode.github {"startup":true,"extensionId":{"value":"vscode.github","_lower":"vscode.github"},"activationEvent":"*"}
[2021-03-04 16:02:10.052] [exthost] [info] ExtensionService#loadCommonJSModule file:///usr/share/code/resources/app/extensions/github/dist/extension.js
[2021-03-04 16:02:11.122] [exthost] [info] eager extensions activated
[2021-03-04 16:07:08.690] [exthost] [info] ExtensionService#_doActivateExtension vscode.html-language-features {"startup":false,"extensionId":{"value":"vscode.html-language-features","_lower":"vscode.html-language-features"},"activationEvent":"onLanguage:html"}
[2021-03-04 16:07:08.691] [exthost] [info] ExtensionService#loadCommonJSModule file:///usr/share/code/resources/app/extensions/html-language-features/client/dist/node/htmlClientMain
[2021-03-04 16:08:59.936] [exthost] [info] ExtensionService#_doActivateExtension vscode.configuration-editing {"startup":false,"extensionId":{"value":"vscode.configuration-editing","_lower":"vscode.configuration-editing"},"activationEvent":"onLanguage:jsonc"}
[2021-03-04 16:08:59.937] [exthost] [info] ExtensionService#loadCommonJSModule file:///usr/share/code/resources/app/extensions/configuration-editing/dist/configurationEditingMain
[2021-03-04 16:08:59.986] [exthost] [info] ExtensionService#_doActivateExtension vscode.json-language-features {"startup":false,"extensionId":{"value":"vscode.json-language-features","_lower":"vscode.json-language-features"},"activationEvent":"onLanguage:jsonc"}
[2021-03-04 16:08:59.986] [exthost] [info] ExtensionService#loadCommonJSModule file:///usr/share/code/resources/app/extensions/json-language-features/client/dist/node/jsonClientMain
[2021-03-04 16:09:00.082] [exthost] [info] ExtensionService#_doActivateExtension vscode.typescript-language-features {"startup":false,"extensionId":{"value":"vscode.typescript-language-features","_lower":"vscode.typescript-language-features"},"activationEvent":"onLanguage:jsonc"}
[2021-03-04 16:09:00.083] [exthost] [info] ExtensionService#loadCommonJSModule file:///usr/share/code/resources/app/extensions/typescript-language-features/dist/extension
[2021-03-04 16:09:16.726] [exthost] [error] [eamodio.gitlens] provider FAILED
[2021-03-04 16:09:16.727] [exthost] [error] Error: Command failed: /usr/bin/git -c core.quotepath=false -c color.ui=false -c log.showSignature=false log --format=%x3cr%x3e%x20%H -n2 -m -L 3,3:Restaurant Lily/index.html
fatal: There is no path Restaurant Lily/index.html in the commit

    at ChildProcess.exithandler (child_process.js:304:12)
    at ChildProcess.emit (events.js:223:5)
    at maybeClose (internal/child_process.js:1021:16)
    at Socket.<anonymous> (internal/child_process.js:430:11)
    at Socket.emit (events.js:223:5)
    at Pipe.<anonymous> (net.js:664:12)
[2021-03-04 16:09:18.644] [exthost] [error] [eamodio.gitlens] provider FAILED
[2021-03-04 16:09:18.644] [exthost] [error] Error: Command failed: /usr/bin/git -c core.quotepath=false -c color.ui=false -c log.showSignature=false log --format=%x3cr%x3e%x20%H -n2 -m -L 3,3:Restaurant Lily/index.html
fatal: There is no path Restaurant Lily/index.html in the commit

    at ChildProcess.exithandler (child_process.js:304:12)
    at ChildProcess.emit (events.js:223:5)
    at maybeClose (internal/child_process.js:1021:16)
    at Socket.<anonymous> (internal/child_process.js:430:11)
    at Socket.emit (events.js:223:5)
    at Pipe.<anonymous> (net.js:664:12)
[2021-03-04 16:09:19.046] [exthost] [error] [eamodio.gitlens] provider FAILED
[2021-03-04 16:09:19.046] [exthost] [error] Error: Command failed: /usr/bin/git -c core.quotepath=false -c color.ui=false -c log.showSignature=false log --format=%x3cr%x3e%x20%H -n2 -m -L 3,3:Restaurant Lily/index.html
fatal: There is no path Restaurant Lily/index.html in the commit

    at ChildProcess.exithandler (child_process.js:304:12)
    at ChildProcess.emit (events.js:223:5)
    at maybeClose (internal/child_process.js:1021:16)
    at Socket.<anonymous> (internal/child_process.js:430:11)
    at Socket.emit (events.js:223:5)
    at Pipe.<anonymous> (net.js:664:12)
[2021-03-04 16:09:19.424] [exthost] [error] [eamodio.gitlens] provider FAILED
[2021-03-04 16:09:19.427] [exthost] [error] Error: Command failed: /usr/bin/git -c core.quotepath=false -c color.ui=false -c log.showSignature=false log --format=%x3cr%x3e%x20%H -n2 -m -L 3,3:Restaurant Lily/index.html
fatal: There is no path Restaurant Lily/index.html in the commit

    at ChildProcess.exithandler (child_process.js:304:12)
    at ChildProcess.emit (events.js:223:5)
    at maybeClose (internal/child_process.js:1021:16)
    at Socket.<anonymous> (internal/child_process.js:430:11)
    at Socket.emit (events.js:223:5)
    at Pipe.<anonymous> (net.js:664:12)
[2021-03-06 13:38:37.084] [exthost] [error] [eamodio.gitlens] provider FAILED
[2021-03-06 13:38:37.084] [exthost] [error] Error: Command failed: /usr/bin/git -c core.quotepath=false -c color.ui=false -c log.showSignature=false log --format=%x3cr%x3e%x20%H -n2 -m -L 327,327:Restaurant Lily/lily.css
fatal: There is no path Restaurant Lily/lily.css in the commit

    at ChildProcess.exithandler (child_process.js:304:12)
    at ChildProcess.emit (events.js:223:5)
    at maybeClose (internal/child_process.js:1021:16)
    at Socket.<anonymous> (internal/child_process.js:430:11)
    at Socket.emit (events.js:223:5)
    at Pipe.<anonymous> (net.js:664:12)
