Looking for git in: git
Using git 2.20.1 from git
> git rev-parse --git-dir
Open repository: /home/samuelhawthorne5
> git status -z -u
> git symbolic-ref --short HEAD
> git rev-parse lily2021
> git rev-parse --symbolic-full-name lily2021@{u}
> git rev-list --left-right lily2021...refs/remotes/protect01/lily2021
> git for-each-ref --sort -committerdate --format %(refname) %(objectname)
> git remote --verbose
> git config --get commit.template
> git check-ignore -v -z --stdin
> git show --textconv :portfoliov3/index.html
> git ls-files --stage -- /home/samuelhawthorne5/portfoliov3/index.html
> git cat-file -s ecebc8873eea34a007d3d3d7f269127a2dd2dc1e
> git status -z -u
> git symbolic-ref --short HEAD
> git rev-parse lily2021
> git rev-parse --symbolic-full-name lily2021@{u}
> git rev-list --left-right lily2021...refs/remotes/protect01/lily2021
> git for-each-ref --sort -committerdate --format %(refname) %(objectname)
> git remote --verbose
> git config --get commit.template
> git status -z -u
> git symbolic-ref --short HEAD
> git rev-parse lily2021
> git rev-parse --symbolic-full-name lily2021@{u}
> git rev-list --left-right lily2021...refs/remotes/protect01/lily2021
> git for-each-ref --sort -committerdate --format %(refname) %(objectname)
> git remote --verbose
> git config --get commit.template
> git status -z -u
> git symbolic-ref --short HEAD
> git rev-parse lily2021
> git rev-parse --symbolic-full-name lily2021@{u}
> git rev-list --left-right lily2021...refs/remotes/protect01/lily2021
> git for-each-ref --sort -committerdate --format %(refname) %(objectname)
> git remote --verbose
> git config --get commit.template
> git show --textconv :portfoliov3/index.html
> git ls-files --stage -- /home/samuelhawthorne5/portfoliov3/index.html
> git cat-file -s ecebc8873eea34a007d3d3d7f269127a2dd2dc1e
> git status -z -u
> git symbolic-ref --short HEAD
> git rev-parse lily2021
> git rev-parse --symbolic-full-name lily2021@{u}
> git rev-list --left-right lily2021...refs/remotes/protect01/lily2021
> git for-each-ref --sort -committerdate --format %(refname) %(objectname)
> git remote --verbose
> git config --get commit.template
> git check-ignore -v -z --stdin
> git status -z -u
> git symbolic-ref --short HEAD
> git rev-parse lily2021
> git rev-parse --symbolic-full-name lily2021@{u}
> git rev-list --left-right lily2021...refs/remotes/protect01/lily2021
> git for-each-ref --sort -committerdate --format %(refname) %(objectname)
> git remote --verbose
> git config --get commit.template
> git check-ignore -v -z --stdin
> git show --textconv :game website/index.html
> git ls-files --stage -- /home/samuelhawthorne5/game website/index.html
> git status -z -u
> git symbolic-ref --short HEAD
> git rev-parse lily2021
> git rev-parse --symbolic-full-name lily2021@{u}
> git rev-list --left-right lily2021...refs/remotes/protect01/lily2021
> git for-each-ref --sort -committerdate --format %(refname) %(objectname)
> git remote --verbose
> git config --get commit.template
> git check-ignore -v -z --stdin
> git show --textconv :portfoliov3/index.html
> git ls-files --stage -- /home/samuelhawthorne5/portfoliov3/index.html
> git cat-file -s ecebc8873eea34a007d3d3d7f269127a2dd2dc1e
> git show --textconv :game website/index.html
> git ls-files --stage -- /home/samuelhawthorne5/game website/index.html
> git check-ignore -v -z --stdin
> git status -z -u
> git symbolic-ref --short HEAD
> git rev-parse lily2021
> git rev-parse --symbolic-full-name lily2021@{u}
> git rev-list --left-right lily2021...refs/remotes/protect01/lily2021
> git for-each-ref --sort -committerdate --format %(refname) %(objectname)
> git remote --verbose
> git config --get commit.template
