[2021-08-13 10:53:46.516] [renderer1] [warning] UNRESPONSIVE extension host, 'ritwickdey.LiveServer' took 94% of 1722.087ms, saved PROFILE here: '/tmp/exthost-87b928.cpuprofile' [{"id":"gc","total":12609,"percentage":1},{"id":"KnisterPeter.vscode-github","total":87,"percentage":0},{"id":"ms-vscode.js-debug","total":1430,"percentage":0},{"id":"program","total":64937,"percentage":4},{"id":"ritwickdey.LiveServer","total":1611548,"percentage":94},{"id":"self","total":30962,"percentage":2}]
[2021-08-14 21:24:08.413] [renderer1] [error] Invalid arguments: Error: Invalid arguments
    at new w (/usr/share/code/resources/app/out/vs/workbench/services/extensions/node/extensionHostProcess.js:512:610)
    at new w (/usr/share/code/resources/app/out/vs/workbench/services/extensions/node/extensionHostProcess.js:507:436)
    at get_range (/home/samuelhawthorne5/.vscode/extensions/sporiley.css-auto-prefix-0.1.7/extension.js:308:15)
    at update (/home/samuelhawthorne5/.vscode/extensions/sporiley.css-auto-prefix-0.1.7/extension.js:68:33)
    at l.fire (/usr/share/code/resources/app/out/vs/workbench/services/extensions/node/extensionHostProcess.js:45:821)
    at t.ExtHostEditors.$acceptEditorPropertiesChanged (/usr/share/code/resources/app/out/vs/workbench/services/extensions/node/extensionHostProcess.js:833:155)
    at m._doInvokeHandler (/usr/share/code/resources/app/out/vs/workbench/services/extensions/node/extensionHostProcess.js:870:464)
    at m._invokeHandler (/usr/share/code/resources/app/out/vs/workbench/services/extensions/node/extensionHostProcess.js:870:156)
    at m._receiveRequest (/usr/share/code/resources/app/out/vs/workbench/services/extensions/node/extensionHostProcess.js:868:817)
    at m._receiveOneMessage (/usr/share/code/resources/app/out/vs/workbench/services/extensions/node/extensionHostProcess.js:867:623)
    at /usr/share/code/resources/app/out/vs/workbench/services/extensions/node/extensionHostProcess.js:865:691
    at l.fire (/usr/share/code/resources/app/out/vs/workbench/services/extensions/node/extensionHostProcess.js:45:801)
    at v.fire (/usr/share/code/resources/app/out/vs/workbench/services/extensions/node/extensionHostProcess.js:256:381)
    at /usr/share/code/resources/app/out/vs/workbench/services/extensions/node/extensionHostProcess.js:1059:179
    at l.fire (/usr/share/code/resources/app/out/vs/workbench/services/extensions/node/extensionHostProcess.js:45:801)
    at v.fire (/usr/share/code/resources/app/out/vs/workbench/services/extensions/node/extensionHostProcess.js:256:381)
    at t.PersistentProtocol._receiveMessage (/usr/share/code/resources/app/out/vs/workbench/services/extensions/node/extensionHostProcess.js:261:451)
    at /usr/share/code/resources/app/out/vs/workbench/services/extensions/node/extensionHostProcess.js:258:489
    at l.fire (/usr/share/code/resources/app/out/vs/workbench/services/extensions/node/extensionHostProcess.js:45:801)
    at p.acceptChunk (/usr/share/code/resources/app/out/vs/workbench/services/extensions/node/extensionHostProcess.js:253:851)
    at /usr/share/code/resources/app/out/vs/workbench/services/extensions/node/extensionHostProcess.js:253:203
    at Socket.t (/usr/share/code/resources/app/out/vs/workbench/services/extensions/node/extensionHostProcess.js:263:54)
    at Socket.emit (events.js:223:5)
    at addChunk (_stream_readable.js:309:12)
    at readableAddChunk (_stream_readable.js:290:11)
    at Socket.Readable.push (_stream_readable.js:224:10)
    at Pipe.onStreamRead (internal/stream_base_commons.js:181:23)
[2021-08-14 21:24:09.762] [renderer1] [error] Invalid arguments: Error: Invalid arguments
    at new w (/usr/share/code/resources/app/out/vs/workbench/services/extensions/node/extensionHostProcess.js:512:610)
    at new w (/usr/share/code/resources/app/out/vs/workbench/services/extensions/node/extensionHostProcess.js:507:436)
    at get_range (/home/samuelhawthorne5/.vscode/extensions/sporiley.css-auto-prefix-0.1.7/extension.js:308:15)
    at update (/home/samuelhawthorne5/.vscode/extensions/sporiley.css-auto-prefix-0.1.7/extension.js:68:33)
    at l.fire (/usr/share/code/resources/app/out/vs/workbench/services/extensions/node/extensionHostProcess.js:45:821)
    at t.ExtHostEditors.$acceptEditorPropertiesChanged (/usr/share/code/resources/app/out/vs/workbench/services/extensions/node/extensionHostProcess.js:833:155)
    at m._doInvokeHandler (/usr/share/code/resources/app/out/vs/workbench/services/extensions/node/extensionHostProcess.js:870:464)
    at m._invokeHandler (/usr/share/code/resources/app/out/vs/workbench/services/extensions/node/extensionHostProcess.js:870:156)
    at m._receiveRequest (/usr/share/code/resources/app/out/vs/workbench/services/extensions/node/extensionHostProcess.js:868:817)
    at m._receiveOneMessage (/usr/share/code/resources/app/out/vs/workbench/services/extensions/node/extensionHostProcess.js:867:623)
    at /usr/share/code/resources/app/out/vs/workbench/services/extensions/node/extensionHostProcess.js:865:691
    at l.fire (/usr/share/code/resources/app/out/vs/workbench/services/extensions/node/extensionHostProcess.js:45:801)
    at v.fire (/usr/share/code/resources/app/out/vs/workbench/services/extensions/node/extensionHostProcess.js:256:381)
    at /usr/share/code/resources/app/out/vs/workbench/services/extensions/node/extensionHostProcess.js:1059:179
    at l.fire (/usr/share/code/resources/app/out/vs/workbench/services/extensions/node/extensionHostProcess.js:45:801)
    at v.fire (/usr/share/code/resources/app/out/vs/workbench/services/extensions/node/extensionHostProcess.js:256:381)
    at t.PersistentProtocol._receiveMessage (/usr/share/code/resources/app/out/vs/workbench/services/extensions/node/extensionHostProcess.js:261:451)
    at /usr/share/code/resources/app/out/vs/workbench/services/extensions/node/extensionHostProcess.js:258:489
    at l.fire (/usr/share/code/resources/app/out/vs/workbench/services/extensions/node/extensionHostProcess.js:45:801)
    at p.acceptChunk (/usr/share/code/resources/app/out/vs/workbench/services/extensions/node/extensionHostProcess.js:253:851)
    at /usr/share/code/resources/app/out/vs/workbench/services/extensions/node/extensionHostProcess.js:253:203
    at Socket.t (/usr/share/code/resources/app/out/vs/workbench/services/extensions/node/extensionHostProcess.js:263:54)
    at Socket.emit (events.js:223:5)
    at addChunk (_stream_readable.js:309:12)
    at readableAddChunk (_stream_readable.js:290:11)
    at Socket.Readable.push (_stream_readable.js:224:10)
    at Pipe.onStreamRead (internal/stream_base_commons.js:181:23)
[2021-08-14 21:24:10.862] [renderer1] [error] Invalid arguments: Error: Invalid arguments
    at new w (/usr/share/code/resources/app/out/vs/workbench/services/extensions/node/extensionHostProcess.js:512:610)
    at new w (/usr/share/code/resources/app/out/vs/workbench/services/extensions/node/extensionHostProcess.js:507:436)
    at get_range (/home/samuelhawthorne5/.vscode/extensions/sporiley.css-auto-prefix-0.1.7/extension.js:308:15)
    at update (/home/samuelhawthorne5/.vscode/extensions/sporiley.css-auto-prefix-0.1.7/extension.js:68:33)
    at l.fire (/usr/share/code/resources/app/out/vs/workbench/services/extensions/node/extensionHostProcess.js:45:821)
    at t.ExtHostEditors.$acceptEditorPropertiesChanged (/usr/share/code/resources/app/out/vs/workbench/services/extensions/node/extensionHostProcess.js:833:155)
    at m._doInvokeHandler (/usr/share/code/resources/app/out/vs/workbench/services/extensions/node/extensionHostProcess.js:870:464)
    at m._invokeHandler (/usr/share/code/resources/app/out/vs/workbench/services/extensions/node/extensionHostProcess.js:870:156)
    at m._receiveRequest (/usr/share/code/resources/app/out/vs/workbench/services/extensions/node/extensionHostProcess.js:868:817)
    at m._receiveOneMessage (/usr/share/code/resources/app/out/vs/workbench/services/extensions/node/extensionHostProcess.js:867:623)
    at /usr/share/code/resources/app/out/vs/workbench/services/extensions/node/extensionHostProcess.js:865:691
    at l.fire (/usr/share/code/resources/app/out/vs/workbench/services/extensions/node/extensionHostProcess.js:45:801)
    at v.fire (/usr/share/code/resources/app/out/vs/workbench/services/extensions/node/extensionHostProcess.js:256:381)
    at /usr/share/code/resources/app/out/vs/workbench/services/extensions/node/extensionHostProcess.js:1059:179
    at l.fire (/usr/share/code/resources/app/out/vs/workbench/services/extensions/node/extensionHostProcess.js:45:801)
    at v.fire (/usr/share/code/resources/app/out/vs/workbench/services/extensions/node/extensionHostProcess.js:256:381)
    at t.PersistentProtocol._receiveMessage (/usr/share/code/resources/app/out/vs/workbench/services/extensions/node/extensionHostProcess.js:261:451)
    at /usr/share/code/resources/app/out/vs/workbench/services/extensions/node/extensionHostProcess.js:258:489
    at l.fire (/usr/share/code/resources/app/out/vs/workbench/services/extensions/node/extensionHostProcess.js:45:801)
    at p.acceptChunk (/usr/share/code/resources/app/out/vs/workbench/services/extensions/node/extensionHostProcess.js:253:851)
    at /usr/share/code/resources/app/out/vs/workbench/services/extensions/node/extensionHostProcess.js:253:203
    at Socket.t (/usr/share/code/resources/app/out/vs/workbench/services/extensions/node/extensionHostProcess.js:263:54)
    at Socket.emit (events.js:223:5)
    at addChunk (_stream_readable.js:309:12)
    at readableAddChunk (_stream_readable.js:290:11)
    at Socket.Readable.push (_stream_readable.js:224:10)
    at Pipe.onStreamRead (internal/stream_base_commons.js:181:23)
[2021-08-14 21:24:12.140] [renderer1] [error] Invalid arguments: Error: Invalid arguments
    at new w (/usr/share/code/resources/app/out/vs/workbench/services/extensions/node/extensionHostProcess.js:512:610)
    at new w (/usr/share/code/resources/app/out/vs/workbench/services/extensions/node/extensionHostProcess.js:507:436)
    at get_range (/home/samuelhawthorne5/.vscode/extensions/sporiley.css-auto-prefix-0.1.7/extension.js:308:15)
    at update (/home/samuelhawthorne5/.vscode/extensions/sporiley.css-auto-prefix-0.1.7/extension.js:68:33)
    at l.fire (/usr/share/code/resources/app/out/vs/workbench/services/extensions/node/extensionHostProcess.js:45:821)
    at t.ExtHostEditors.$acceptEditorPropertiesChanged (/usr/share/code/resources/app/out/vs/workbench/services/extensions/node/extensionHostProcess.js:833:155)
    at m._doInvokeHandler (/usr/share/code/resources/app/out/vs/workbench/services/extensions/node/extensionHostProcess.js:870:464)
    at m._invokeHandler (/usr/share/code/resources/app/out/vs/workbench/services/extensions/node/extensionHostProcess.js:870:156)
    at m._receiveRequest (/usr/share/code/resources/app/out/vs/workbench/services/extensions/node/extensionHostProcess.js:868:817)
    at m._receiveOneMessage (/usr/share/code/resources/app/out/vs/workbench/services/extensions/node/extensionHostProcess.js:867:623)
    at /usr/share/code/resources/app/out/vs/workbench/services/extensions/node/extensionHostProcess.js:865:691
    at l.fire (/usr/share/code/resources/app/out/vs/workbench/services/extensions/node/extensionHostProcess.js:45:801)
    at v.fire (/usr/share/code/resources/app/out/vs/workbench/services/extensions/node/extensionHostProcess.js:256:381)
    at /usr/share/code/resources/app/out/vs/workbench/services/extensions/node/extensionHostProcess.js:1059:179
    at l.fire (/usr/share/code/resources/app/out/vs/workbench/services/extensions/node/extensionHostProcess.js:45:801)
    at v.fire (/usr/share/code/resources/app/out/vs/workbench/services/extensions/node/extensionHostProcess.js:256:381)
    at t.PersistentProtocol._receiveMessage (/usr/share/code/resources/app/out/vs/workbench/services/extensions/node/extensionHostProcess.js:261:451)
    at /usr/share/code/resources/app/out/vs/workbench/services/extensions/node/extensionHostProcess.js:258:489
    at l.fire (/usr/share/code/resources/app/out/vs/workbench/services/extensions/node/extensionHostProcess.js:45:801)
    at p.acceptChunk (/usr/share/code/resources/app/out/vs/workbench/services/extensions/node/extensionHostProcess.js:253:851)
    at /usr/share/code/resources/app/out/vs/workbench/services/extensions/node/extensionHostProcess.js:253:203
    at Socket.t (/usr/share/code/resources/app/out/vs/workbench/services/extensions/node/extensionHostProcess.js:263:54)
    at Socket.emit (events.js:223:5)
    at addChunk (_stream_readable.js:309:12)
    at readableAddChunk (_stream_readable.js:290:11)
    at Socket.Readable.push (_stream_readable.js:224:10)
    at Pipe.onStreamRead (internal/stream_base_commons.js:181:23)
