[2022-04-02 14:14:06.411] [renderer1] [error] Illegal argument: character must be non-negative: Error: Illegal argument: character must be non-negative
	at Object.t.illegalArgument (/usr/share/code/resources/app/out/vs/workbench/services/extensions/node/extensionHostProcess.js:10:662)
	at new _ (/usr/share/code/resources/app/out/vs/workbench/services/extensions/node/extensionHostProcess.js:509:424)
	at new _ (/usr/share/code/resources/app/out/vs/workbench/services/extensions/node/extensionHostProcess.js:507:436)
	at f (/usr/share/code/resources/app/extensions/html-language-features/client/dist/node/htmlClientMain.js:1:201708)
	at g (/usr/share/code/resources/app/extensions/html-language-features/client/dist/node/htmlClientMain.js:1:201781)
	at _ (/usr/share/code/resources/app/extensions/html-language-features/client/dist/node/htmlClientMain.js:1:204081)
	at /usr/share/code/resources/app/extensions/html-language-features/client/dist/node/htmlClientMain.js:1:203069
	at C (/usr/share/code/resources/app/extensions/html-language-features/client/dist/node/htmlClientMain.js:1:203249)
	at Array.map (<anonymous>)
	at asCompletionResult (/usr/share/code/resources/app/extensions/html-language-features/client/dist/node/htmlClientMain.js:1:209654)
	at async U.provideCompletionItems (/usr/share/code/resources/app/out/vs/workbench/services/extensions/node/extensionHostProcess.js:744:6)
[2022-04-02 14:14:06.719] [renderer1] [error] Illegal argument: character must be non-negative: Error: Illegal argument: character must be non-negative
	at Object.t.illegalArgument (/usr/share/code/resources/app/out/vs/workbench/services/extensions/node/extensionHostProcess.js:10:662)
	at new _ (/usr/share/code/resources/app/out/vs/workbench/services/extensions/node/extensionHostProcess.js:509:424)
	at new _ (/usr/share/code/resources/app/out/vs/workbench/services/extensions/node/extensionHostProcess.js:507:436)
	at f (/usr/share/code/resources/app/extensions/html-language-features/client/dist/node/htmlClientMain.js:1:201708)
	at g (/usr/share/code/resources/app/extensions/html-language-features/client/dist/node/htmlClientMain.js:1:201781)
	at _ (/usr/share/code/resources/app/extensions/html-language-features/client/dist/node/htmlClientMain.js:1:204081)
	at /usr/share/code/resources/app/extensions/html-language-features/client/dist/node/htmlClientMain.js:1:203069
	at C (/usr/share/code/resources/app/extensions/html-language-features/client/dist/node/htmlClientMain.js:1:203249)
	at Array.map (<anonymous>)
	at asCompletionResult (/usr/share/code/resources/app/extensions/html-language-features/client/dist/node/htmlClientMain.js:1:209654)
	at runNextTicks (internal/process/task_queues.js:59:5)
	at processImmediate (internal/timers.js:412:9)
	at async U.provideCompletionItems (/usr/share/code/resources/app/out/vs/workbench/services/extensions/node/extensionHostProcess.js:744:6)
[2022-04-02 14:14:06.976] [renderer1] [error] Illegal argument: character must be non-negative: Error: Illegal argument: character must be non-negative
	at Object.t.illegalArgument (/usr/share/code/resources/app/out/vs/workbench/services/extensions/node/extensionHostProcess.js:10:662)
	at new _ (/usr/share/code/resources/app/out/vs/workbench/services/extensions/node/extensionHostProcess.js:509:424)
	at new _ (/usr/share/code/resources/app/out/vs/workbench/services/extensions/node/extensionHostProcess.js:507:436)
	at f (/usr/share/code/resources/app/extensions/html-language-features/client/dist/node/htmlClientMain.js:1:201708)
	at g (/usr/share/code/resources/app/extensions/html-language-features/client/dist/node/htmlClientMain.js:1:201781)
	at _ (/usr/share/code/resources/app/extensions/html-language-features/client/dist/node/htmlClientMain.js:1:204081)
	at /usr/share/code/resources/app/extensions/html-language-features/client/dist/node/htmlClientMain.js:1:203069
	at C (/usr/share/code/resources/app/extensions/html-language-features/client/dist/node/htmlClientMain.js:1:203249)
	at Array.map (<anonymous>)
	at asCompletionResult (/usr/share/code/resources/app/extensions/html-language-features/client/dist/node/htmlClientMain.js:1:209654)
	at async U.provideCompletionItems (/usr/share/code/resources/app/out/vs/workbench/services/extensions/node/extensionHostProcess.js:744:6)
[2022-04-02 14:14:08.727] [renderer1] [error] Illegal argument: character must be non-negative: Error: Illegal argument: character must be non-negative
	at Object.t.illegalArgument (/usr/share/code/resources/app/out/vs/workbench/services/extensions/node/extensionHostProcess.js:10:662)
	at new _ (/usr/share/code/resources/app/out/vs/workbench/services/extensions/node/extensionHostProcess.js:509:424)
	at new _ (/usr/share/code/resources/app/out/vs/workbench/services/extensions/node/extensionHostProcess.js:507:436)
	at f (/usr/share/code/resources/app/extensions/html-language-features/client/dist/node/htmlClientMain.js:1:201708)
	at g (/usr/share/code/resources/app/extensions/html-language-features/client/dist/node/htmlClientMain.js:1:201781)
	at _ (/usr/share/code/resources/app/extensions/html-language-features/client/dist/node/htmlClientMain.js:1:204081)
	at /usr/share/code/resources/app/extensions/html-language-features/client/dist/node/htmlClientMain.js:1:203069
	at C (/usr/share/code/resources/app/extensions/html-language-features/client/dist/node/htmlClientMain.js:1:203249)
	at Array.map (<anonymous>)
	at asCompletionResult (/usr/share/code/resources/app/extensions/html-language-features/client/dist/node/htmlClientMain.js:1:209654)
	at async U.provideCompletionItems (/usr/share/code/resources/app/out/vs/workbench/services/extensions/node/extensionHostProcess.js:744:6)
