Looking for git in: git
Using git 2.20.1 from git
> git rev-parse --git-dir
Open repository: /home/samuelhawthorne5
> git status -z -u
> git symbolic-ref --short HEAD
> git log --format=%H%n%aN%n%aE%n%at%n%ct%n%P%n%B -z -n21 -- /home/samuelhawthorne5/game website/index.html
> git log --format=%H%n%aN%n%aE%n%at%n%ct%n%P%n%B -z -n41 -- /home/samuelhawthorne5/game website/index.html
> git rev-parse lily2021
> git rev-parse --symbolic-full-name lily2021@{u}
> git rev-list --left-right lily2021...refs/remotes/protect01/lily2021
> git for-each-ref --sort -committerdate --format %(refname) %(objectname)
> git remote --verbose
> git check-ignore -v -z --stdin
> git config --get commit.template
> git show --textconv :game website/index.html
> git ls-files --stage -- /home/samuelhawthorne5/game website/index.html
> git cat-file -s e5ef70ba43cdcb6bf81998c04bc4cb7bc932ec84
> git rev-list --count 2b9d909bb267123d1d903d5839a20c631c633d38.. -- /home/samuelhawthorne5/game website/index.html
> git log --format=%H%n%aN%n%aE%n%at%n%ct%n%P%n%B -z -n5 -- /home/samuelhawthorne5/game website/index.html
> git log --format=%H%n%aN%n%aE%n%at%n%ct%n%P%n%B -z -n21 -- /home/samuelhawthorne5/game website/style.css
> git show --textconv :game website/style.css
> git ls-files --stage -- /home/samuelhawthorne5/game website/style.css
> git cat-file -s 70e1cd9a5bd1b5ff474847e06d759f9950b542c5
> git status -z -u
> git symbolic-ref --short HEAD
> git rev-parse lily2021
> git rev-parse --symbolic-full-name lily2021@{u}
> git rev-list --left-right lily2021...refs/remotes/protect01/lily2021
> git for-each-ref --sort -committerdate --format %(refname) %(objectname)
> git remote --verbose
> git config --get commit.template
> git rev-list --count a5b27943563afb0161cef4efad8732bf444d84d0.. -- /home/samuelhawthorne5/game website/style.css
> git log --format=%H%n%aN%n%aE%n%at%n%ct%n%P%n%B -z -n4 -- /home/samuelhawthorne5/game website/style.css
> git status -z -u
> git symbolic-ref --short HEAD
> git rev-parse lily2021
> git rev-parse --symbolic-full-name lily2021@{u}
> git rev-list --left-right lily2021...refs/remotes/protect01/lily2021
> git for-each-ref --sort -committerdate --format %(refname) %(objectname)
> git remote --verbose
> git config --get commit.template
> git rev-list --count a5b27943563afb0161cef4efad8732bf444d84d0.. -- /home/samuelhawthorne5/game website/style.css
> git log --format=%H%n%aN%n%aE%n%at%n%ct%n%P%n%B -z -n4 -- /home/samuelhawthorne5/game website/style.css
> git status -z -u
> git symbolic-ref --short HEAD
> git rev-parse lily2021
> git rev-parse --symbolic-full-name lily2021@{u}
> git rev-list --left-right lily2021...refs/remotes/protect01/lily2021
> git for-each-ref --sort -committerdate --format %(refname) %(objectname)
> git remote --verbose
> git config --get commit.template
> git rev-list --count a5b27943563afb0161cef4efad8732bf444d84d0.. -- /home/samuelhawthorne5/game website/style.css
> git log --format=%H%n%aN%n%aE%n%at%n%ct%n%P%n%B -z -n4 -- /home/samuelhawthorne5/game website/style.css
> git status -z -u
> git symbolic-ref --short HEAD
> git rev-parse lily2021
> git rev-parse --symbolic-full-name lily2021@{u}
> git rev-list --left-right lily2021...refs/remotes/protect01/lily2021
> git for-each-ref --sort -committerdate --format %(refname) %(objectname)
> git remote --verbose
> git config --get commit.template
> git rev-list --count a5b27943563afb0161cef4efad8732bf444d84d0.. -- /home/samuelhawthorne5/game website/style.css
> git log --format=%H%n%aN%n%aE%n%at%n%ct%n%P%n%B -z -n4 -- /home/samuelhawthorne5/game website/style.css
> git log --format=%H%n%aN%n%aE%n%at%n%ct%n%P%n%B -z -n21 -- /home/samuelhawthorne5/game website/index.html
> git show --textconv :game website/index.html
> git ls-files --stage -- /home/samuelhawthorne5/game website/index.html
> git cat-file -s e5ef70ba43cdcb6bf81998c04bc4cb7bc932ec84
> git status -z -u
> git symbolic-ref --short HEAD
> git rev-parse lily2021
> git rev-parse --symbolic-full-name lily2021@{u}
> git rev-list --left-right lily2021...refs/remotes/protect01/lily2021
> git for-each-ref --sort -committerdate --format %(refname) %(objectname)
> git remote --verbose
> git config --get commit.template
> git rev-list --count 2b9d909bb267123d1d903d5839a20c631c633d38.. -- /home/samuelhawthorne5/game website/index.html
> git log --format=%H%n%aN%n%aE%n%at%n%ct%n%P%n%B -z -n5 -- /home/samuelhawthorne5/game website/index.html
> git status -z -u
> git symbolic-ref --short HEAD
> git rev-parse lily2021
> git rev-parse --symbolic-full-name lily2021@{u}
> git rev-list --left-right lily2021...refs/remotes/protect01/lily2021
> git for-each-ref --sort -committerdate --format %(refname) %(objectname)
> git remote --verbose
> git config --get commit.template
> git rev-list --count 2b9d909bb267123d1d903d5839a20c631c633d38.. -- /home/samuelhawthorne5/game website/index.html
> git log --format=%H%n%aN%n%aE%n%at%n%ct%n%P%n%B -z -n5 -- /home/samuelhawthorne5/game website/index.html
> git status -z -u
> git symbolic-ref --short HEAD
> git rev-parse lily2021
> git rev-parse --symbolic-full-name lily2021@{u}
> git rev-list --left-right lily2021...refs/remotes/protect01/lily2021
> git for-each-ref --sort -committerdate --format %(refname) %(objectname)
> git remote --verbose
> git config --get commit.template
> git rev-list --count 2b9d909bb267123d1d903d5839a20c631c633d38.. -- /home/samuelhawthorne5/game website/index.html
> git log --format=%H%n%aN%n%aE%n%at%n%ct%n%P%n%B -z -n5 -- /home/samuelhawthorne5/game website/index.html
> git status -z -u
> git symbolic-ref --short HEAD
> git rev-parse lily2021
> git rev-parse --symbolic-full-name lily2021@{u}
> git rev-list --left-right lily2021...refs/remotes/protect01/lily2021
> git for-each-ref --sort -committerdate --format %(refname) %(objectname)
> git remote --verbose
> git config --get commit.template
> git rev-list --count 2b9d909bb267123d1d903d5839a20c631c633d38.. -- /home/samuelhawthorne5/game website/index.html
> git log --format=%H%n%aN%n%aE%n%at%n%ct%n%P%n%B -z -n5 -- /home/samuelhawthorne5/game website/index.html
> git status -z -u
> git symbolic-ref --short HEAD
> git rev-parse lily2021
> git rev-parse --symbolic-full-name lily2021@{u}
> git rev-list --left-right lily2021...refs/remotes/protect01/lily2021
> git for-each-ref --sort -committerdate --format %(refname) %(objectname)
> git remote --verbose
> git config --get commit.template
> git rev-list --count 2b9d909bb267123d1d903d5839a20c631c633d38.. -- /home/samuelhawthorne5/game website/index.html
> git log --format=%H%n%aN%n%aE%n%at%n%ct%n%P%n%B -z -n5 -- /home/samuelhawthorne5/game website/index.html
> git log --format=%H%n%aN%n%aE%n%at%n%ct%n%P%n%B -z -n21 -- /home/samuelhawthorne5/game website/style.css
> git show --textconv :game website/style.css
> git ls-files --stage -- /home/samuelhawthorne5/game website/style.css
> git cat-file -s 70e1cd9a5bd1b5ff474847e06d759f9950b542c5
> git status -z -u
> git symbolic-ref --short HEAD
> git rev-parse lily2021
> git rev-parse --symbolic-full-name lily2021@{u}
> git rev-list --left-right lily2021...refs/remotes/protect01/lily2021
> git for-each-ref --sort -committerdate --format %(refname) %(objectname)
> git remote --verbose
> git config --get commit.template
> git rev-list --count a5b27943563afb0161cef4efad8732bf444d84d0.. -- /home/samuelhawthorne5/game website/style.css
> git log --format=%H%n%aN%n%aE%n%at%n%ct%n%P%n%B -z -n4 -- /home/samuelhawthorne5/game website/style.css
> git status -z -u
> git symbolic-ref --short HEAD
> git rev-parse lily2021
> git rev-parse --symbolic-full-name lily2021@{u}
> git rev-list --left-right lily2021...refs/remotes/protect01/lily2021
> git for-each-ref --sort -committerdate --format %(refname) %(objectname)
> git remote --verbose
> git config --get commit.template
> git rev-list --count a5b27943563afb0161cef4efad8732bf444d84d0.. -- /home/samuelhawthorne5/game website/style.css
> git log --format=%H%n%aN%n%aE%n%at%n%ct%n%P%n%B -z -n4 -- /home/samuelhawthorne5/game website/style.css
> git status -z -u
> git symbolic-ref --short HEAD
> git rev-parse lily2021
> git rev-parse --symbolic-full-name lily2021@{u}
> git rev-list --left-right lily2021...refs/remotes/protect01/lily2021
> git for-each-ref --sort -committerdate --format %(refname) %(objectname)
> git remote --verbose
> git config --get commit.template
> git rev-list --count a5b27943563afb0161cef4efad8732bf444d84d0.. -- /home/samuelhawthorne5/game website/style.css
> git log --format=%H%n%aN%n%aE%n%at%n%ct%n%P%n%B -z -n4 -- /home/samuelhawthorne5/game website/style.css
> git status -z -u
> git symbolic-ref --short HEAD
> git rev-parse lily2021
> git rev-parse --symbolic-full-name lily2021@{u}
> git rev-list --left-right lily2021...refs/remotes/protect01/lily2021
> git for-each-ref --sort -committerdate --format %(refname) %(objectname)
> git remote --verbose
> git config --get commit.template
> git rev-list --count a5b27943563afb0161cef4efad8732bf444d84d0.. -- /home/samuelhawthorne5/game website/style.css
> git log --format=%H%n%aN%n%aE%n%at%n%ct%n%P%n%B -z -n4 -- /home/samuelhawthorne5/game website/style.css
> git status -z -u
> git symbolic-ref --short HEAD
> git rev-parse lily2021
> git rev-parse --symbolic-full-name lily2021@{u}
> git rev-list --left-right lily2021...refs/remotes/protect01/lily2021
> git for-each-ref --sort -committerdate --format %(refname) %(objectname)
> git remote --verbose
> git config --get commit.template
> git rev-list --count a5b27943563afb0161cef4efad8732bf444d84d0.. -- /home/samuelhawthorne5/game website/style.css
> git log --format=%H%n%aN%n%aE%n%at%n%ct%n%P%n%B -z -n4 -- /home/samuelhawthorne5/game website/style.css
> git status -z -u
> git symbolic-ref --short HEAD
> git rev-parse lily2021
> git rev-parse --symbolic-full-name lily2021@{u}
> git rev-list --left-right lily2021...refs/remotes/protect01/lily2021
> git for-each-ref --sort -committerdate --format %(refname) %(objectname)
> git remote --verbose
> git config --get commit.template
> git rev-list --count a5b27943563afb0161cef4efad8732bf444d84d0.. -- /home/samuelhawthorne5/game website/style.css
> git log --format=%H%n%aN%n%aE%n%at%n%ct%n%P%n%B -z -n4 -- /home/samuelhawthorne5/game website/style.css
> git log --format=%H%n%aN%n%aE%n%at%n%ct%n%P%n%B -z -n21 -- /home/samuelhawthorne5/game website/index.html
> git status -z -u
> git symbolic-ref --short HEAD
> git show --textconv :game website/index.html
> git ls-files --stage -- /home/samuelhawthorne5/game website/index.html
> git rev-parse lily2021
> git cat-file -s e5ef70ba43cdcb6bf81998c04bc4cb7bc932ec84
> git rev-parse --symbolic-full-name lily2021@{u}
> git rev-list --left-right lily2021...refs/remotes/protect01/lily2021
> git for-each-ref --sort -committerdate --format %(refname) %(objectname)
> git remote --verbose
> git config --get commit.template
> git rev-list --count 2b9d909bb267123d1d903d5839a20c631c633d38.. -- /home/samuelhawthorne5/game website/index.html
> git log --format=%H%n%aN%n%aE%n%at%n%ct%n%P%n%B -z -n5 -- /home/samuelhawthorne5/game website/index.html
> git status -z -u
> git symbolic-ref --short HEAD
> git rev-parse lily2021
> git rev-parse --symbolic-full-name lily2021@{u}
> git rev-list --left-right lily2021...refs/remotes/protect01/lily2021
> git for-each-ref --sort -committerdate --format %(refname) %(objectname)
> git remote --verbose
> git config --get commit.template
> git rev-list --count 2b9d909bb267123d1d903d5839a20c631c633d38.. -- /home/samuelhawthorne5/game website/index.html
> git log --format=%H%n%aN%n%aE%n%at%n%ct%n%P%n%B -z -n5 -- /home/samuelhawthorne5/game website/index.html
> git status -z -u
> git symbolic-ref --short HEAD
> git rev-parse lily2021
> git rev-parse --symbolic-full-name lily2021@{u}
> git rev-list --left-right lily2021...refs/remotes/protect01/lily2021
> git for-each-ref --sort -committerdate --format %(refname) %(objectname)
> git remote --verbose
> git config --get commit.template
> git rev-list --count 2b9d909bb267123d1d903d5839a20c631c633d38.. -- /home/samuelhawthorne5/game website/index.html
> git log --format=%H%n%aN%n%aE%n%at%n%ct%n%P%n%B -z -n5 -- /home/samuelhawthorne5/game website/index.html
> git status -z -u
> git symbolic-ref --short HEAD
> git rev-parse lily2021
> git rev-parse --symbolic-full-name lily2021@{u}
> git rev-list --left-right lily2021...refs/remotes/protect01/lily2021
> git for-each-ref --sort -committerdate --format %(refname) %(objectname)
> git remote --verbose
> git config --get commit.template
> git rev-list --count 2b9d909bb267123d1d903d5839a20c631c633d38.. -- /home/samuelhawthorne5/game website/index.html
> git log --format=%H%n%aN%n%aE%n%at%n%ct%n%P%n%B -z -n5 -- /home/samuelhawthorne5/game website/index.html
> git status -z -u
> git symbolic-ref --short HEAD
> git rev-parse lily2021
> git rev-parse --symbolic-full-name lily2021@{u}
> git rev-list --left-right lily2021...refs/remotes/protect01/lily2021
> git for-each-ref --sort -committerdate --format %(refname) %(objectname)
> git remote --verbose
> git config --get commit.template
> git rev-list --count 2b9d909bb267123d1d903d5839a20c631c633d38.. -- /home/samuelhawthorne5/game website/index.html
> git log --format=%H%n%aN%n%aE%n%at%n%ct%n%P%n%B -z -n5 -- /home/samuelhawthorne5/game website/index.html
> git status -z -u
> git symbolic-ref --short HEAD
> git rev-parse lily2021
> git rev-parse --symbolic-full-name lily2021@{u}
> git rev-list --left-right lily2021...refs/remotes/protect01/lily2021
> git for-each-ref --sort -committerdate --format %(refname) %(objectname)
> git remote --verbose
> git config --get commit.template
> git rev-list --count 2b9d909bb267123d1d903d5839a20c631c633d38.. -- /home/samuelhawthorne5/game website/index.html
> git log --format=%H%n%aN%n%aE%n%at%n%ct%n%P%n%B -z -n5 -- /home/samuelhawthorne5/game website/index.html
> git status -z -u
> git symbolic-ref --short HEAD
> git rev-parse lily2021
> git rev-parse --symbolic-full-name lily2021@{u}
> git rev-list --left-right lily2021...refs/remotes/protect01/lily2021
> git for-each-ref --sort -committerdate --format %(refname) %(objectname)
> git remote --verbose
> git config --get commit.template
> git rev-list --count 2b9d909bb267123d1d903d5839a20c631c633d38.. -- /home/samuelhawthorne5/game website/index.html
> git log --format=%H%n%aN%n%aE%n%at%n%ct%n%P%n%B -z -n5 -- /home/samuelhawthorne5/game website/index.html
> git status -z -u
> git symbolic-ref --short HEAD
> git rev-parse lily2021
> git rev-parse --symbolic-full-name lily2021@{u}
> git rev-list --left-right lily2021...refs/remotes/protect01/lily2021
> git for-each-ref --sort -committerdate --format %(refname) %(objectname)
> git remote --verbose
> git config --get commit.template
> git rev-list --count 2b9d909bb267123d1d903d5839a20c631c633d38.. -- /home/samuelhawthorne5/game website/index.html
> git log --format=%H%n%aN%n%aE%n%at%n%ct%n%P%n%B -z -n5 -- /home/samuelhawthorne5/game website/index.html
> git log --format=%H%n%aN%n%aE%n%at%n%ct%n%P%n%B -z -n21 -- /home/samuelhawthorne5/game website/style.css
> git show --textconv :game website/style.css
> git ls-files --stage -- /home/samuelhawthorne5/game website/style.css
> git cat-file -s 70e1cd9a5bd1b5ff474847e06d759f9950b542c5
> git status -z -u
> git symbolic-ref --short HEAD
> git rev-parse lily2021
> git rev-parse --symbolic-full-name lily2021@{u}
> git rev-list --left-right lily2021...refs/remotes/protect01/lily2021
> git for-each-ref --sort -committerdate --format %(refname) %(objectname)
> git remote --verbose
> git config --get commit.template
> git rev-list --count a5b27943563afb0161cef4efad8732bf444d84d0.. -- /home/samuelhawthorne5/game website/style.css
> git log --format=%H%n%aN%n%aE%n%at%n%ct%n%P%n%B -z -n4 -- /home/samuelhawthorne5/game website/style.css
> git status -z -u
> git symbolic-ref --short HEAD
> git rev-parse lily2021
> git rev-parse --symbolic-full-name lily2021@{u}
> git rev-list --left-right lily2021...refs/remotes/protect01/lily2021
> git for-each-ref --sort -committerdate --format %(refname) %(objectname)
> git remote --verbose
> git config --get commit.template
> git rev-list --count a5b27943563afb0161cef4efad8732bf444d84d0.. -- /home/samuelhawthorne5/game website/style.css
> git log --format=%H%n%aN%n%aE%n%at%n%ct%n%P%n%B -z -n4 -- /home/samuelhawthorne5/game website/style.css
> git status -z -u
> git symbolic-ref --short HEAD
> git rev-parse lily2021
> git rev-parse --symbolic-full-name lily2021@{u}
> git rev-list --left-right lily2021...refs/remotes/protect01/lily2021
> git for-each-ref --sort -committerdate --format %(refname) %(objectname)
> git remote --verbose
> git config --get commit.template
> git rev-list --count a5b27943563afb0161cef4efad8732bf444d84d0.. -- /home/samuelhawthorne5/game website/style.css
> git log --format=%H%n%aN%n%aE%n%at%n%ct%n%P%n%B -z -n4 -- /home/samuelhawthorne5/game website/style.css
> git status -z -u
> git symbolic-ref --short HEAD
> git rev-parse lily2021
> git rev-parse --symbolic-full-name lily2021@{u}
> git rev-list --left-right lily2021...refs/remotes/protect01/lily2021
> git for-each-ref --sort -committerdate --format %(refname) %(objectname)
> git remote --verbose
> git config --get commit.template
> git rev-list --count a5b27943563afb0161cef4efad8732bf444d84d0.. -- /home/samuelhawthorne5/game website/style.css
> git log --format=%H%n%aN%n%aE%n%at%n%ct%n%P%n%B -z -n4 -- /home/samuelhawthorne5/game website/style.css
> git log --format=%H%n%aN%n%aE%n%at%n%ct%n%P%n%B -z -n21 -- /home/samuelhawthorne5/game website/index.html
> git show --textconv :game website/index.html
> git ls-files --stage -- /home/samuelhawthorne5/game website/index.html
> git cat-file -s e5ef70ba43cdcb6bf81998c04bc4cb7bc932ec84
> git status -z -u
> git symbolic-ref --short HEAD
> git rev-parse lily2021
> git rev-parse --symbolic-full-name lily2021@{u}
> git rev-list --left-right lily2021...refs/remotes/protect01/lily2021
> git for-each-ref --sort -committerdate --format %(refname) %(objectname)
> git remote --verbose
> git config --get commit.template
> git rev-list --count 2b9d909bb267123d1d903d5839a20c631c633d38.. -- /home/samuelhawthorne5/game website/index.html
> git log --format=%H%n%aN%n%aE%n%at%n%ct%n%P%n%B -z -n5 -- /home/samuelhawthorne5/game website/index.html
> git log --format=%H%n%aN%n%aE%n%at%n%ct%n%P%n%B -z -n21 -- /home/samuelhawthorne5/game website/style.css
> git show --textconv :game website/style.css
> git ls-files --stage -- /home/samuelhawthorne5/game website/style.css
> git cat-file -s 70e1cd9a5bd1b5ff474847e06d759f9950b542c5
> git status -z -u
> git symbolic-ref --short HEAD
> git rev-parse lily2021
> git rev-parse --symbolic-full-name lily2021@{u}
> git rev-list --left-right lily2021...refs/remotes/protect01/lily2021
> git for-each-ref --sort -committerdate --format %(refname) %(objectname)
> git remote --verbose
> git config --get commit.template
> git rev-list --count a5b27943563afb0161cef4efad8732bf444d84d0.. -- /home/samuelhawthorne5/game website/style.css
> git log --format=%H%n%aN%n%aE%n%at%n%ct%n%P%n%B -z -n4 -- /home/samuelhawthorne5/game website/style.css
> git status -z -u
> git symbolic-ref --short HEAD
> git rev-parse lily2021
> git rev-parse --symbolic-full-name lily2021@{u}
> git rev-list --left-right lily2021...refs/remotes/protect01/lily2021
> git for-each-ref --sort -committerdate --format %(refname) %(objectname)
> git remote --verbose
> git config --get commit.template
> git rev-list --count a5b27943563afb0161cef4efad8732bf444d84d0.. -- /home/samuelhawthorne5/game website/style.css
> git log --format=%H%n%aN%n%aE%n%at%n%ct%n%P%n%B -z -n4 -- /home/samuelhawthorne5/game website/style.css
> git status -z -u
> git symbolic-ref --short HEAD
> git rev-parse lily2021
> git rev-parse --symbolic-full-name lily2021@{u}
> git rev-list --left-right lily2021...refs/remotes/protect01/lily2021
> git for-each-ref --sort -committerdate --format %(refname) %(objectname)
> git remote --verbose
> git config --get commit.template
> git rev-list --count a5b27943563afb0161cef4efad8732bf444d84d0.. -- /home/samuelhawthorne5/game website/style.css
> git log --format=%H%n%aN%n%aE%n%at%n%ct%n%P%n%B -z -n4 -- /home/samuelhawthorne5/game website/style.css
> git status -z -u
> git symbolic-ref --short HEAD
> git rev-parse lily2021
> git rev-parse --symbolic-full-name lily2021@{u}
> git rev-list --left-right lily2021...refs/remotes/protect01/lily2021
> git for-each-ref --sort -committerdate --format %(refname) %(objectname)
> git remote --verbose
> git config --get commit.template
> git rev-list --count a5b27943563afb0161cef4efad8732bf444d84d0.. -- /home/samuelhawthorne5/game website/style.css
> git log --format=%H%n%aN%n%aE%n%at%n%ct%n%P%n%B -z -n4 -- /home/samuelhawthorne5/game website/style.css
> git log --format=%H%n%aN%n%aE%n%at%n%ct%n%P%n%B -z -n21 -- /home/samuelhawthorne5/game website/index.html
> git show --textconv :game website/index.html
> git ls-files --stage -- /home/samuelhawthorne5/game website/index.html
> git cat-file -s e5ef70ba43cdcb6bf81998c04bc4cb7bc932ec84
> git log --format=%H%n%aN%n%aE%n%at%n%ct%n%P%n%B -z -n21 -- /home/samuelhawthorne5/game website/style.css
> git status -z -u
> git symbolic-ref --short HEAD
> git rev-parse lily2021
> git rev-parse --symbolic-full-name lily2021@{u}
> git rev-list --left-right lily2021...refs/remotes/protect01/lily2021
> git for-each-ref --sort -committerdate --format %(refname) %(objectname)
> git remote --verbose
> git config --get commit.template
> git show --textconv :game website/style.css
> git ls-files --stage -- /home/samuelhawthorne5/game website/style.css
> git cat-file -s 70e1cd9a5bd1b5ff474847e06d759f9950b542c5
> git rev-list --count a5b27943563afb0161cef4efad8732bf444d84d0.. -- /home/samuelhawthorne5/game website/style.css
> git log --format=%H%n%aN%n%aE%n%at%n%ct%n%P%n%B -z -n4 -- /home/samuelhawthorne5/game website/style.css
> git status -z -u
> git symbolic-ref --short HEAD
> git rev-parse lily2021
> git rev-parse --symbolic-full-name lily2021@{u}
> git rev-list --left-right lily2021...refs/remotes/protect01/lily2021
> git for-each-ref --sort -committerdate --format %(refname) %(objectname)
> git remote --verbose
> git config --get commit.template
> git rev-list --count a5b27943563afb0161cef4efad8732bf444d84d0.. -- /home/samuelhawthorne5/game website/style.css
> git log --format=%H%n%aN%n%aE%n%at%n%ct%n%P%n%B -z -n4 -- /home/samuelhawthorne5/game website/style.css
> git status -z -u
> git symbolic-ref --short HEAD
> git rev-parse lily2021
> git rev-parse --symbolic-full-name lily2021@{u}
> git rev-list --left-right lily2021...refs/remotes/protect01/lily2021
> git for-each-ref --sort -committerdate --format %(refname) %(objectname)
> git remote --verbose
> git config --get commit.template
> git rev-list --count a5b27943563afb0161cef4efad8732bf444d84d0.. -- /home/samuelhawthorne5/game website/style.css
> git log --format=%H%n%aN%n%aE%n%at%n%ct%n%P%n%B -z -n4 -- /home/samuelhawthorne5/game website/style.css
> git status -z -u
> git symbolic-ref --short HEAD
> git rev-parse lily2021
> git rev-parse --symbolic-full-name lily2021@{u}
> git rev-list --left-right lily2021...refs/remotes/protect01/lily2021
> git for-each-ref --sort -committerdate --format %(refname) %(objectname)
> git remote --verbose
> git config --get commit.template
> git rev-list --count a5b27943563afb0161cef4efad8732bf444d84d0.. -- /home/samuelhawthorne5/game website/style.css
> git log --format=%H%n%aN%n%aE%n%at%n%ct%n%P%n%B -z -n4 -- /home/samuelhawthorne5/game website/style.css
> git status -z -u
> git symbolic-ref --short HEAD
> git rev-parse lily2021
> git rev-parse --symbolic-full-name lily2021@{u}
> git rev-list --left-right lily2021...refs/remotes/protect01/lily2021
> git for-each-ref --sort -committerdate --format %(refname) %(objectname)
> git remote --verbose
> git config --get commit.template
> git rev-list --count a5b27943563afb0161cef4efad8732bf444d84d0.. -- /home/samuelhawthorne5/game website/style.css
> git log --format=%H%n%aN%n%aE%n%at%n%ct%n%P%n%B -z -n4 -- /home/samuelhawthorne5/game website/style.css
> git status -z -u
> git symbolic-ref --short HEAD
> git rev-parse lily2021
> git rev-parse --symbolic-full-name lily2021@{u}
> git rev-list --left-right lily2021...refs/remotes/protect01/lily2021
> git for-each-ref --sort -committerdate --format %(refname) %(objectname)
> git remote --verbose
> git config --get commit.template
> git rev-list --count a5b27943563afb0161cef4efad8732bf444d84d0.. -- /home/samuelhawthorne5/game website/style.css
> git log --format=%H%n%aN%n%aE%n%at%n%ct%n%P%n%B -z -n4 -- /home/samuelhawthorne5/game website/style.css
> git status -z -u
> git symbolic-ref --short HEAD
> git rev-parse lily2021
> git rev-parse --symbolic-full-name lily2021@{u}
> git rev-list --left-right lily2021...refs/remotes/protect01/lily2021
> git for-each-ref --sort -committerdate --format %(refname) %(objectname)
> git remote --verbose
> git config --get commit.template
> git rev-list --count a5b27943563afb0161cef4efad8732bf444d84d0.. -- /home/samuelhawthorne5/game website/style.css
> git log --format=%H%n%aN%n%aE%n%at%n%ct%n%P%n%B -z -n4 -- /home/samuelhawthorne5/game website/style.css
> git status -z -u
> git symbolic-ref --short HEAD
> git rev-parse lily2021
> git rev-parse --symbolic-full-name lily2021@{u}
> git rev-list --left-right lily2021...refs/remotes/protect01/lily2021
> git for-each-ref --sort -committerdate --format %(refname) %(objectname)
> git remote --verbose
> git config --get commit.template
> git rev-list --count a5b27943563afb0161cef4efad8732bf444d84d0.. -- /home/samuelhawthorne5/game website/style.css
> git log --format=%H%n%aN%n%aE%n%at%n%ct%n%P%n%B -z -n4 -- /home/samuelhawthorne5/game website/style.css
> git status -z -u
> git symbolic-ref --short HEAD
> git rev-parse lily2021
> git rev-parse --symbolic-full-name lily2021@{u}
> git rev-list --left-right lily2021...refs/remotes/protect01/lily2021
> git for-each-ref --sort -committerdate --format %(refname) %(objectname)
> git remote --verbose
> git config --get commit.template
> git rev-list --count a5b27943563afb0161cef4efad8732bf444d84d0.. -- /home/samuelhawthorne5/game website/style.css
> git log --format=%H%n%aN%n%aE%n%at%n%ct%n%P%n%B -z -n4 -- /home/samuelhawthorne5/game website/style.css
> git status -z -u
> git symbolic-ref --short HEAD
> git rev-parse lily2021
> git rev-parse --symbolic-full-name lily2021@{u}
> git rev-list --left-right lily2021...refs/remotes/protect01/lily2021
> git for-each-ref --sort -committerdate --format %(refname) %(objectname)
> git remote --verbose
> git config --get commit.template
> git rev-list --count a5b27943563afb0161cef4efad8732bf444d84d0.. -- /home/samuelhawthorne5/game website/style.css
> git log --format=%H%n%aN%n%aE%n%at%n%ct%n%P%n%B -z -n4 -- /home/samuelhawthorne5/game website/style.css
> git status -z -u
> git symbolic-ref --short HEAD
> git rev-parse lily2021
> git rev-parse --symbolic-full-name lily2021@{u}
> git rev-list --left-right lily2021...refs/remotes/protect01/lily2021
> git for-each-ref --sort -committerdate --format %(refname) %(objectname)
> git remote --verbose
> git config --get commit.template
> git rev-list --count a5b27943563afb0161cef4efad8732bf444d84d0.. -- /home/samuelhawthorne5/game website/style.css
> git log --format=%H%n%aN%n%aE%n%at%n%ct%n%P%n%B -z -n4 -- /home/samuelhawthorne5/game website/style.css
> git status -z -u
> git symbolic-ref --short HEAD
> git rev-parse lily2021
> git rev-parse --symbolic-full-name lily2021@{u}
> git rev-list --left-right lily2021...refs/remotes/protect01/lily2021
> git for-each-ref --sort -committerdate --format %(refname) %(objectname)
> git remote --verbose
> git config --get commit.template
> git rev-list --count a5b27943563afb0161cef4efad8732bf444d84d0.. -- /home/samuelhawthorne5/game website/style.css
> git log --format=%H%n%aN%n%aE%n%at%n%ct%n%P%n%B -z -n4 -- /home/samuelhawthorne5/game website/style.css
> git status -z -u
> git symbolic-ref --short HEAD
> git rev-parse lily2021
> git rev-parse --symbolic-full-name lily2021@{u}
> git rev-list --left-right lily2021...refs/remotes/protect01/lily2021
> git for-each-ref --sort -committerdate --format %(refname) %(objectname)
> git remote --verbose
> git config --get commit.template
> git rev-list --count a5b27943563afb0161cef4efad8732bf444d84d0.. -- /home/samuelhawthorne5/game website/style.css
> git log --format=%H%n%aN%n%aE%n%at%n%ct%n%P%n%B -z -n4 -- /home/samuelhawthorne5/game website/style.css
> git status -z -u
> git symbolic-ref --short HEAD
> git rev-parse lily2021
> git rev-parse --symbolic-full-name lily2021@{u}
> git rev-list --left-right lily2021...refs/remotes/protect01/lily2021
> git for-each-ref --sort -committerdate --format %(refname) %(objectname)
> git remote --verbose
> git config --get commit.template
> git rev-list --count a5b27943563afb0161cef4efad8732bf444d84d0.. -- /home/samuelhawthorne5/game website/style.css
> git log --format=%H%n%aN%n%aE%n%at%n%ct%n%P%n%B -z -n4 -- /home/samuelhawthorne5/game website/style.css
> git status -z -u
> git symbolic-ref --short HEAD
> git rev-parse lily2021
> git rev-parse --symbolic-full-name lily2021@{u}
> git rev-list --left-right lily2021...refs/remotes/protect01/lily2021
> git for-each-ref --sort -committerdate --format %(refname) %(objectname)
> git remote --verbose
> git config --get commit.template
> git rev-list --count a5b27943563afb0161cef4efad8732bf444d84d0.. -- /home/samuelhawthorne5/game website/style.css
> git log --format=%H%n%aN%n%aE%n%at%n%ct%n%P%n%B -z -n4 -- /home/samuelhawthorne5/game website/style.css
> git status -z -u
> git symbolic-ref --short HEAD
> git rev-parse lily2021
> git rev-parse --symbolic-full-name lily2021@{u}
> git rev-list --left-right lily2021...refs/remotes/protect01/lily2021
> git for-each-ref --sort -committerdate --format %(refname) %(objectname)
> git remote --verbose
> git config --get commit.template
> git rev-list --count a5b27943563afb0161cef4efad8732bf444d84d0.. -- /home/samuelhawthorne5/game website/style.css
> git log --format=%H%n%aN%n%aE%n%at%n%ct%n%P%n%B -z -n4 -- /home/samuelhawthorne5/game website/style.css
> git status -z -u
> git symbolic-ref --short HEAD
> git rev-parse lily2021
> git rev-parse --symbolic-full-name lily2021@{u}
> git rev-list --left-right lily2021...refs/remotes/protect01/lily2021
> git for-each-ref --sort -committerdate --format %(refname) %(objectname)
> git remote --verbose
> git config --get commit.template
> git rev-list --count a5b27943563afb0161cef4efad8732bf444d84d0.. -- /home/samuelhawthorne5/game website/style.css
> git log --format=%H%n%aN%n%aE%n%at%n%ct%n%P%n%B -z -n4 -- /home/samuelhawthorne5/game website/style.css
> git status -z -u
> git symbolic-ref --short HEAD
> git rev-parse lily2021
> git rev-parse --symbolic-full-name lily2021@{u}
> git rev-list --left-right lily2021...refs/remotes/protect01/lily2021
> git for-each-ref --sort -committerdate --format %(refname) %(objectname)
> git remote --verbose
> git config --get commit.template
> git rev-list --count a5b27943563afb0161cef4efad8732bf444d84d0.. -- /home/samuelhawthorne5/game website/style.css
> git log --format=%H%n%aN%n%aE%n%at%n%ct%n%P%n%B -z -n4 -- /home/samuelhawthorne5/game website/style.css
> git log --format=%H%n%aN%n%aE%n%at%n%ct%n%P%n%B -z -n21 -- /home/samuelhawthorne5/game website/index.html
> git show --textconv :game website/index.html
> git ls-files --stage -- /home/samuelhawthorne5/game website/index.html
> git cat-file -s e5ef70ba43cdcb6bf81998c04bc4cb7bc932ec84
> git log --format=%H%n%aN%n%aE%n%at%n%ct%n%P%n%B -z -n21 -- /home/samuelhawthorne5/game website/style.css
> git show --textconv :game website/style.css
> git ls-files --stage -- /home/samuelhawthorne5/game website/style.css
> git cat-file -s 70e1cd9a5bd1b5ff474847e06d759f9950b542c5
> git status -z -u
> git symbolic-ref --short HEAD
> git rev-parse lily2021
> git rev-parse --symbolic-full-name lily2021@{u}
> git rev-list --left-right lily2021...refs/remotes/protect01/lily2021
> git for-each-ref --sort -committerdate --format %(refname) %(objectname)
> git remote --verbose
> git config --get commit.template
> git rev-list --count a5b27943563afb0161cef4efad8732bf444d84d0.. -- /home/samuelhawthorne5/game website/style.css
> git log --format=%H%n%aN%n%aE%n%at%n%ct%n%P%n%B -z -n4 -- /home/samuelhawthorne5/game website/style.css
> git status -z -u
> git symbolic-ref --short HEAD
> git rev-parse lily2021
> git rev-parse --symbolic-full-name lily2021@{u}
> git rev-list --left-right lily2021...refs/remotes/protect01/lily2021
> git for-each-ref --sort -committerdate --format %(refname) %(objectname)
> git remote --verbose
> git config --get commit.template
> git rev-list --count a5b27943563afb0161cef4efad8732bf444d84d0.. -- /home/samuelhawthorne5/game website/style.css
> git log --format=%H%n%aN%n%aE%n%at%n%ct%n%P%n%B -z -n4 -- /home/samuelhawthorne5/game website/style.css
> git check-ignore -v -z --stdin
> git check-ignore -v -z --stdin
> git add -A -- .
