[2021-07-20 17:13:52.682] [exthost] [info] extension host started
[2021-07-20 17:13:53.051] [exthost] [info] ExtensionService#_doActivateExtension vscode.microsoft-authentication {"startup":false,"extensionId":{"value":"vscode.microsoft-authentication","_lower":"vscode.microsoft-authentication"},"activationEvent":"onAuthenticationRequest:microsoft"}
[2021-07-20 17:13:53.052] [exthost] [info] ExtensionService#loadCommonJSModule file:///usr/share/code/resources/app/extensions/microsoft-authentication/dist/extension.js
[2021-07-20 17:13:53.102] [exthost] [info] ExtensionService#_doActivateExtension vscode.css-language-features {"startup":false,"extensionId":{"value":"vscode.css-language-features","_lower":"vscode.css-language-features"},"activationEvent":"onLanguage:css"}
[2021-07-20 17:13:53.102] [exthost] [info] ExtensionService#loadCommonJSModule file:///usr/share/code/resources/app/extensions/css-language-features/client/dist/node/cssClientMain
[2021-07-20 17:13:53.162] [exthost] [info] ExtensionService#_doActivateExtension vscode.emmet {"startup":false,"extensionId":{"value":"vscode.emmet","_lower":"vscode.emmet"},"activationEvent":"onLanguage:css"}
[2021-07-20 17:13:53.162] [exthost] [info] ExtensionService#loadCommonJSModule file:///usr/share/code/resources/app/extensions/emmet/dist/node/emmetNodeMain
[2021-07-20 17:13:53.241] [exthost] [info] ExtensionService#_doActivateExtension ms-vscode.js-debug {"startup":false,"extensionId":{"value":"ms-vscode.js-debug","_lower":"ms-vscode.js-debug"},"activationEvent":"onDebugDynamicConfigurations"}
[2021-07-20 17:13:53.241] [exthost] [info] ExtensionService#loadCommonJSModule file:///usr/share/code/resources/app/extensions/ms-vscode.js-debug/src/extension.js
[2021-07-20 17:13:54.261] [exthost] [info] ExtensionService#_doActivateExtension vscode.debug-auto-launch {"startup":true,"extensionId":{"value":"vscode.debug-auto-launch","_lower":"vscode.debug-auto-launch"},"activationEvent":"*"}
[2021-07-20 17:13:54.261] [exthost] [info] ExtensionService#loadCommonJSModule file:///usr/share/code/resources/app/extensions/debug-auto-launch/dist/extension
[2021-07-20 17:13:54.359] [exthost] [info] ExtensionService#_doActivateExtension vscode.git {"startup":true,"extensionId":{"value":"vscode.github","_lower":"vscode.github"},"activationEvent":"*"}
[2021-07-20 17:13:54.362] [exthost] [info] ExtensionService#loadCommonJSModule file:///usr/share/code/resources/app/extensions/git/dist/main
[2021-07-20 17:13:54.826] [exthost] [info] ExtensionService#_doActivateExtension vscode.merge-conflict {"startup":true,"extensionId":{"value":"vscode.merge-conflict","_lower":"vscode.merge-conflict"},"activationEvent":"*"}
[2021-07-20 17:13:54.827] [exthost] [info] ExtensionService#loadCommonJSModule file:///usr/share/code/resources/app/extensions/merge-conflict/dist/mergeConflictMain
[2021-07-20 17:13:54.923] [exthost] [info] ExtensionService#_doActivateExtension vscode.search-result {"startup":true,"extensionId":{"value":"vscode.search-result","_lower":"vscode.search-result"},"activationEvent":"*"}
[2021-07-20 17:13:54.924] [exthost] [info] ExtensionService#loadCommonJSModule file:///usr/share/code/resources/app/extensions/search-result/dist/extension.js
[2021-07-20 17:13:54.941] [exthost] [info] ExtensionService#_doActivateExtension eamodio.gitlens {"startup":true,"extensionId":{"value":"eamodio.gitlens","_lower":"eamodio.gitlens"},"activationEvent":"*"}
[2021-07-20 17:13:54.941] [exthost] [info] ExtensionService#loadCommonJSModule file:///home/samuelhawthorne5/.vscode/extensions/eamodio.gitlens-10.2.3/dist/extension
[2021-07-20 17:13:55.570] [exthost] [info] ExtensionService#_doActivateExtension formulahendry.auto-close-tag {"startup":true,"extensionId":{"value":"formulahendry.auto-close-tag","_lower":"formulahendry.auto-close-tag"},"activationEvent":"*"}
[2021-07-20 17:13:55.581] [exthost] [info] ExtensionService#loadCommonJSModule file:///home/samuelhawthorne5/.vscode/extensions/formulahendry.auto-close-tag-0.5.10/out/src/extension
[2021-07-20 17:13:55.610] [exthost] [info] ExtensionService#_doActivateExtension formulahendry.auto-rename-tag {"startup":true,"extensionId":{"value":"formulahendry.auto-rename-tag","_lower":"formulahendry.auto-rename-tag"},"activationEvent":"*"}
[2021-07-20 17:13:55.610] [exthost] [info] ExtensionService#loadCommonJSModule file:///home/samuelhawthorne5/.vscode/extensions/formulahendry.auto-rename-tag-0.1.6/packages/extension/dist/extensionMain.js
[2021-07-20 17:13:55.706] [exthost] [info] ExtensionService#_doActivateExtension HookyQR.beautify {"startup":true,"extensionId":{"value":"HookyQR.beautify","_lower":"hookyqr.beautify"},"activationEvent":"*"}
[2021-07-20 17:13:55.706] [exthost] [info] ExtensionService#loadCommonJSModule file:///home/samuelhawthorne5/.vscode/extensions/hookyqr.beautify-1.5.0/extension
[2021-07-20 17:13:56.437] [exthost] [info] ExtensionService#_doActivateExtension KnisterPeter.vscode-github {"startup":true,"extensionId":{"value":"KnisterPeter.vscode-github","_lower":"knisterpeter.vscode-github"},"activationEvent":"*"}
[2021-07-20 17:13:56.444] [exthost] [info] ExtensionService#loadCommonJSModule file:///home/samuelhawthorne5/.vscode/extensions/knisterpeter.vscode-github-0.30.6/out/src/main
[2021-07-20 17:13:58.682] [exthost] [info] ExtensionService#_doActivateExtension ritwickdey.LiveServer {"startup":true,"extensionId":{"value":"ritwickdey.LiveServer","_lower":"ritwickdey.liveserver"},"activationEvent":"*"}
[2021-07-20 17:13:58.683] [exthost] [info] ExtensionService#loadCommonJSModule file:///home/samuelhawthorne5/.vscode/extensions/ritwickdey.liveserver-5.6.1/out/src/extension
[2021-07-20 17:14:00.986] [exthost] [info] ExtensionService#_doActivateExtension sporiley.css-auto-prefix {"startup":true,"extensionId":{"value":"sporiley.css-auto-prefix","_lower":"sporiley.css-auto-prefix"},"activationEvent":"*"}
[2021-07-20 17:14:00.986] [exthost] [info] ExtensionService#loadCommonJSModule file:///home/samuelhawthorne5/.vscode/extensions/sporiley.css-auto-prefix-0.1.7/extension
[2021-07-20 17:14:05.590] [exthost] [info] ExtensionService#_doActivateExtension vscode.github {"startup":true,"extensionId":{"value":"vscode.github","_lower":"vscode.github"},"activationEvent":"*"}
[2021-07-20 17:14:05.591] [exthost] [info] ExtensionService#loadCommonJSModule file:///usr/share/code/resources/app/extensions/github/dist/extension.js
[2021-07-20 17:14:05.630] [exthost] [info] ExtensionService#_doActivateExtension vscode.github-authentication {"startup":false,"extensionId":{"value":"vscode.github-authentication","_lower":"vscode.github-authentication"},"activationEvent":"onAuthenticationRequest:github"}
[2021-07-20 17:14:05.630] [exthost] [info] ExtensionService#loadCommonJSModule file:///usr/share/code/resources/app/extensions/github-authentication/dist/extension.js
[2021-07-20 17:14:06.103] [exthost] [info] eager extensions activated
[2021-07-20 17:46:55.570] [exthost] [info] ExtensionService#_doActivateExtension vscode.html-language-features {"startup":false,"extensionId":{"value":"vscode.html-language-features","_lower":"vscode.html-language-features"},"activationEvent":"onLanguage:html"}
[2021-07-20 17:46:55.571] [exthost] [info] ExtensionService#loadCommonJSModule file:///usr/share/code/resources/app/extensions/html-language-features/client/dist/node/htmlClientMain
[2021-07-21 10:02:31.579] [exthost] [info] ExtensionService#_doActivateExtension vscode.configuration-editing {"startup":false,"extensionId":{"value":"vscode.configuration-editing","_lower":"vscode.configuration-editing"},"activationEvent":"onLanguage:jsonc"}
[2021-07-21 10:02:31.581] [exthost] [info] ExtensionService#loadCommonJSModule file:///usr/share/code/resources/app/extensions/configuration-editing/dist/configurationEditingMain
[2021-07-21 10:02:31.637] [exthost] [info] ExtensionService#_doActivateExtension vscode.json-language-features {"startup":false,"extensionId":{"value":"vscode.json-language-features","_lower":"vscode.json-language-features"},"activationEvent":"onLanguage:jsonc"}
[2021-07-21 10:02:31.638] [exthost] [info] ExtensionService#loadCommonJSModule file:///usr/share/code/resources/app/extensions/json-language-features/client/dist/node/jsonClientMain
[2021-07-21 10:02:31.726] [exthost] [info] ExtensionService#_doActivateExtension vscode.typescript-language-features {"startup":false,"extensionId":{"value":"vscode.typescript-language-features","_lower":"vscode.typescript-language-features"},"activationEvent":"onLanguage:jsonc"}
[2021-07-21 10:02:31.726] [exthost] [info] ExtensionService#loadCommonJSModule file:///usr/share/code/resources/app/extensions/typescript-language-features/dist/extension
[2021-07-22 09:08:23.125] [exthost] [info] ExtensionService#_doActivateExtension vscode.extension-editing {"startup":false,"extensionId":{"value":"vscode.extension-editing","_lower":"vscode.extension-editing"},"activationEvent":"onLanguage:typescript"}
[2021-07-22 09:08:23.133] [exthost] [info] ExtensionService#loadCommonJSModule file:///usr/share/code/resources/app/extensions/extension-editing/dist/extensionEditingMain
