Looking for git in: git
Using git 2.20.1 from git
> git rev-parse --git-dir
Open repository: /home/samuelhawthorne5/portfolio
> git status -z -u
> git symbolic-ref --short HEAD
> git rev-parse master
> git rev-parse --symbolic-full-name master@{u}
fatal: no upstream configured for branch 'master'
> git for-each-ref --sort -committerdate --format %(refname) %(objectname)
> git remote --verbose
> git config --get commit.template
> git check-ignore -v -z --stdin
> git show --textconv :new.html
> git ls-files --stage -- /home/samuelhawthorne5/portfolio/new.html
> git cat-file -s 5dffccf36e4e68f033375a57a4ac550cf9097b3d
> git show --textconv :index.html
> git ls-files --stage -- /home/samuelhawthorne5/portfolio/index.html
> git cat-file -s 85f83635a67839bd1ea6b231ed44c1bd1dc73c6f
> git show --textconv :new.html
> git ls-files --stage -- /home/samuelhawthorne5/portfolio/new.html
> git cat-file -s 5dffccf36e4e68f033375a57a4ac550cf9097b3d
> git show --textconv :new.html
> git ls-files --stage -- /home/samuelhawthorne5/portfolio/new.html
> git cat-file -s 5dffccf36e4e68f033375a57a4ac550cf9097b3d
