Looking for git in: git
Using git 2.20.1 from git
> git rev-parse --git-dir
Open repository: /home/samuelhawthorne5
> git status -z -u
> git symbolic-ref --short HEAD
> git rev-parse lily2021
> git rev-parse --symbolic-full-name lily2021@{u}
> git rev-list --left-right lily2021...refs/remotes/protect01/lily2021
> git for-each-ref --sort -committerdate --format %(refname) %(objectname)
> git remote --verbose
> git config --get commit.template
> git check-ignore -v -z --stdin
> git show --textconv :watchfuleye/index.html
> git ls-files --stage -- /home/samuelhawthorne5/watchfuleye/index.html
> git cat-file -s e7d8b102a1fac1525c519895abc3794fb2ee0ff5
> git check-ignore -v -z --stdin
> git show --textconv :watchfuleye/index.html
> git ls-files --stage -- /home/samuelhawthorne5/watchfuleye/index.html
> git cat-file -s e7d8b102a1fac1525c519895abc3794fb2ee0ff5
