Looking for git in: git
Using git 2.20.1 from git
> git rev-parse --git-dir
Open repository: /home/samuelhawthorne5
> git fetch
> git status -z -u
> git check-ignore -v -z --stdin
> git symbolic-ref --short HEAD
> git rev-parse new-change
> git log --format=%H%n%aN%n%aE%n%at%n%ct%n%P%n%B -z -n53 -- /home/samuelhawthorne5/portfolio2021/portfolio2021.css
> git log --format=%H%n%aN%n%aE%n%at%n%ct%n%P%n%B -z -n105 -- /home/samuelhawthorne5/portfolio2021/portfolio2021.css
> git rev-parse --symbolic-full-name new-change@{u}
> git rev-list --left-right new-change...refs/remotes/protect01/new-change
> git check-ignore -v -z --stdin
> git for-each-ref --sort -committerdate --format %(refname) %(objectname)
> git remote --verbose
> git config --get commit.template
> git rev-list --count 9e89c0c4eacfbf8775a92a1c7bdcb4da72157fc6.. -- /home/samuelhawthorne5/portfolio2021/portfolio2021.css
> git log --format=%H%n%aN%n%aE%n%at%n%ct%n%P%n%B -z -n10 -- /home/samuelhawthorne5/portfolio2021/portfolio2021.css
> git status -z -u
> git show --textconv :portfolio2021/portfolio2021.css
> git ls-files --stage -- /home/samuelhawthorne5/portfolio2021/portfolio2021.css
> git cat-file -s 45fd59154f3f46323bb3ba95e6a5e2f7285a6cb8
> git symbolic-ref --short HEAD
> git rev-parse new-change
> git rev-parse --symbolic-full-name new-change@{u}
> git rev-list --left-right new-change...refs/remotes/protect01/new-change
> git for-each-ref --sort -committerdate --format %(refname) %(objectname)
> git remote --verbose
> git config --get commit.template
> git check-ignore -v -z --stdin
> git log --format=%H%n%aN%n%aE%n%at%n%ct%n%P%n%B -z -n53 -- /home/samuelhawthorne5/yogurtshop/index.html
> git show --textconv :yogurtshop/index.html
> git ls-files --stage -- /home/samuelhawthorne5/yogurtshop/index.html
> git status -z -u
> git symbolic-ref --short HEAD
> git rev-parse new-change
> git rev-parse --symbolic-full-name new-change@{u}
> git rev-list --left-right new-change...refs/remotes/protect01/new-change
> git for-each-ref --sort -committerdate --format %(refname) %(objectname)
> git remote --verbose
> git config --get commit.template
> git rev-list --count working.. -- /home/samuelhawthorne5/yogurtshop/index.html
fatal: bad revision 'working..'
> git log --format=%H%n%aN%n%aE%n%at%n%ct%n%P%n%B -z -- /home/samuelhawthorne5/yogurtshop/index.html
> git fetch
> git rev-list --count working.. -- /home/samuelhawthorne5/yogurtshop/index.html
fatal: bad revision 'working..'
> git log --format=%H%n%aN%n%aE%n%at%n%ct%n%P%n%B -z -- /home/samuelhawthorne5/yogurtshop/index.html
> git status -z -u
> git symbolic-ref --short HEAD
> git rev-parse new-change
> git rev-parse --symbolic-full-name new-change@{u}
> git rev-list --count working.. -- /home/samuelhawthorne5/yogurtshop/index.html
> git rev-list --left-right new-change...refs/remotes/protect01/new-change
fatal: bad revision 'working..'
> git log --format=%H%n%aN%n%aE%n%at%n%ct%n%P%n%B -z -- /home/samuelhawthorne5/yogurtshop/index.html
> git for-each-ref --sort -committerdate --format %(refname) %(objectname)
> git remote --verbose
> git config --get commit.template
> git ls-files --stage -- /home/samuelhawthorne5/yogurtshop/index.html
> git show --textconv :yogurtshop/index.html
> git rev-list --count working.. -- /home/samuelhawthorne5/yogurtshop/index.html
fatal: bad revision 'working..'
> git log --format=%H%n%aN%n%aE%n%at%n%ct%n%P%n%B -z -- /home/samuelhawthorne5/yogurtshop/index.html
> git status -z -u
> git symbolic-ref --short HEAD
> git rev-parse new-change
> git rev-parse --symbolic-full-name new-change@{u}
> git rev-list --left-right new-change...refs/remotes/protect01/new-change
> git for-each-ref --sort -committerdate --format %(refname) %(objectname)
> git remote --verbose
> git config --get commit.template
> git rev-list --count working.. -- /home/samuelhawthorne5/yogurtshop/index.html
fatal: bad revision 'working..'
> git log --format=%H%n%aN%n%aE%n%at%n%ct%n%P%n%B -z -- /home/samuelhawthorne5/yogurtshop/index.html
> git fetch
> git rev-list --count working.. -- /home/samuelhawthorne5/yogurtshop/index.html
fatal: bad revision 'working..'
> git log --format=%H%n%aN%n%aE%n%at%n%ct%n%P%n%B -z -- /home/samuelhawthorne5/yogurtshop/index.html
> git status -z -u
> git symbolic-ref --short HEAD
> git rev-parse new-change
> git rev-parse --symbolic-full-name new-change@{u}
> git rev-list --left-right new-change...refs/remotes/protect01/new-change
> git for-each-ref --sort -committerdate --format %(refname) %(objectname)
> git remote --verbose
> git rev-list --count working.. -- /home/samuelhawthorne5/yogurtshop/index.html
> git config --get commit.template
fatal: bad revision 'working..'
> git log --format=%H%n%aN%n%aE%n%at%n%ct%n%P%n%B -z -- /home/samuelhawthorne5/yogurtshop/index.html
> git rev-list --count working.. -- /home/samuelhawthorne5/yogurtshop/index.html
fatal: bad revision 'working..'
> git log --format=%H%n%aN%n%aE%n%at%n%ct%n%P%n%B -z -- /home/samuelhawthorne5/yogurtshop/index.html
> git ls-files --stage -- /home/samuelhawthorne5/yogurtshop/index.html
> git show --textconv :yogurtshop/index.html
> git status -z -u
> git symbolic-ref --short HEAD
> git rev-parse new-change
> git rev-parse --symbolic-full-name new-change@{u}
> git rev-list --left-right new-change...refs/remotes/protect01/new-change
> git for-each-ref --sort -committerdate --format %(refname) %(objectname)
> git remote --verbose
> git config --get commit.template
> git rev-list --count working.. -- /home/samuelhawthorne5/yogurtshop/index.html
fatal: bad revision 'working..'
> git log --format=%H%n%aN%n%aE%n%at%n%ct%n%P%n%B -z -- /home/samuelhawthorne5/yogurtshop/index.html
> git status -z -u
> git symbolic-ref --short HEAD
> git rev-parse new-change
> git rev-parse --symbolic-full-name new-change@{u}
> git rev-list --left-right new-change...refs/remotes/protect01/new-change
> git for-each-ref --sort -committerdate --format %(refname) %(objectname)
> git remote --verbose
> git config --get commit.template
> git rev-list --count working.. -- /home/samuelhawthorne5/yogurtshop/index.html
fatal: bad revision 'working..'
> git log --format=%H%n%aN%n%aE%n%at%n%ct%n%P%n%B -z -- /home/samuelhawthorne5/yogurtshop/index.html
> git status -z -u
> git symbolic-ref --short HEAD
> git rev-parse new-change
> git rev-parse --symbolic-full-name new-change@{u}
> git rev-list --left-right new-change...refs/remotes/protect01/new-change
> git for-each-ref --sort -committerdate --format %(refname) %(objectname)
> git remote --verbose
> git config --get commit.template
> git rev-list --count working.. -- /home/samuelhawthorne5/yogurtshop/index.html
fatal: bad revision 'working..'
> git log --format=%H%n%aN%n%aE%n%at%n%ct%n%P%n%B -z -- /home/samuelhawthorne5/yogurtshop/index.html
> git fetch
> git rev-list --count working.. -- /home/samuelhawthorne5/yogurtshop/index.html
> git status -z -u
fatal: bad revision 'working..'
> git log --format=%H%n%aN%n%aE%n%at%n%ct%n%P%n%B -z -- /home/samuelhawthorne5/yogurtshop/index.html
> git symbolic-ref --short HEAD
> git rev-parse new-change
> git rev-list --count working.. -- /home/samuelhawthorne5/yogurtshop/index.html
> git rev-parse --symbolic-full-name new-change@{u}
fatal: bad revision 'working..'
> git log --format=%H%n%aN%n%aE%n%at%n%ct%n%P%n%B -z -- /home/samuelhawthorne5/yogurtshop/index.html
> git rev-list --left-right new-change...refs/remotes/protect01/new-change
> git for-each-ref --sort -committerdate --format %(refname) %(objectname)
> git remote --verbose
> git config --get commit.template
> git ls-files --stage -- /home/samuelhawthorne5/yogurtshop/index.html
> git show --textconv :yogurtshop/index.html
> git rev-list --count working.. -- /home/samuelhawthorne5/yogurtshop/index.html
fatal: bad revision 'working..'
> git log --format=%H%n%aN%n%aE%n%at%n%ct%n%P%n%B -z -- /home/samuelhawthorne5/yogurtshop/index.html
> git status -z -u
> git symbolic-ref --short HEAD
> git rev-parse new-change
> git rev-parse --symbolic-full-name new-change@{u}
> git rev-list --left-right new-change...refs/remotes/protect01/new-change
> git for-each-ref --sort -committerdate --format %(refname) %(objectname)
> git remote --verbose
> git config --get commit.template
> git rev-list --count working.. -- /home/samuelhawthorne5/yogurtshop/index.html
fatal: bad revision 'working..'
> git log --format=%H%n%aN%n%aE%n%at%n%ct%n%P%n%B -z -- /home/samuelhawthorne5/yogurtshop/index.html
> git status -z -u
> git symbolic-ref --short HEAD
> git rev-parse new-change
> git rev-parse --symbolic-full-name new-change@{u}
> git rev-list --left-right new-change...refs/remotes/protect01/new-change
> git for-each-ref --sort -committerdate --format %(refname) %(objectname)
> git remote --verbose
> git config --get commit.template
> git rev-list --count working.. -- /home/samuelhawthorne5/yogurtshop/index.html
fatal: bad revision 'working..'
> git log --format=%H%n%aN%n%aE%n%at%n%ct%n%P%n%B -z -- /home/samuelhawthorne5/yogurtshop/index.html
> git status -z -u
> git symbolic-ref --short HEAD
> git rev-parse new-change
> git rev-parse --symbolic-full-name new-change@{u}
> git rev-list --left-right new-change...refs/remotes/protect01/new-change
> git for-each-ref --sort -committerdate --format %(refname) %(objectname)
> git remote --verbose
> git config --get commit.template
> git rev-list --count working.. -- /home/samuelhawthorne5/yogurtshop/index.html
fatal: bad revision 'working..'
> git log --format=%H%n%aN%n%aE%n%at%n%ct%n%P%n%B -z -- /home/samuelhawthorne5/yogurtshop/index.html
> git status -z -u
> git symbolic-ref --short HEAD
> git rev-parse new-change
> git rev-parse --symbolic-full-name new-change@{u}
> git rev-list --left-right new-change...refs/remotes/protect01/new-change
> git for-each-ref --sort -committerdate --format %(refname) %(objectname)
> git remote --verbose
> git config --get commit.template
> git rev-list --count working.. -- /home/samuelhawthorne5/yogurtshop/index.html
fatal: bad revision 'working..'
> git log --format=%H%n%aN%n%aE%n%at%n%ct%n%P%n%B -z -- /home/samuelhawthorne5/yogurtshop/index.html
> git fetch
> git status -z -u
> git symbolic-ref --short HEAD
> git rev-parse new-change
> git rev-parse --symbolic-full-name new-change@{u}
> git rev-list --left-right new-change...refs/remotes/protect01/new-change
> git for-each-ref --sort -committerdate --format %(refname) %(objectname)
> git remote --verbose
> git config --get commit.template
> git rev-list --count working.. -- /home/samuelhawthorne5/yogurtshop/index.html
fatal: bad revision 'working..'
> git log --format=%H%n%aN%n%aE%n%at%n%ct%n%P%n%B -z -- /home/samuelhawthorne5/yogurtshop/index.html
> git ls-files --stage -- /home/samuelhawthorne5/yogurtshop/index.html
> git show --textconv :yogurtshop/index.html
> git status -z -u
> git symbolic-ref --short HEAD
> git rev-parse new-change
> git rev-parse --symbolic-full-name new-change@{u}
> git rev-list --left-right new-change...refs/remotes/protect01/new-change
> git for-each-ref --sort -committerdate --format %(refname) %(objectname)
> git remote --verbose
> git config --get commit.template
> git rev-list --count working.. -- /home/samuelhawthorne5/yogurtshop/index.html
fatal: bad revision 'working..'
> git log --format=%H%n%aN%n%aE%n%at%n%ct%n%P%n%B -z -- /home/samuelhawthorne5/yogurtshop/index.html
> git fetch
> git status -z -u
> git symbolic-ref --short HEAD
> git rev-parse new-change
> git rev-parse --symbolic-full-name new-change@{u}
> git rev-list --left-right new-change...refs/remotes/protect01/new-change
> git for-each-ref --sort -committerdate --format %(refname) %(objectname)
> git remote --verbose
> git config --get commit.template
> git rev-list --count working.. -- /home/samuelhawthorne5/yogurtshop/index.html
fatal: bad revision 'working..'
> git log --format=%H%n%aN%n%aE%n%at%n%ct%n%P%n%B -z -- /home/samuelhawthorne5/yogurtshop/index.html
> git ls-files --stage -- /home/samuelhawthorne5/yogurtshop/index.html
> git show --textconv :yogurtshop/index.html
> git status -z -u
> git symbolic-ref --short HEAD
> git rev-parse new-change
> git rev-parse --symbolic-full-name new-change@{u}
> git rev-list --left-right new-change...refs/remotes/protect01/new-change
> git for-each-ref --sort -committerdate --format %(refname) %(objectname)
> git remote --verbose
> git config --get commit.template
> git rev-list --count working.. -- /home/samuelhawthorne5/yogurtshop/index.html
fatal: bad revision 'working..'
> git log --format=%H%n%aN%n%aE%n%at%n%ct%n%P%n%B -z -- /home/samuelhawthorne5/yogurtshop/index.html
> git status -z -u
> git symbolic-ref --short HEAD
> git rev-parse new-change
> git rev-parse --symbolic-full-name new-change@{u}
> git rev-list --left-right new-change...refs/remotes/protect01/new-change
> git for-each-ref --sort -committerdate --format %(refname) %(objectname)
> git remote --verbose
> git config --get commit.template
> git rev-list --count working.. -- /home/samuelhawthorne5/yogurtshop/index.html
fatal: bad revision 'working..'
> git log --format=%H%n%aN%n%aE%n%at%n%ct%n%P%n%B -z -- /home/samuelhawthorne5/yogurtshop/index.html
> git fetch
> git rev-list --count working.. -- /home/samuelhawthorne5/yogurtshop/index.html
fatal: bad revision 'working..'
> git log --format=%H%n%aN%n%aE%n%at%n%ct%n%P%n%B -z -- /home/samuelhawthorne5/yogurtshop/index.html
> git status -z -u
> git symbolic-ref --short HEAD
> git rev-parse new-change
> git rev-parse --symbolic-full-name new-change@{u}
> git rev-list --left-right new-change...refs/remotes/protect01/new-change
> git for-each-ref --sort -committerdate --format %(refname) %(objectname)
> git remote --verbose
> git config --get commit.template
> git rev-list --count working.. -- /home/samuelhawthorne5/yogurtshop/index.html
fatal: bad revision 'working..'
> git log --format=%H%n%aN%n%aE%n%at%n%ct%n%P%n%B -z -- /home/samuelhawthorne5/yogurtshop/index.html
> git rev-list --count working.. -- /home/samuelhawthorne5/yogurtshop/index.html
fatal: bad revision 'working..'
> git log --format=%H%n%aN%n%aE%n%at%n%ct%n%P%n%B -z -- /home/samuelhawthorne5/yogurtshop/index.html
> git ls-files --stage -- /home/samuelhawthorne5/yogurtshop/index.html
> git show --textconv :yogurtshop/index.html
> git status -z -u
> git symbolic-ref --short HEAD
> git rev-parse new-change
> git rev-parse --symbolic-full-name new-change@{u}
> git rev-list --left-right new-change...refs/remotes/protect01/new-change
> git for-each-ref --sort -committerdate --format %(refname) %(objectname)
> git remote --verbose
> git config --get commit.template
> git rev-list --count working.. -- /home/samuelhawthorne5/yogurtshop/index.html
fatal: bad revision 'working..'
> git log --format=%H%n%aN%n%aE%n%at%n%ct%n%P%n%B -z -- /home/samuelhawthorne5/yogurtshop/index.html
> git fetch
> git rev-list --count working.. -- /home/samuelhawthorne5/yogurtshop/index.html
fatal: bad revision 'working..'
> git log --format=%H%n%aN%n%aE%n%at%n%ct%n%P%n%B -z -- /home/samuelhawthorne5/yogurtshop/index.html
> git status -z -u
> git symbolic-ref --short HEAD
> git rev-parse new-change
> git rev-parse --symbolic-full-name new-change@{u}
> git rev-list --left-right new-change...refs/remotes/protect01/new-change
> git for-each-ref --sort -committerdate --format %(refname) %(objectname)
> git remote --verbose
> git config --get commit.template
> git rev-list --count working.. -- /home/samuelhawthorne5/yogurtshop/index.html
fatal: bad revision 'working..'
> git log --format=%H%n%aN%n%aE%n%at%n%ct%n%P%n%B -z -- /home/samuelhawthorne5/yogurtshop/index.html
> git ls-files --stage -- /home/samuelhawthorne5/yogurtshop/index.html
> git show --textconv :yogurtshop/index.html
> git status -z -u
> git symbolic-ref --short HEAD
> git rev-parse new-change
> git rev-parse --symbolic-full-name new-change@{u}
> git rev-list --left-right new-change...refs/remotes/protect01/new-change
> git for-each-ref --sort -committerdate --format %(refname) %(objectname)
> git remote --verbose
> git config --get commit.template
> git rev-list --count working.. -- /home/samuelhawthorne5/yogurtshop/index.html
fatal: bad revision 'working..'
> git log --format=%H%n%aN%n%aE%n%at%n%ct%n%P%n%B -z -- /home/samuelhawthorne5/yogurtshop/index.html
> git fetch
> git status -z -u
> git symbolic-ref --short HEAD
> git rev-parse new-change
> git rev-parse --symbolic-full-name new-change@{u}
> git rev-list --left-right new-change...refs/remotes/protect01/new-change
> git for-each-ref --sort -committerdate --format %(refname) %(objectname)
> git remote --verbose
> git config --get commit.template
> git ls-files --stage -- /home/samuelhawthorne5/yogurtshop/index.html
> git show --textconv :yogurtshop/index.html
> git status -z -u
> git symbolic-ref --short HEAD
> git rev-parse new-change
> git rev-parse --symbolic-full-name new-change@{u}
> git rev-list --left-right new-change...refs/remotes/protect01/new-change
> git for-each-ref --sort -committerdate --format %(refname) %(objectname)
> git remote --verbose
> git config --get commit.template
> git show --textconv :yogurtshop/index.html
> git ls-files --stage -- /home/samuelhawthorne5/yogurtshop/index.html
> git status -z -u
> git symbolic-ref --short HEAD
> git rev-parse new-change
> git rev-parse --symbolic-full-name new-change@{u}
> git rev-list --left-right new-change...refs/remotes/protect01/new-change
> git for-each-ref --sort -committerdate --format %(refname) %(objectname)
> git remote --verbose
> git config --get commit.template
> git show --textconv :yogurtshop/stylesheet.css
> git ls-files --stage -- /home/samuelhawthorne5/yogurtshop/stylesheet.css
> git status -z -u
> git symbolic-ref --short HEAD
> git rev-parse new-change
> git rev-parse --symbolic-full-name new-change@{u}
> git rev-list --left-right new-change...refs/remotes/protect01/new-change
> git for-each-ref --sort -committerdate --format %(refname) %(objectname)
> git remote --verbose
> git config --get commit.template
