[2021-03-04 16:09:16.736] [renderer1] [error] Command failed: /usr/bin/git -c core.quotepath=false -c color.ui=false -c log.showSignature=false log --format=%x3cr%x3e%x20%H -n2 -m -L 3,3:Restaurant Lily/index.html
fatal: There is no path Restaurant Lily/index.html in the commit
: Error: Command failed: /usr/bin/git -c core.quotepath=false -c color.ui=false -c log.showSignature=false log --format=%x3cr%x3e%x20%H -n2 -m -L 3,3:Restaurant Lily/index.html
fatal: There is no path Restaurant Lily/index.html in the commit

    at ChildProcess.exithandler (child_process.js:304:12)
    at ChildProcess.emit (events.js:223:5)
    at maybeClose (internal/child_process.js:1021:16)
    at Socket.<anonymous> (internal/child_process.js:430:11)
    at Socket.emit (events.js:223:5)
    at Pipe.<anonymous> (net.js:664:12)
[2021-03-04 16:09:18.649] [renderer1] [error] Command failed: /usr/bin/git -c core.quotepath=false -c color.ui=false -c log.showSignature=false log --format=%x3cr%x3e%x20%H -n2 -m -L 3,3:Restaurant Lily/index.html
fatal: There is no path Restaurant Lily/index.html in the commit
: Error: Command failed: /usr/bin/git -c core.quotepath=false -c color.ui=false -c log.showSignature=false log --format=%x3cr%x3e%x20%H -n2 -m -L 3,3:Restaurant Lily/index.html
fatal: There is no path Restaurant Lily/index.html in the commit

    at ChildProcess.exithandler (child_process.js:304:12)
    at ChildProcess.emit (events.js:223:5)
    at maybeClose (internal/child_process.js:1021:16)
    at Socket.<anonymous> (internal/child_process.js:430:11)
    at Socket.emit (events.js:223:5)
    at Pipe.<anonymous> (net.js:664:12)
[2021-03-06 13:38:37.121] [renderer1] [error] Command failed: /usr/bin/git -c core.quotepath=false -c color.ui=false -c log.showSignature=false log --format=%x3cr%x3e%x20%H -n2 -m -L 327,327:Restaurant Lily/lily.css
fatal: There is no path Restaurant Lily/lily.css in the commit
: Error: Command failed: /usr/bin/git -c core.quotepath=false -c color.ui=false -c log.showSignature=false log --format=%x3cr%x3e%x20%H -n2 -m -L 327,327:Restaurant Lily/lily.css
fatal: There is no path Restaurant Lily/lily.css in the commit

    at ChildProcess.exithandler (child_process.js:304:12)
    at ChildProcess.emit (events.js:223:5)
    at maybeClose (internal/child_process.js:1021:16)
    at Socket.<anonymous> (internal/child_process.js:430:11)
    at Socket.emit (events.js:223:5)
    at Pipe.<anonymous> (net.js:664:12)
