Looking for git in: git
Using git 2.20.1 from git
> git rev-parse --git-dir
Open repository: /home/samuelhawthorne5/portfolio
> git status -z -u
> git symbolic-ref --short HEAD
> git check-ignore -v -z --stdin
> git rev-parse master
> git check-ignore -v -z --stdin
> git rev-parse --symbolic-full-name master@{u}
fatal: no upstream configured for branch 'master'
> git for-each-ref --sort -committerdate --format %(refname) %(objectname)
> git remote --verbose
> git config --get commit.template
> git show --textconv :styles.css
> git ls-files --stage -- /home/samuelhawthorne5/portfolio/styles.css
> git cat-file -s c9bc927a2ce0af9e4df54699e1268a81fa538df9
> git log --format=%H%n%aN%n%aE%n%at%n%ct%n%P%n%B -z -n28 -- /home/samuelhawthorne5/portfolio/styles.css
> git check-ignore -v -z --stdin
> git show --textconv :index.html
> git ls-files --stage -- /home/samuelhawthorne5/portfolio/index.html
> git cat-file -s 85f83635a67839bd1ea6b231ed44c1bd1dc73c6f
> git rev-parse --git-dir
Open repository: /home/samuelhawthorne5
> git status -z -u
> git check-ignore -v -z --stdin
> git show --textconv :Restaurant Lily/index.html
> git ls-files --stage -- /home/samuelhawthorne5/Restaurant Lily/index.html
> git cat-file -s 1f796e969e6dc9bfff4f3b8ffd0b56be0e758a68
> git check-ignore -v -z --stdin
> git checkout -q -b vscode-//vscode.github-authentication/did-authenticate?windowid=1&code=4f24cc36876a9a25303e&state=e0c75f48-b067-40d7-a5d8-3a7d30d59b41 --no-track HEAD
fatal: 'vscode-//vscode.github-authentication/did-authenticate?windowid=1&code=4f24cc36876a9a25303e&state=e0c75f48-b067-40d7-a5d8-3a7d30d59b41' is not a valid branch name.
> git symbolic-ref --short HEAD
> git rev-parse master
> git rev-parse --symbolic-full-name master@{u}
fatal: no upstream configured for branch 'master'
> git for-each-ref --sort -committerdate --format %(refname) %(objectname)
> git remote --verbose
> git config --get commit.template
> git checkout -q master
> git status -z -u
> git symbolic-ref --short HEAD
> git rev-parse master
> git rev-parse --symbolic-full-name master@{u}
fatal: no upstream configured for branch 'master'
> git for-each-ref --sort -committerdate --format %(refname) %(objectname)
> git remote --verbose
> git config --get commit.template
> git ls-files --stage -- /home/samuelhawthorne5/Restaurant Lily/index.html
> git cat-file -s 1f796e969e6dc9bfff4f3b8ffd0b56be0e758a68
> git show --textconv :Restaurant Lily/index.html
> git status -z -u
> git symbolic-ref --short HEAD
> git rev-parse master
> git rev-parse --symbolic-full-name master@{u}
fatal: no upstream configured for branch 'master'
> git for-each-ref --sort -committerdate --format %(refname) %(objectname)
> git remote --verbose
> git config --get commit.template
> git log --format=%H%n%aN%n%aE%n%at%n%ct%n%P%n%B -z -n23 -- /home/samuelhawthorne5/Restaurant Lily/index.html
> git check-ignore -v -z --stdin
> git check-ignore -v -z --stdin
> git check-ignore -v -z --stdin
> git log --format=%H%n%aN%n%aE%n%at%n%ct%n%P%n%B -z -n22 -- /home/samuelhawthorne5/Restaurant Lily/lily.css
> git show --textconv :Restaurant Lily/lily.css
> git ls-files --stage -- /home/samuelhawthorne5/Restaurant Lily/lily.css
> git cat-file -s 81541c2a55c38f87b21cf67f3834861f327092ef
> git log --format=%H%n%aN%n%aE%n%at%n%ct%n%P%n%B -z -n22 -- /home/samuelhawthorne5/Restaurant Lily/index.html
> git show --textconv :Restaurant Lily/index.html
> git ls-files --stage -- /home/samuelhawthorne5/Restaurant Lily/index.html
> git cat-file -s 1f796e969e6dc9bfff4f3b8ffd0b56be0e758a68
> git check-ignore -v -z --stdin
> git commit --quiet --allow-empty-message --file -
> git status -z -u
> git symbolic-ref --short HEAD
> git rev-parse master
> git ls-files --stage -- /home/samuelhawthorne5/Restaurant Lily/index.html
> git rev-parse --symbolic-full-name master@{u}
> git cat-file -s 1f796e969e6dc9bfff4f3b8ffd0b56be0e758a68
fatal: no upstream configured for branch 'master'
> git for-each-ref --sort -committerdate --format %(refname) %(objectname)
> git remote --verbose
> git show --textconv :Restaurant Lily/index.html
> git config --get commit.template
> git config --get commit.template
> git check-ignore -v -z --stdin
> git add -A -- .
warning: adding embedded git repository: portfolio
hint: You've added another git repository inside your current repository.
hint: Clones of the outer repository will not contain the contents of
hint: the embedded repository and will not know how to obtain it.
hint: If you meant to add a submodule, use:
hint: 
hint: 	git submodule add <url> portfolio
hint: 
hint: If you added this path by mistake, you can remove it from the
hint: index with:
hint: 
hint: 	git rm --cached portfolio
hint: 
hint: See "git help submodule" for more information.
> git commit --quiet --allow-empty-message --file -
> git ls-files --stage -- /home/samuelhawthorne5/Restaurant Lily/index.html
> git cat-file -s c21139aa7b9a190a7830c77d406b6e0f008682df
> git show --textconv :Restaurant Lily/index.html
> git status -z -u
> git symbolic-ref --short HEAD
> git rev-parse master
> git rev-parse --symbolic-full-name master@{u}
fatal: no upstream configured for branch 'master'
> git for-each-ref --sort -committerdate --format %(refname) %(objectname)
> git remote --verbose
> git ls-files --stage -- /home/samuelhawthorne5/Restaurant Lily/index.html
> git config --get commit.template
> git cat-file -s c21139aa7b9a190a7830c77d406b6e0f008682df
> git show --textconv :Restaurant Lily/index.html
> git check-ignore -v -z --stdin
> git check-ignore -v -z --stdin
> git add -A -- /home/samuelhawthorne5/.config/Code/Cache/index-dir/the-real-index /home/samuelhawthorne5/.config/Code/GPUCache/data_1 /home/samuelhawthorne5/.config/Code/User/workspaceStorage/93dc6d075fdb355e4f8f1c98123d8830/state.vscdb /home/samuelhawthorne5/.config/Code/logs/20210304T160136/exthost1/output_logging_20210304T160201/3-Git.log /home/samuelhawthorne5/portfolio
> git status -z -u
> git symbolic-ref --short HEAD
> git rev-parse master
> git rev-parse --symbolic-full-name master@{u}
fatal: no upstream configured for branch 'master'
> git for-each-ref --sort -committerdate --format %(refname) %(objectname)
> git remote --verbose
> git config --get commit.template
> git ls-files --stage -- /home/samuelhawthorne5/Restaurant Lily/index.html
> git cat-file -s c21139aa7b9a190a7830c77d406b6e0f008682df
> git show --textconv :Restaurant Lily/index.html
> git status -z -u
> git symbolic-ref --short HEAD
> git rev-parse master
> git rev-parse --symbolic-full-name master@{u}
fatal: no upstream configured for branch 'master'
> git for-each-ref --sort -committerdate --format %(refname) %(objectname)
> git remote --verbose
> git config --get commit.template
> git commit --quiet --allow-empty-message --file -
> git status -z -u
> git commit --quiet --allow-empty-message --file -
> git commit --quiet --allow-empty-message --file -
> git commit --quiet --allow-empty-message --file -
> git commit --quiet --allow-empty-message --file -
> git commit --quiet --allow-empty-message --file -
> git commit --quiet --allow-empty-message --file -
> git symbolic-ref --short HEAD
> git commit --quiet --allow-empty-message --file -
> git commit --quiet --allow-empty-message --file -
> git commit --quiet --allow-empty-message --file -
> git commit --quiet --allow-empty-message --file -
fatal: Unable to create '/home/samuelhawthorne5/.git/index.lock': File exists.

Another git process seems to be running in this repository, e.g.
an editor opened by 'git commit'. Please make sure all processes
are terminated then try again. If it still fails, a git process
may have crashed in this repository earlier:
remove the file manually to continue.
> git config --get-all user.name
fatal: Unable to create '/home/samuelhawthorne5/.git/index.lock': File exists.

Another git process seems to be running in this repository, e.g.
an editor opened by 'git commit'. Please make sure all processes
are terminated then try again. If it still fails, a git process
may have crashed in this repository earlier:
remove the file manually to continue.
> git config --get-all user.name
> git config --get-all user.name
> git config --get-all user.name
> git config --get-all user.name
> git config --get-all user.name
> git config --get-all user.name
> git rev-parse master
> git commit --quiet --allow-empty-message --file -
> git rev-parse --symbolic-full-name master@{u}
> git config --get-all user.email
> git config --get-all user.email
> git config --get-all user.email
> git config --get-all user.email
> git config --get-all user.email
> git config --get-all user.email
> git config --get-all user.name
> git config --get-all user.name
> git config --get-all user.name
> git config --get-all user.email
> git commit --quiet --allow-empty-message --file -
> git config --get-all user.email
> git config --get-all user.email
> git config --get-all user.email
fatal: no upstream configured for branch 'master'
> git for-each-ref --sort -committerdate --format %(refname) %(objectname)
> git remote --verbose
> git commit --quiet --allow-empty-message --file -
> git ls-files --stage -- /home/samuelhawthorne5/Restaurant Lily/index.html
> git config --get-all user.name
> git config --get commit.template
> git cat-file -s c21139aa7b9a190a7830c77d406b6e0f008682df
> git config --get-all user.name
> git commit --quiet --allow-empty-message --file -
> git config --get-all user.email
> git config --get-all user.name
> git config --get-all user.email
> git config --get commit.template
> git config --get-all user.email
> git show --textconv :Restaurant Lily/index.html
> git config --get-all user.name
> git config --get-all user.email
> git ls-files --stage -- /home/samuelhawthorne5/Restaurant Lily/index.html
> git cat-file -s c21139aa7b9a190a7830c77d406b6e0f008682df
> git show --textconv :Restaurant Lily/index.html
> git status -z -u
> git symbolic-ref --short HEAD
> git rev-parse master
> git rev-parse --symbolic-full-name master@{u}
fatal: no upstream configured for branch 'master'
> git for-each-ref --sort -committerdate --format %(refname) %(objectname)
> git remote --verbose
> git config --get commit.template
> git add -A -- .
