Looking for git in: git
Using git 2.20.1 from git
> git rev-parse --git-dir
Open repository: /home/samuelhawthorne5
> git fetch
> git status -z -u
> git symbolic-ref --short HEAD
> git rev-parse new-change
> git rev-parse --symbolic-full-name new-change@{u}
> git rev-list --left-right new-change...refs/remotes/protect01/new-change
> git for-each-ref --sort -committerdate --format %(refname) %(objectname)
> git remote --verbose
> git config --get commit.template
> git status -z -u
> git symbolic-ref --short HEAD
> git rev-parse new-change
> git check-ignore -v -z --stdin
> git rev-parse --symbolic-full-name new-change@{u}
> git rev-list --left-right new-change...refs/remotes/protect01/new-change
> git for-each-ref --sort -committerdate --format %(refname) %(objectname)
> git remote --verbose
> git config --get commit.template
> git show --textconv :portfolio2021/index.html
> git ls-files --stage -- /home/samuelhawthorne5/portfolio2021/index.html
> git check-ignore -v -z --stdin
> git cat-file -s 114d41895b21f337c80cabf6bb798f85c2952a67
> git show --textconv :portfolio2021/portfolio2021.css
> git ls-files --stage -- /home/samuelhawthorne5/portfolio2021/portfolio2021.css
> git cat-file -s 8aa9d287fc5f22be484ceb1681cd18dbdcde97d6
> git fetch
> git status -z -u
> git symbolic-ref --short HEAD
> git rev-parse new-change
> git rev-parse --symbolic-full-name new-change@{u}
> git rev-list --left-right new-change...refs/remotes/protect01/new-change
> git for-each-ref --sort -committerdate --format %(refname) %(objectname)
> git remote --verbose
> git config --get commit.template
> git ls-files --stage -- /home/samuelhawthorne5/portfolio2021/portfolio2021.css
> git cat-file -s 8aa9d287fc5f22be484ceb1681cd18dbdcde97d6
> git show --textconv :portfolio2021/portfolio2021.css
> git status -z -u
> git symbolic-ref --short HEAD
> git rev-parse new-change
> git rev-parse --symbolic-full-name new-change@{u}
> git rev-list --left-right new-change...refs/remotes/protect01/new-change
> git for-each-ref --sort -committerdate --format %(refname) %(objectname)
> git remote --verbose
> git config --get commit.template
> git show --textconv :testme/index.html
> git ls-files --stage -- /home/samuelhawthorne5/testme/index.html
> git cat-file -s 0e38ea2878cb3db31752592fda463256f262bf43
> git check-ignore -v -z --stdin
> git show --textconv :portfolio2021/portfolio2021.css
> git ls-files --stage -- /home/samuelhawthorne5/portfolio2021/portfolio2021.css
> git cat-file -s 8aa9d287fc5f22be484ceb1681cd18dbdcde97d6
> git show --textconv :portfolio2021/index.html
> git ls-files --stage -- /home/samuelhawthorne5/portfolio2021/index.html
> git cat-file -s 114d41895b21f337c80cabf6bb798f85c2952a67
> git show --textconv :portfolio/portfolio.css
> git ls-files --stage -- /home/samuelhawthorne5/portfolio/portfolio.css
> git show --textconv :portfolio2021/index.html
> git ls-files --stage -- /home/samuelhawthorne5/portfolio2021/index.html
> git cat-file -s 114d41895b21f337c80cabf6bb798f85c2952a67
> git show --textconv :portfolio2021/portfolio2021.css
> git ls-files --stage -- /home/samuelhawthorne5/portfolio2021/portfolio2021.css
> git cat-file -s 8aa9d287fc5f22be484ceb1681cd18dbdcde97d6
> git show --textconv :portfolio2021/index.html
> git ls-files --stage -- /home/samuelhawthorne5/portfolio2021/index.html
> git cat-file -s 114d41895b21f337c80cabf6bb798f85c2952a67
> git status -z -u
> git symbolic-ref --short HEAD
> git rev-parse new-change
> git rev-parse --symbolic-full-name new-change@{u}
> git rev-list --left-right new-change...refs/remotes/protect01/new-change
> git for-each-ref --sort -committerdate --format %(refname) %(objectname)
> git remote --verbose
> git config --get commit.template
> git show --textconv :portfolio2021/portfolio2021.css
> git ls-files --stage -- /home/samuelhawthorne5/portfolio2021/portfolio2021.css
> git cat-file -s 8aa9d287fc5f22be484ceb1681cd18dbdcde97d6
> git status -z -u
> git symbolic-ref --short HEAD
> git rev-parse new-change
> git rev-parse --symbolic-full-name new-change@{u}
> git rev-list --left-right new-change...refs/remotes/protect01/new-change
> git for-each-ref --sort -committerdate --format %(refname) %(objectname)
> git remote --verbose
> git config --get commit.template
> git fetch
> git status -z -u
> git symbolic-ref --short HEAD
> git rev-parse new-change
> git rev-parse --symbolic-full-name new-change@{u}
> git rev-list --left-right new-change...refs/remotes/protect01/new-change
> git for-each-ref --sort -committerdate --format %(refname) %(objectname)
> git remote --verbose
> git config --get commit.template
> git ls-files --stage -- /home/samuelhawthorne5/portfolio2021/portfolio2021.css
> git cat-file -s 8aa9d287fc5f22be484ceb1681cd18dbdcde97d6
> git show --textconv :portfolio2021/portfolio2021.css
> git status -z -u
> git symbolic-ref --short HEAD
> git rev-parse new-change
> git rev-parse --symbolic-full-name new-change@{u}
> git rev-list --left-right new-change...refs/remotes/protect01/new-change
> git for-each-ref --sort -committerdate --format %(refname) %(objectname)
> git remote --verbose
> git config --get commit.template
> git show --textconv :portfolio2021/index.html
> git ls-files --stage -- /home/samuelhawthorne5/portfolio2021/index.html
> git cat-file -s 114d41895b21f337c80cabf6bb798f85c2952a67
> git status -z -u
> git symbolic-ref --short HEAD
> git rev-parse new-change
> git rev-parse --symbolic-full-name new-change@{u}
> git rev-list --left-right new-change...refs/remotes/protect01/new-change
> git for-each-ref --sort -committerdate --format %(refname) %(objectname)
> git remote --verbose
> git config --get commit.template
> git fetch
> git status -z -u
> git symbolic-ref --short HEAD
> git rev-parse new-change
> git rev-parse --symbolic-full-name new-change@{u}
> git rev-list --left-right new-change...refs/remotes/protect01/new-change
> git for-each-ref --sort -committerdate --format %(refname) %(objectname)
> git remote --verbose
> git config --get commit.template
> git ls-files --stage -- /home/samuelhawthorne5/portfolio2021/index.html
> git cat-file -s 114d41895b21f337c80cabf6bb798f85c2952a67
> git show --textconv :portfolio2021/index.html
> git status -z -u
> git symbolic-ref --short HEAD
> git rev-parse new-change
> git rev-parse --symbolic-full-name new-change@{u}
> git rev-list --left-right new-change...refs/remotes/protect01/new-change
> git for-each-ref --sort -committerdate --format %(refname) %(objectname)
> git remote --verbose
> git config --get commit.template
> git fetch
> git status -z -u
> git symbolic-ref --short HEAD
> git rev-parse new-change
> git rev-parse --symbolic-full-name new-change@{u}
> git rev-list --left-right new-change...refs/remotes/protect01/new-change
> git for-each-ref --sort -committerdate --format %(refname) %(objectname)
> git remote --verbose
> git config --get commit.template
> git ls-files --stage -- /home/samuelhawthorne5/portfolio2021/index.html
> git cat-file -s 114d41895b21f337c80cabf6bb798f85c2952a67
> git show --textconv :portfolio2021/index.html
> git status -z -u
> git symbolic-ref --short HEAD
> git rev-parse new-change
> git rev-parse --symbolic-full-name new-change@{u}
> git rev-list --left-right new-change...refs/remotes/protect01/new-change
> git for-each-ref --sort -committerdate --format %(refname) %(objectname)
> git remote --verbose
> git config --get commit.template
git.getSCMResource.uri file:///home/samuelhawthorne5/portfolio2021/index.html
repo root /home/samuelhawthorne5
> git show --textconv HEAD:portfolio2021/index.html
> git ls-tree -l HEAD -- /home/samuelhawthorne5/portfolio2021/index.html
> git log --format=%H%n%aN%n%aE%n%at%n%ct%n%P%n%B -z -n21 -- /home/samuelhawthorne5/portfolio2021/index.html
> git ls-tree -l HEAD -- /home/samuelhawthorne5/portfolio2021/index.html
> git ls-tree -l HEAD -- /home/samuelhawthorne5/portfolio2021/index.html
> git ls-tree -l HEAD -- /home/samuelhawthorne5/portfolio2021/index.html
