Visual Studio Code GitHub Extension
git symbolic-ref -q HEAD
git --version
git for-each-ref --format='%(upstream)' 'refs/heads/new-change'
git config --local --get remote.origin.url
git config --local --get-regexp ^remote.*.url
Command failed with exit code 1: git config --local --get remote.origin.url
Error: Command failed with exit code 1: git config --local --get remote.origin.url
    at makeError (/home/samuelhawthorne5/.vscode/extensions/knisterpeter.vscode-github-0.30.6/node_modules/execa/lib/error.js:59:11)
    at handlePromise (/home/samuelhawthorne5/.vscode/extensions/knisterpeter.vscode-github-0.30.6/node_modules/execa/index.js:114:26)
    at processTicksAndRejections (internal/process/task_queues.js:94:5)


Your configuration contains an invalid remoteName. Consider setting the `github.remoteName` setting with one of these:

samH
Mine
lily
protect01

Failed to connect to provider "Command failed with exit code 1: git config --local --get remote.origin.url"
git branch
git symbolic-ref -q HEAD
git for-each-ref --format='%(upstream)' 'refs/heads/new-change'
git config --local --get remote.origin.url
git config --local --get-regexp ^remote.*.url
Command failed with exit code 1: git config --local --get remote.origin.url
Error: Command failed with exit code 1: git config --local --get remote.origin.url
    at makeError (/home/samuelhawthorne5/.vscode/extensions/knisterpeter.vscode-github-0.30.6/node_modules/execa/lib/error.js:59:11)
    at handlePromise (/home/samuelhawthorne5/.vscode/extensions/knisterpeter.vscode-github-0.30.6/node_modules/execa/index.js:114:26)
    at processTicksAndRejections (internal/process/task_queues.js:94:5)


Your configuration contains an invalid remoteName. Consider setting the `github.remoteName` setting with one of these:

samH
Mine
lily
protect01

