Looking for git in: git
Using git 2.20.1 from git
> git rev-parse --git-dir
Open repository: /home/samuelhawthorne5
> git status -z -u
> git symbolic-ref --short HEAD
> git rev-parse lily2021
> git rev-parse --symbolic-full-name lily2021@{u}
> git rev-list --left-right lily2021...refs/remotes/protect01/lily2021
> git for-each-ref --sort -committerdate --format %(refname) %(objectname)
> git remote --verbose
> git check-ignore -v -z --stdin
> git show --textconv :portfolio2021/index.html
> git ls-files --stage -- /home/samuelhawthorne5/portfolio2021/index.html
> git config --get commit.template
> git check-ignore -v -z --stdin
> git show --textconv :portfolio2021/about.html
> git ls-files --stage -- /home/samuelhawthorne5/portfolio2021/about.html
> git show --textconv :portfolio2021/index.html
> git ls-files --stage -- /home/samuelhawthorne5/portfolio2021/index.html
> git show --textconv :portfolio2021/about.html
> git ls-files --stage -- /home/samuelhawthorne5/portfolio2021/about.html
> git show --textconv :portfolio2021/index.html
> git ls-files --stage -- /home/samuelhawthorne5/portfolio2021/index.html
> git show --textconv :portfolio2021/about.html
> git ls-files --stage -- /home/samuelhawthorne5/portfolio2021/about.html
> git show --textconv :portfolio2021/index.html
> git ls-files --stage -- /home/samuelhawthorne5/portfolio2021/index.html
> git show --textconv :portfolio2021/about.html
> git ls-files --stage -- /home/samuelhawthorne5/portfolio2021/about.html
> git show --textconv :portfolio2021/index.html
> git ls-files --stage -- /home/samuelhawthorne5/portfolio2021/index.html
> git show --textconv :portfolio2021/about.html
> git ls-files --stage -- /home/samuelhawthorne5/portfolio2021/about.html
> git show --textconv :portfolio2021/index.html
> git ls-files --stage -- /home/samuelhawthorne5/portfolio2021/index.html
> git show --textconv :portfolio2021/about.html
> git ls-files --stage -- /home/samuelhawthorne5/portfolio2021/about.html
> git show --textconv :portfolio2021/index.html
> git ls-files --stage -- /home/samuelhawthorne5/portfolio2021/index.html
> git show --textconv :portfolio2021/about.html
> git ls-files --stage -- /home/samuelhawthorne5/portfolio2021/about.html
> git show --textconv :portfolio2021/index.html
> git ls-files --stage -- /home/samuelhawthorne5/portfolio2021/index.html
> git show --textconv :portfolio2021/about.html
> git ls-files --stage -- /home/samuelhawthorne5/portfolio2021/about.html
> git show --textconv :portfolio2021/index.html
> git ls-files --stage -- /home/samuelhawthorne5/portfolio2021/index.html
> git show --textconv :portfolio2021/about.html
> git ls-files --stage -- /home/samuelhawthorne5/portfolio2021/about.html
> git check-ignore -v -z --stdin
> git check-ignore -v -z --stdin
> git check-ignore -v -z --stdin
> git check-ignore -v -z --stdin
> git add -A -- /home/samuelhawthorne5/.config/Code/rapid_render.json /home/samuelhawthorne5/.config/Code/storage.json /home/samuelhawthorne5/.Xauthority /home/samuelhawthorne5/.cache/fontconfig/1d2c01d9-c27e-5d8c-946a-6992c45cfce8-le64.cache-7 /home/samuelhawthorne5/.cache/fontconfig/2793fb9a043859562fc8eeae648d5152-le64.cache-7 /home/samuelhawthorne5/.cache/fontconfig/2adfab2a719b29ed12bc9642f5214134-le64.cache-7 /home/samuelhawthorne5/.cache/fontconfig/420781ba3a8af01e3483d561262509e2-le64.cache-7 /home/samuelhawthorne5/.cache/fontconfig/482ff680-d74f-5bdc-8e54-d5cd336d86e0-le64.cache-7 /home/samuelhawthorne5/.cache/fontconfig/4b7c4507-0138-596f-ae63-fdedc8bdfd82-le64.cache-7 /home/samuelhawthorne5/.cache/fontconfig/52785564-90d9-5579-89a5-9f48e4881935-le64.cache-7 /home/samuelhawthorne5/.cache/fontconfig/5774675660ecc312b8914a4ae6dfff80-le64.cache-7 /home/samuelhawthorne5/.cache/fontconfig/5ef2633c-47cd-5596-a4c8-b7b2dad1d44b-le64.cache-7 /home/samuelhawthorne5/.cache/fontconfig/61b86929-ab8c-5c91-9220-72f0a861ede3-le64.cache-7 /home/samuelhawthorne5/.cache/fontconfig/63a71c5f-4edb-5c3a-b926-109be7cd3aac-le64.cache-7 /home/samuelhawthorne5/.cache/fontconfig/73fce5fe389ddc260ebd34cac4429ead-le64.cache-7 /home/samuelhawthorne5/.cache/fontconfig/7d65fcc37ea4bd4766305613b8665e30-le64.cache-7 /home/samuelhawthorne5/.cache/fontconfig/7e6ed75c-7527-5ffe-84a6-1bd38a359a14-le64.cache-7 /home/samuelhawthorne5/.cache/fontconfig/8db0405a1946c428f5ca5d9b258c43e3-le64.cache-7 /home/samuelhawthorne5/.cache/fontconfig/9fc9f413e12350b1a0ba9e2cbba75d39-le64.cache-7 /home/samuelhawthorne5/.cache/fontconfig/CACHEDIR.TAG /home/samuelhawthorne5/.cache/fontconfig/a99f2920-0014-5b4f-aaf3-3d47ca54c5fc-le64.cache-7 /home/samuelhawthorne5/.cache/fontconfig/aabd7c32212c7e3464a52269e2d6e6d5-le64.cache-7 /home/samuelhawthorne5/.cache/fontconfig/d9ce020ff0b7ec6a15daf2e8ebcb2a30-le64.cache-7 /home/samuelhawthorne5/.cache/fontconfig/ed7a2030-00f8-581d-ac04-bdbdfe09b95e-le64.cache-7 /home/samuelhawthorne5/.cache/fontconfig/f51dcade74c43299be26a9c4c7a57960-le64.cache-7 /home/samuelhawthorne5/.config/Code/Backups/workspaces.json /home/samuelhawthorne5/.config/Code/Cache/625bbe30771f2f39_0 /home/samuelhawthorne5/.config/Code/Cache/a7d9540d676dc61b_0 /home/samuelhawthorne5/.config/Code/Cache/c85687354a0e770a_0 /home/samuelhawthorne5/.config/Code/Cache/cbc42e4c979f69f0_0 /home/samuelhawthorne5/.config/Code/Cache/index /home/samuelhawthorne5/.config/Code/Cache/index-dir/the-real-index /home/samuelhawthorne5/.config/Code/CachedData/d2e414d9e4239a252d1ab117bd7067f125afd80a/AvailabilityData-a8b04c800ee33d1aefb952f21049e3b4.code /home/samuelhawthorne5/.config/Code/CachedData/d2e414d9e4239a252d1ab117bd7067f125afd80a/Base-4c5d4fe2dc4093c0d4b972baaa70c227.code /home/samuelhawthorne5/.config/Code/CachedData/d2e414d9e4239a252d1ab117bd7067f125afd80a/Channel-78ea03e096175cb51e830e69a7d5ba62.code /home/samuelhawthorne5/.config/Code/CachedData/d2e414d9e4239a252d1ab117bd7067f125afd80a/Config-3df194716243893ee19690857ce8e9ed.code /home/samuelhawthorne5/.config/Code/CachedData/d2e414d9e4239a252d1ab117bd7067f125afd80a/Console-a041d1d3c0f38f472806bf3f81efc71e.code /home/samuelhawthorne5/.config/Code/CachedData/d2e414d9e4239a252d1ab117bd7067f125afd80a/Constants-d25bf35b6174072b37f19541ae2da470.code /home/samuelhawthorne5/.config/Code/CachedData/d2e414d9e4239a252d1ab117bd7067f125afd80a/Context-79cc1e273d8be562bccefbc790e0bb0a.code /home/samuelhawthorne5/.config/Code/CachedData/d2e414d9e4239a252d1ab117bd7067f125afd80a/ContextTagKeys-de1b573e6d86120cdce6c2c1027f1f18.code /home/samuelhawthorne5/.config/Code/CachedData/d2e414d9e4239a252d1ab117bd7067f125afd80a/CorrelationContextManager-da8251227258593c29afd4a7f00c71ca.code /home/samuelhawthorne5/.config/Code/CachedData/d2e414d9e4239a252d1ab117bd7067f125afd80a/CorrelationIdManager-b3411a863ba8cd82f60b7d4dea180080.code /home/samuelhawthorne5/.config/Code/CachedData/d2e414d9e4239a252d1ab117bd7067f125afd80a/Data-99dfd48ddddc88cb1bb7546bacc3ba11.code /home/samuelhawthorne5/.config/Code/CachedData/d2e414d9e4239a252d1ab117bd7067f125afd80a/DataPoint-11dae0b3d503fd29a93edf433146f624.code /home/samuelhawthorne5/.config/Code/CachedData/d2e414d9e4239a252d1ab117bd7067f125afd80a/DataPointType-4a3d4fc898a6f4afe2e51df752da3199.code /home/samuelhawthorne5/.config/Code/CachedData/d2e414d9e4239a252d1ab117bd7067f125afd80a/Domain-c1ad967bce419bc3879f4dff2041abec.code /home/samuelhawthorne5/.config/Code/CachedData/d2e414d9e4239a252d1ab117bd7067f125afd80a/Envelope-a34d20dfc0ed14053f24de2ae4d2e3a8.code /home/samuelhawthorne5/.config/Code/CachedData/d2e414d9e4239a252d1ab117bd7067f125afd80a/EnvelopeFactory-8016ec24d32d1a88e956732c3fd47ad1.code /home/samuelhawthorne5/.config/Code/CachedData/d2e414d9e4239a252d1ab117bd7067f125afd80a/EventData-11d3cb4cdfb2eb81782800318969232a.code /home/samuelhawthorne5/.config/Code/CachedData/d2e414d9e4239a252d1ab117bd7067f125afd80a/ExceptionData-355dac0f775b6c0fb739ab669d511bd3.code /home/samuelhawthorne5/.config/Code/CachedData/d2e414d9e4239a252d1ab117bd7067f125afd80a/ExceptionDetails-e4910b78e7450e21c0dc8fc2431251e7.code /home/samuelhawthorne5/.config/Code/CachedData/d2e414d9e4239a252d1ab117bd7067f125afd80a/Exceptions-ce3515b131df2975e128a395ad483526.code /home/samuelhawthorne5/.config/Code/CachedData/d2e414d9e4239a252d1ab117bd7067f125afd80a/HttpDependencies-6f86248c9aaf2ead3e35a72bbdccef53.code /home/samuelhawthorne5/.config/Code/CachedData/d2e414d9e4239a252d1ab117bd7067f125afd80a/HttpDependencyParser-cce3b6e92fc71131deb2e576212b2a7d.code /home/samuelhawthorne5/.config/Code/CachedData/d2e414d9e4239a252d1ab117bd7067f125afd80a/HttpRequestParser-de9ae7dde7a38b9d900cfe5a1510fde3.code /home/samuelhawthorne5/.config/Code/CachedData/d2e414d9e4239a252d1ab117bd7067f125afd80a/HttpRequests-4eabf0ca5b07c20c8dcd71fe63806043.code /home/samuelhawthorne5/.config/Code/CachedData/d2e414d9e4239a252d1ab117bd7067f125afd80a/Logging-5770d5197b0cf4f7d5d57a495d74dae1.code /home/samuelhawthorne5/.config/Code/CachedData/d2e414d9e4239a252d1ab117bd7067f125afd80a/MessageData-d79b5ee6f7b7c080013fb57f08d7b553.code /home/samuelhawthorne5/.config/Code/CachedData/d2e414d9e4239a252d1ab117bd7067f125afd80a/MetricData-a515aa23153c17d851a485ab3ebfe918.code /home/samuelhawthorne5/.config/Code/CachedData/d2e414d9e4239a252d1ab117bd7067f125afd80a/NodeClient-c8b8720283e5366683778453de992d75.code /home/samuelhawthorne5/.config/Code/CachedData/d2e414d9e4239a252d1ab117bd7067f125afd80a/PageViewData-fea5450469e3a6a955bd9e6071cd3f00.code /home/samuelhawthorne5/.config/Code/CachedData/d2e414d9e4239a252d1ab117bd7067f125afd80a/Performance-0efcb0e268376fb12b1c41ec6e79bfdf.code /home/samuelhawthorne5/.config/Code/CachedData/d2e414d9e4239a252d1ab117bd7067f125afd80a/RemoteDependencyData-dc4d421bdc084be111d266be52f87626.code /home/samuelhawthorne5/.config/Code/CachedData/d2e414d9e4239a252d1ab117bd7067f125afd80a/RequestData-317d985ee189cdfa08ec23015efbb509.code /home/samuelhawthorne5/.config/Code/CachedData/d2e414d9e4239a252d1ab117bd7067f125afd80a/RequestParser-d4ed67e81977989c10d027d39762c377.code /home/samuelhawthorne5/.config/Code/CachedData/d2e414d9e4239a252d1ab117bd7067f125afd80a/RequestResponseHeaders-951b93e2da90894e41754234f15d7d53.code /home/samuelhawthorne5/.config/Code/CachedData/d2e414d9e4239a252d1ab117bd7067f125afd80a/SamplingTelemetryProcessor-6ea4bb431e5ea30ac9d867a80b86550d.code /home/samuelhawthorne5/.config/Code/CachedData/d2e414d9e4239a252d1ab117bd7067f125afd80a/Sender-164e8c64c948a361878eecada5c5ed72.code /home/samuelhawthorne5/.config/Code/CachedData/d2e414d9e4239a252d1ab117bd7067f125afd80a/SeverityLevel-964e25da1b4ea9da0d91f617086b7f8c.code /home/samuelhawthorne5/.config/Code/CachedData/d2e414d9e4239a252d1ab117bd7067f125afd80a/StackFrame-537ff530d2c38c67257c1b1c5efea114.code /home/samuelhawthorne5/.config/Code/CachedData/d2e414d9e4239a252d1ab117bd7067f125afd80a/TelemetryClient-5a39e3c1a2d65e809d3c398d4f7dd982.code /home/samuelhawthorne5/.config/Code/CachedData/d2e414d9e4239a252d1ab117bd7067f125afd80a/TelemetryType-f1bb2d3cb5bced7ad9fc13e5d47572ba.code /home/samuelhawthorne5/.config/Code/CachedData/d2e414d9e4239a252d1ab117bd7067f125afd80a/Util-98469b8b2f5d9d29849fbab9c01f98b8.code /home/samuelhawthorne5/.config/Code/CachedData/d2e414d9e4239a252d1ab117bd7067f125afd80a/applicationinsights-a46ef9bc228c6c006b9f2f611adde35d.code /home/samuelhawthorne5/.config/Code/CachedData/d2e414d9e4239a252d1ab117bd7067f125afd80a/bindings-175d9346667cd5644354fb4413516a11.code /home/samuelhawthorne5/.config/Code/CachedData/d2e414d9e4239a252d1ab117bd7067f125afd80a/bindings-3df5c8ee749d27d1f935b9a6f1b5cc28.code /home/samuelhawthorne5/.config/Code/CachedData/d2e414d9e4239a252d1ab117bd7067f125afd80a/bindings-5dbccbe23bea19b219468599f7ee17a4.code /home/samuelhawthorne5/.config/Code/CachedData/d2e414d9e4239a252d1ab117bd7067f125afd80a/bindings-f4b3550a67bd3264e949c0362a53e41e.code /home/samuelhawthorne5/.config/Code/CachedData/d2e414d9e4239a252d1ab117bd7067f125afd80a/clone-7edc3fe6cc7da7aa04fcdfb20376bb69.code /home/samuelhawthorne5/.config/Code/CachedData/d2e414d9e4239a252d1ab117bd7067f125afd80a/clone-cd9f636613c123dcaefa23982d54c2df.code /home/samuelhawthorne5/.config/Code/CachedData/d2e414d9e4239a252d1ab117bd7067f125afd80a/common-9048791b0f23db822840e5c7cc4f80c5.code /home/samuelhawthorne5/.config/Code/CachedData/d2e414d9e4239a252d1ab117bd7067f125afd80a/common-9ecd22fa7e8f1c95721cfc69ff586466.code /home/samuelhawthorne5/.config/Code/CachedData/d2e414d9e4239a252d1ab117bd7067f125afd80a/constants-99b900b2a99d07eb43fb2a925650dd9d.code /home/samuelhawthorne5/.config/Code/CachedData/d2e414d9e4239a252d1ab117bd7067f125afd80a/debug-3f3ead0d14338683d53d05124401e5c1.code /home/samuelhawthorne5/.config/Code/CachedData/d2e414d9e4239a252d1ab117bd7067f125afd80a/emmetNodeMain-e065cb9d19d0553c8613f6875e7ec94b.code /home/samuelhawthorne5/.config/Code/CachedData/d2e414d9e4239a252d1ab117bd7067f125afd80a/extension-7d6ea6ac37d2ee2e7d7f56bc8bf7f4bd.code /home/samuelhawthorne5/.config/Code/CachedData/d2e414d9e4239a252d1ab117bd7067f125afd80a/extension-81e537c7b956946f250d96629c32464b.code /home/samuelhawthorne5/.config/Code/CachedData/d2e414d9e4239a252d1ab117bd7067f125afd80a/extension-91047540c5f699b90230b4055fbc16ac.code /home/samuelhawthorne5/.config/Code/CachedData/d2e414d9e4239a252d1ab117bd7067f125afd80a/extension-aeb473ae05ad8b26bd49748a2351ca16.code /home/samuelhawthorne5/.config/Code/CachedData/d2e414d9e4239a252d1ab117bd7067f125afd80a/extension-be267cb6a92239de1bdd8d7a63baf399.code /home/samuelhawthorne5/.config/Code/CachedData/d2e414d9e4239a252d1ab117bd7067f125afd80a/extension-fe07641d0496121d6a7cd3ee74d7a1c6.code /home/samuelhawthorne5/.config/Code/CachedData/d2e414d9e4239a252d1ab117bd7067f125afd80a/extensionHostProcess-e938e956bfb0c9959093b831ef2b29d0.code /home/samuelhawthorne5/.config/Code/CachedData/d2e414d9e4239a252d1ab117bd7067f125afd80a/extensionHostProcess.nls-341988fc050179bb26a339f4a6e71ef0.code /home/samuelhawthorne5/.config/Code/CachedData/d2e414d9e4239a252d1ab117bd7067f125afd80a/graceful-fs-ab21b6aa861b1ddc39a1f09feb6d1f44.code /home/samuelhawthorne5/.config/Code/CachedData/d2e414d9e4239a252d1ab117bd7067f125afd80a/graceful-fs-d9f2b1e0c7cba03bfdfc19a918fcc5a9.code /home/samuelhawthorne5/.config/Code/CachedData/d2e414d9e4239a252d1ab117bd7067f125afd80a/helpers-e01e77798f5dc7826985f78d2e97777d.code /home/samuelhawthorne5/.config/Code/CachedData/d2e414d9e4239a252d1ab117bd7067f125afd80a/index-0159f7f71868fbdf92a095eee689429e.code /home/samuelhawthorne5/.config/Code/CachedData/d2e414d9e4239a252d1ab117bd7067f125afd80a/index-0a115799e21356f24ed0f121f6ec3121.code /home/samuelhawthorne5/.config/Code/CachedData/d2e414d9e4239a252d1ab117bd7067f125afd80a/index-10d47c8a404b84d976de2e1db0303b38.code /home/samuelhawthorne5/.config/Code/CachedData/d2e414d9e4239a252d1ab117bd7067f125afd80a/index-1566ab1140fda51a29ae23ece8edf686.code /home/samuelhawthorne5/.config/Code/CachedData/d2e414d9e4239a252d1ab117bd7067f125afd80a/index-1793a5eaaf545ec07247e8f203038287.code /home/samuelhawthorne5/.config/Code/CachedData/d2e414d9e4239a252d1ab117bd7067f125afd80a/index-17fc2610b89f89efa216bad9cd148677.code /home/samuelhawthorne5/.config/Code/CachedData/d2e414d9e4239a252d1ab117bd7067f125afd80a/index-18247e1c9ac2dca2a31d02515c9ff5c0.code /home/samuelhawthorne5/.config/Code/CachedData/d2e414d9e4239a252d1ab117bd7067f125afd80a/index-1a9a94c1fd1faa0c3cca3633b31625ec.code /home/samuelhawthorne5/.config/Code/CachedData/d2e414d9e4239a252d1ab117bd7067f125afd80a/index-20958e03db47b10b272e675f608374c0.code /home/samuelhawthorne5/.config/Code/CachedData/d2e414d9e4239a252d1ab117bd7067f125afd80a/index-2be369b46b3faeed4acc87aa7692c931.code /home/samuelhawthorne5/.config/Code/CachedData/d2e414d9e4239a252d1ab117bd7067f125afd80a/index-345f66c0046046b7b6804501caee5dda.code /home/samuelhawthorne5/.config/Code/CachedData/d2e414d9e4239a252d1ab117bd7067f125afd80a/index-390e8a310a96076752f772dd0b9207f7.code /home/samuelhawthorne5/.config/Code/CachedData/d2e414d9e4239a252d1ab117bd7067f125afd80a/index-40d6371df89b5303e80ce38976dcefe7.code /home/samuelhawthorne5/.config/Code/CachedData/d2e414d9e4239a252d1ab117bd7067f125afd80a/index-473eb0057289dd6bf6faf11691594e8a.code /home/samuelhawthorne5/.config/Code/CachedData/d2e414d9e4239a252d1ab117bd7067f125afd80a/index-47df40ff18186d4460c0ec4f1859c063.code /home/samuelhawthorne5/.config/Code/CachedData/d2e414d9e4239a252d1ab117bd7067f125afd80a/index-4f111e59940a86bdf1f482b7db44a68e.code /home/samuelhawthorne5/.config/Code/CachedData/d2e414d9e4239a252d1ab117bd7067f125afd80a/index-550168a9fd136f248623601a22492a89.code /home/samuelhawthorne5/.config/Code/CachedData/d2e414d9e4239a252d1ab117bd7067f125afd80a/index-6529c2a88917b58abe203c710307221f.code /home/samuelhawthorne5/.config/Code/CachedData/d2e414d9e4239a252d1ab117bd7067f125afd80a/index-6bd4a88bbb5f4b402643ecd16207fccc.code /home/samuelhawthorne5/.config/Code/CachedData/d2e414d9e4239a252d1ab117bd7067f125afd80a/index-6c3de34bc1ad08eef8df7271ac052ffc.code /home/samuelhawthorne5/.config/Code/CachedData/d2e414d9e4239a252d1ab117bd7067f125afd80a/index-73896d2e17030b92684cd88bb9e827f6.code /home/samuelhawthorne5/.config/Code/CachedData/d2e414d9e4239a252d1ab117bd7067f125afd80a/index-7419eba9c60e4ac85961512d7b1ec521.code /home/samuelhawthorne5/.config/Code/CachedData/d2e414d9e4239a252d1ab117bd7067f125afd80a/index-74eb0718c7ae52828efe08104608c676.code /home/samuelhawthorne5/.config/Code/CachedData/d2e414d9e4239a252d1ab117bd7067f125afd80a/index-74ebe31825aee3545508889ca3f74add.code /home/samuelhawthorne5/.config/Code/CachedData/d2e414d9e4239a252d1ab117bd7067f125afd80a/index-886d400e72b6de561b4a0f66eccd750a.code /home/samuelhawthorne5/.config/Code/CachedData/d2e414d9e4239a252d1ab117bd7067f125afd80a/index-897563aa63f5c3c2ab211631671d85e1.code /home/samuelhawthorne5/.config/Code/CachedData/d2e414d9e4239a252d1ab117bd7067f125afd80a/index-8e0def827a03abb5a25a8dc5e584c3e8.code /home/samuelhawthorne5/.config/Code/CachedData/d2e414d9e4239a252d1ab117bd7067f125afd80a/index-9419daf904615a095ced7ada3d8a17e9.code /home/samuelhawthorne5/.config/Code/CachedData/d2e414d9e4239a252d1ab117bd7067f125afd80a/index-a07acf9734acc531d443a9839ad09528.code /home/samuelhawthorne5/.config/Code/CachedData/d2e414d9e4239a252d1ab117bd7067f125afd80a/index-a56565a1b04964e53940615091bb262e.code /home/samuelhawthorne5/.config/Code/CachedData/d2e414d9e4239a252d1ab117bd7067f125afd80a/index-b423703962ac4ade22be2310b61e2f01.code /home/samuelhawthorne5/.config/Code/CachedData/d2e414d9e4239a252d1ab117bd7067f125afd80a/index-b43597555c05124a1bc2a65e2ee18085.code /home/samuelhawthorne5/.config/Code/CachedData/d2e414d9e4239a252d1ab117bd7067f125afd80a/index-b7abd06ad4efdf795dc685715e3e49bb.code /home/samuelhawthorne5/.config/Code/CachedData/d2e414d9e4239a252d1ab117bd7067f125afd80a/index-bb00a854eeed8ab44b9ac11d8b0d72d4.code /home/samuelhawthorne5/.config/Code/CachedData/d2e414d9e4239a252d1ab117bd7067f125afd80a/index-be73f0ff91ea7ba108a1b2b8e9a9479b.code /home/samuelhawthorne5/.config/Code/CachedData/d2e414d9e4239a252d1ab117bd7067f125afd80a/index-c1fc95ff01547f6ca748f6beb4818df1.code /home/samuelhawthorne5/.config/Code/CachedData/d2e414d9e4239a252d1ab117bd7067f125afd80a/index-c3d64086599a5c1b1a9c3537a76fe8bc.code /home/samuelhawthorne5/.config/Code/CachedData/d2e414d9e4239a252d1ab117bd7067f125afd80a/index-d7804ca55e74873e2e91a7954a0d1353.code /home/samuelhawthorne5/.config/Code/CachedData/d2e414d9e4239a252d1ab117bd7067f125afd80a/index-dc69c60f39def75ac886be9b12b1d7b6.code /home/samuelhawthorne5/.config/Code/CachedData/d2e414d9e4239a252d1ab117bd7067f125afd80a/index-eea82fa8e9999159df93b2cdb937f56d.code /home/samuelhawthorne5/.config/Code/CachedData/d2e414d9e4239a252d1ab117bd7067f125afd80a/initialization-5e9909d3ac7d80250744f47fbdc01978.code /home/samuelhawthorne5/.config/Code/CachedData/d2e414d9e4239a252d1ab117bd7067f125afd80a/ip-f454b9812c686e64c9a8f5ba157e0d36.code /home/samuelhawthorne5/.config/Code/CachedData/d2e414d9e4239a252d1ab117bd7067f125afd80a/keytar-9a0c75a37a5aa4068b28ccc10747d82b.code /home/samuelhawthorne5/.config/Code/CachedData/d2e414d9e4239a252d1ab117bd7067f125afd80a/legacy-streams-c15652b9825eea6acd39e3891b411a05.code /home/samuelhawthorne5/.config/Code/CachedData/d2e414d9e4239a252d1ab117bd7067f125afd80a/legacy-streams-cb344d46b41142b9325cecb7d2c5ae9e.code /home/samuelhawthorne5/.config/Code/CachedData/d2e414d9e4239a252d1ab117bd7067f125afd80a/main-07545b03ebcb948a5ff07e27f81d89ef.code /home/samuelhawthorne5/.config/Code/CachedData/d2e414d9e4239a252d1ab117bd7067f125afd80a/main-607528d097eabd74f62cc04b544397c2.code /home/samuelhawthorne5/.config/Code/CachedData/d2e414d9e4239a252d1ab117bd7067f125afd80a/main-68935303dd6cdb2f6bf9008a871a66d7.code /home/samuelhawthorne5/.config/Code/CachedData/d2e414d9e4239a252d1ab117bd7067f125afd80a/main-a3078321b7f913badd3aa18bc8927e53.code /home/samuelhawthorne5/.config/Code/CachedData/d2e414d9e4239a252d1ab117bd7067f125afd80a/main.nls-956ad8c538a19e90932a98f85a89fd06.code /home/samuelhawthorne5/.config/Code/CachedData/d2e414d9e4239a252d1ab117bd7067f125afd80a/mergeConflictMain-f8a5cabf610cb224dbd7f6b7b1b400a6.code /home/samuelhawthorne5/.config/Code/CachedData/d2e414d9e4239a252d1ab117bd7067f125afd80a/node-23aaebbc35bea8653af9c9e491fe9a0c.code /home/samuelhawthorne5/.config/Code/CachedData/d2e414d9e4239a252d1ab117bd7067f125afd80a/node-29efbc2de44e12b864d934d4fb93378b.code /home/samuelhawthorne5/.config/Code/CachedData/d2e414d9e4239a252d1ab117bd7067f125afd80a/node-7712ceca0512dbc16f6ad51035262731.code /home/samuelhawthorne5/.config/Code/CachedData/d2e414d9e4239a252d1ab117bd7067f125afd80a/patch-core-1538dcc3a2c977c6b40bb3f32c1903c6.code /home/samuelhawthorne5/.config/Code/CachedData/d2e414d9e4239a252d1ab117bd7067f125afd80a/patch-core-4853a3a6ecbe2c1e4de5c0de51454fe6.code /home/samuelhawthorne5/.config/Code/CachedData/d2e414d9e4239a252d1ab117bd7067f125afd80a/patch-core-fdbd83bc0b42502cc842a18f60984af2.code /home/samuelhawthorne5/.config/Code/CachedData/d2e414d9e4239a252d1ab117bd7067f125afd80a/paths-cd1505d524078d653ef4b7fdcc71eb37.code /home/samuelhawthorne5/.config/Code/CachedData/d2e414d9e4239a252d1ab117bd7067f125afd80a/paths-f674ffb496d5c6d248682c8533d7bdeb.code /home/samuelhawthorne5/.config/Code/CachedData/d2e414d9e4239a252d1ab117bd7067f125afd80a/polyfills-a11e8e839692cbaf67f81170f1c5e365.code /home/samuelhawthorne5/.config/Code/CachedData/d2e414d9e4239a252d1ab117bd7067f125afd80a/polyfills-cca83a712557f28d09b594ba71df6fce.code /home/samuelhawthorne5/.config/Code/CachedData/d2e414d9e4239a252d1ab117bd7067f125afd80a/promise-4e71ebc2a33147e074ffc73bf960b757.code /home/samuelhawthorne5/.config/Code/CachedData/d2e414d9e4239a252d1ab117bd7067f125afd80a/promisify-9cb68d5a764102ca8db30ee92bd3d1b3.code /home/samuelhawthorne5/.config/Code/CachedData/d2e414d9e4239a252d1ab117bd7067f125afd80a/receivebuffer-f46164c2147b21047a84d23b47095fbf.code /home/samuelhawthorne5/.config/Code/CachedData/d2e414d9e4239a252d1ab117bd7067f125afd80a/semver-umd-2dc558f83c5146e3bba42956f922d040.code /home/samuelhawthorne5/.config/Code/CachedData/d2e414d9e4239a252d1ab117bd7067f125afd80a/semver-umd-eadff3a77dcb7fb78a4ef080869b067e.code /home/samuelhawthorne5/.config/Code/CachedData/d2e414d9e4239a252d1ab117bd7067f125afd80a/sharedProcessMain-6a477d31ed7cc912edfc1e90668e15f4.code /home/samuelhawthorne5/.config/Code/CachedData/d2e414d9e4239a252d1ab117bd7067f125afd80a/sharedProcessMain.nls-9489c7a745a78650ec8ed665280718b7.code /home/samuelhawthorne5/.config/Code/CachedData/d2e414d9e4239a252d1ab117bd7067f125afd80a/smartbuffer-b72e80aa8a3c414943e705d6e29c93cd.code /home/samuelhawthorne5/.config/Code/CachedData/d2e414d9e4239a252d1ab117bd7067f125afd80a/socksclient-6a388774eb91a64537954a35624201a0.code /home/samuelhawthorne5/.config/Code/CachedData/d2e414d9e4239a252d1ab117bd7067f125afd80a/sqlite3-6695c45ae01b19f73b09836a79964900.code /home/samuelhawthorne5/.config/Code/CachedData/d2e414d9e4239a252d1ab117bd7067f125afd80a/sqlite3-816574f98bfb862eda1972ed0e40cd3c.code /home/samuelhawthorne5/.config/Code/CachedData/d2e414d9e4239a252d1ab117bd7067f125afd80a/tas-client-umd-cde6fccce6d5fe0753fb692014523288.code /home/samuelhawthorne5/.config/Code/CachedData/d2e414d9e4239a252d1ab117bd7067f125afd80a/util-75263de8446ee6609a665c44a324de46.code /home/samuelhawthorne5/.config/Code/CachedData/d2e414d9e4239a252d1ab117bd7067f125afd80a/utils-fc4980e64f009262ec59318b705fed08.code /home/samuelhawthorne5/.config/Code/CachedData/d2e414d9e4239a252d1ab117bd7067f125afd80a/workbench.desktop.main-f4bc6ce220b8d1eace5d5f18337d764d.code /home/samuelhawthorne5/.config/Code/CachedData/d2e414d9e4239a252d1ab117bd7067f125afd80a/workbench.desktop.main.nls-1eb26667a0cadd2701f485c06634c86d.code /home/samuelhawthorne5/.config/Code/CachedExtensions/builtin /home/samuelhawthorne5/.config/Code/CachedExtensions/user /home/samuelhawthorne5/.config/Code/Code Cache/js/index /home/samuelhawthorne5/.config/Code/Code Cache/js/index-dir/the-real-index /home/samuelhawthorne5/.config/Code/Code Cache/wasm/index /home/samuelhawthorne5/.config/Code/Code Cache/wasm/index-dir/the-real-index /home/samuelhawthorne5/.config/Code/Cookies /home/samuelhawthorne5/.config/Code/Cookies-journal /home/samuelhawthorne5/.config/Code/Crash Reports/client_id /home/samuelhawthorne5/.config/Code/GPUCache/data_0 /home/samuelhawthorne5/.config/Code/GPUCache/data_1 /home/samuelhawthorne5/.config/Code/GPUCache/data_2 /home/samuelhawthorne5/.config/Code/GPUCache/data_3 /home/samuelhawthorne5/.config/Code/GPUCache/index /home/samuelhawthorne5/.config/Code/Local Storage/leveldb/000003.log /home/samuelhawthorne5/.config/Code/Local Storage/leveldb/CURRENT /home/samuelhawthorne5/.config/Code/Local Storage/leveldb/LOCK /home/samuelhawthorne5/.config/Code/Local Storage/leveldb/LOG /home/samuelhawthorne5/.config/Code/Local Storage/leveldb/LOG.old /home/samuelhawthorne5/.config/Code/Local Storage/leveldb/MANIFEST-000001 /home/samuelhawthorne5/.config/Code/Network Persistent State /home/samuelhawthorne5/.config/Code/Session Storage/000003.log /home/samuelhawthorne5/.config/Code/Session Storage/CURRENT /home/samuelhawthorne5/.config/Code/Session Storage/LOCK /home/samuelhawthorne5/.config/Code/Session Storage/LOG /home/samuelhawthorne5/.config/Code/Session Storage/MANIFEST-000001 /home/samuelhawthorne5/.config/Code/TransportSecurity /home/samuelhawthorne5/.config/Code/User/globalStorage/state.vscdb /home/samuelhawthorne5/.config/Code/User/globalStorage/state.vscdb.backup /home/samuelhawthorne5/.config/Code/User/workspaceStorage/1629508751100/state.vscdb /home/samuelhawthorne5/.config/Code/User/workspaceStorage/1629508751100/state.vscdb.backup /home/samuelhawthorne5/.config/Code/exthost Crash Reports/client_id /home/samuelhawthorne5/.config/Code/languagepacks.json /home/samuelhawthorne5/.config/Code/logs/20210820T201909/exthost1/exthost.log /home/samuelhawthorne5/.config/Code/logs/20210820T201909/exthost1/output_logging_20210820T201921/1-Microsoft Authentication.log /home/samuelhawthorne5/.config/Code/logs/20210820T201909/exthost1/output_logging_20210820T201923/2-Git.log /home/samuelhawthorne5/.config/Code/logs/20210820T201909/exthost1/output_logging_20210820T201924/3-GitHub Authentication.log /home/samuelhawthorne5/.config/Code/logs/20210820T201909/main.log /home/samuelhawthorne5/.config/Code/logs/20210820T201909/output_1_20210820T201915/extensions.log /home/samuelhawthorne5/.config/Code/logs/20210820T201909/output_1_20210820T201915/tasks.log /home/samuelhawthorne5/.config/Code/logs/20210820T201909/renderer1.log /home/samuelhawthorne5/.config/Code/logs/20210820T201909/sharedprocess.log /home/samuelhawthorne5/.config/Code/logs/20210820T201909/telemetry.log /home/samuelhawthorne5/.config/Code/logs/20210820T201909/userDataSync.log /home/samuelhawthorne5/.config/Code/logs/20210821T132127/exthost1/exthost.log /home/samuelhawthorne5/.config/Code/logs/20210821T132127/exthost1/output_logging_20210821T132138/1-Microsoft Authentication.log /home/samuelhawthorne5/.config/Code/logs/20210821T132127/exthost1/output_logging_20210821T132140/2-Git.log /home/samuelhawthorne5/.config/Code/logs/20210821T132127/exthost1/output_logging_20210821T132140/3-GitHub Authentication.log /home/samuelhawthorne5/.config/Code/logs/20210821T132127/main.log /home/samuelhawthorne5/.config/Code/logs/20210821T132127/output_1_20210821T132134/extensions.log /home/samuelhawthorne5/.config/Code/logs/20210821T132127/output_1_20210821T132134/tasks.log /home/samuelhawthorne5/.config/Code/logs/20210821T132127/renderer1.log /home/samuelhawthorne5/.config/Code/logs/20210821T132127/sharedprocess.log /home/samuelhawthorne5/.config/Code/logs/20210821T132127/telemetry.log /home/samuelhawthorne5/.config/Code/logs/20210821T132127/userDataSync.log /home/samuelhawthorne5/.config/Code/machineid /home/samuelhawthorne5/.config/dconf/user /home/samuelhawthorne5/.local/share/recently-used.xbel /home/samuelhawthorne5/.pki/nssdb/cert9.db /home/samuelhawthorne5/.pki/nssdb/key4.db /home/samuelhawthorne5/.pki/nssdb/pkcs11.txt /home/samuelhawthorne5/.vscode/argv.json /home/samuelhawthorne5/portfolio2021/about.css /home/samuelhawthorne5/portfolio2021/about.html /home/samuelhawthorne5/portfolio2021/contactform.php /home/samuelhawthorne5/portfolio2021/img/Hamburger-01.png /home/samuelhawthorne5/portfolio2021/img/New Project.png /home/samuelhawthorne5/portfolio2021/img/bluebg.png /home/samuelhawthorne5/portfolio2021/img/codepic.jpg /home/samuelhawthorne5/portfolio2021/img/colors.png /home/samuelhawthorne5/portfolio2021/img/covidtrack.png /home/samuelhawthorne5/portfolio2021/img/fgfinal.png /home/samuelhawthorne5/portfolio2021/img/fgfinished.png /home/samuelhawthorne5/portfolio2021/img/fgpic2.png /home/samuelhawthorne5/portfolio2021/img/fgscreenshot.png /home/samuelhawthorne5/portfolio2021/img/gradient.jpg /home/samuelhawthorne5/portfolio2021/img/lilydone.png /home/samuelhawthorne5/portfolio2021/img/lilyproject.png /home/samuelhawthorne5/portfolio2021/img/mobilepic.jpg /home/samuelhawthorne5/portfolio2021/img/myname.png /home/samuelhawthorne5/portfolio2021/img/rlilypic.png /home/samuelhawthorne5/portfolio2021/img/sam.jpg /home/samuelhawthorne5/portfolio2021/img/sammy.png /home/samuelhawthorne5/portfolio2021/img/template.png /home/samuelhawthorne5/portfolio2021/index.html /home/samuelhawthorne5/portfolio2021/portfolio2021.css /home/samuelhawthorne5/portfolio2021/script.js /home/samuelhawthorne5/portfolio2021/thanks.html
> git status -z -u
> git symbolic-ref --short HEAD
> git rev-parse lily2021
> git rev-parse --symbolic-full-name lily2021@{u}
> git rev-list --left-right lily2021...refs/remotes/protect01/lily2021
> git for-each-ref --sort -committerdate --format %(refname) %(objectname)
> git remote --verbose
> git config --get commit.template
> git ls-files --stage -- /home/samuelhawthorne5/portfolio2021/about.html
> git cat-file -s b12728ee83129547fd8212a2c0bd2699765df0dd
> git show --textconv :portfolio2021/about.html
> git status -z -u
> git symbolic-ref --short HEAD
> git rev-parse lily2021
> git rev-parse --symbolic-full-name lily2021@{u}
> git rev-list --left-right lily2021...refs/remotes/protect01/lily2021
> git for-each-ref --sort -committerdate --format %(refname) %(objectname)
> git remote --verbose
> git config --get commit.template
> git check-ignore -v -z --stdin
> git checkout -q new-change
error: Your local changes to the following files would be overwritten by checkout:
	.Xauthority
	.cache/fontconfig/1d2c01d9-c27e-5d8c-946a-6992c45cfce8-le64.cache-7
	.cache/fontconfig/2793fb9a043859562fc8eeae648d5152-le64.cache-7
	.cache/fontconfig/2adfab2a719b29ed12bc9642f5214134-le64.cache-7
	.cache/fontconfig/420781ba3a8af01e3483d561262509e2-le64.cache-7
	.cache/fontconfig/482ff680-d74f-5bdc-8e54-d5cd336d86e0-le64.cache-7
	.cache/fontconfig/4b7c4507-0138-596f-ae63-fdedc8bdfd82-le64.cache-7
	.cache/fontconfig/52785564-90d9-5579-89a5-9f48e4881935-le64.cache-7
	.cache/fontconfig/5774675660ecc312b8914a4ae6dfff80-le64.cache-7
	.cache/fontconfig/5ef2633c-47cd-5596-a4c8-b7b2dad1d44b-le64.cache-7
	.cache/fontconfig/61b86929-ab8c-5c91-9220-72f0a861ede3-le64.cache-7
	.cache/fontconfig/63a71c5f-4edb-5c3a-b926-109be7cd3aac-le64.cache-7
	.cache/fontconfig/73fce5fe389ddc260ebd34cac4429ead-le64.cache-7
	.cache/fontconfig/7d65fcc37ea4bd4766305613b8665e30-le64.cache-7
	.cache/fontconfig/7e6ed75c-7527-5ffe-84a6-1bd38a359a14-le64.cache-7
	.cache/fontconfig/8db0405a1946c428f5ca5d9b258c43e3-le64.cache-7
	.cache/fontconfig/9fc9f413e12350b1a0ba9e2cbba75d39-le64.cache-7
	.cache/fontconfig/a99f2920-0014-5b4f-aaf3-3d47ca54c5fc-le64.cache-7
	.cache/fontconfig/aabd7c32212c7e3464a52269e2d6e6d5-le64.cache-7
	.cache/fontconfig/d9ce020ff0b7ec6a15daf2e8ebcb2a30-le64.cache-7
	.cache/fontconfig/ed7a2030-00f8-581d-ac04-bdbdfe09b95e-le64.cache-7
	.cache/fontconfig/f51dcade74c43299be26a9c4c7a57960-le64.cache-7
	.config/Code/Backups/workspaces.json
	.config/Code/Cache/625bbe30771f2f39_0
	.config/Code/Cache/a7d9540d676dc61b_0
	.config/Code/Cache/c85687354a0e770a_0
	.config/Code/Cache/cbc42e4c979f69f0_0
	.config/Code/Cache/index-dir/the-real-index
	.config/Code/CachedData/d2e414d9e4239a252d1ab117bd7067f125afd80a/AvailabilityData-a8b04c800ee33d1aefb952f21049e3b4.code
	.config/Code/CachedData/d2e414d9e4239a252d1ab117bd7067f125afd80a/Base-4c5d4fe2dc4093c0d4b972baaa70c227.code
	.config/Code/CachedData/d2e414d9e4239a252d1ab117bd7067f125afd80a/Channel-78ea03e096175cb51e830e69a7d5ba62.code
	.config/Code/CachedData/d2e414d9e4239a252d1ab117bd7067f125afd80a/Config-3df194716243893ee19690857ce8e9ed.code
	.config/Code/CachedData/d2e414d9e4239a252d1ab117bd7067f125afd80a/Console-a041d1d3c0f38f472806bf3f81efc71e.code
	.config/Code/CachedData/d2e414d9e4239a252d1ab117bd7067f125afd80a/Constants-d25bf35b6174072b37f19541ae2da470.code
	.config/Code/CachedData/d2e414d9e4239a252d1ab117bd7067f125afd80a/Context-79cc1e273d8be562bccefbc790e0bb0a.code
	.config/Code/CachedData/d2e414d9e4239a252d1ab117bd7067f125afd80a/ContextTagKeys-de1b573e6d86120cdce6c2c1027f1f18.code
	.config/Code/CachedData/d2e414d9e4239a252d1ab117bd7067f125afd80a/CorrelationContextManager-da8251227258593c29afd4a7f00c71ca.code
	.config/Code/CachedData/d2e414d9e4239a252d1ab117bd7067f125afd80a/CorrelationIdManager-b3411a863ba8cd82f60b7d4dea180080.code
	.config/Code/CachedData/d2e414d9e4239a252d1ab117bd7067f125afd80a/Data-99dfd48ddddc88cb1bb7546bacc3ba11.code
	.config/Code/CachedData/d2e414d9e4239a252d1ab117bd7067f125afd80a/DataPoint-11dae0b3d503fd29a93edf433146f624.code
	.config/Code/CachedData/d2e414d9e4239a252d1ab117bd7067f125afd80a/DataPointType-4a3d4fc898a6f4afe2e51df752da3199.code
	.config/Code/CachedData/d2e414d9e4239a252d1ab117bd7067f125afd80a/Domain-c1ad967bce419bc3879f4dff2041abec.code
	.config/Code/CachedData/d2e414d9e4239a252d1ab117bd7067f125afd80a/Envelope-a34d20dfc0ed14053f24de2ae4d2e3a8.code
	.config/Code/CachedData/d2e414d9e4239a252d1ab117bd7067f125afd80a/EnvelopeFactory-8016ec24d32d1a88e956732c3fd47ad1.code
	.config/Code/CachedData/d2e414d9e4239a252d1ab117bd7067f125afd80a/EventData-11d3cb4cdfb2eb81782800318969232a.code
	.config/Code/CachedData/d2e414d9e4239a252d1ab117bd7067f125afd80a/ExceptionData-355dac0f775b6c0fb739ab669d511bd3.code
	.config/Code/CachedData/d2e414d9e4239a252d1ab117bd7067f125afd80a/ExceptionDetails-e4910b78e7450e21c0dc8fc2431251e7.code
	.config/Code/CachedData/d2e414d9e4239a252d1ab117bd7067f125afd80a/Exceptions-ce3515b131df2975e128a395ad483526.code
	.config/Code/CachedData/d2e414d9e4239a252d1
error: The following untracked working tree files would be overwritten by checkout:
	.config/Code/CachedData/d2e414d9e4239a252d1ab117bd7067f125afd80a/htmlClientMain-d3a333d465b2e52c3bf642ee5bb6bf4e.code
Please move or remove them before you switch branches.
Aborting
> git commit --quiet --allow-empty-message --file -
> git status -z -u
> git symbolic-ref --short HEAD
> git rev-parse lily2021
> git rev-parse --symbolic-full-name lily2021@{u}
> git rev-list --left-right lily2021...refs/remotes/protect01/lily2021
> git for-each-ref --sort -committerdate --format %(refname) %(objectname)
> git remote --verbose
> git config --get commit.template
> git config --get commit.template
> git ls-files --stage -- /home/samuelhawthorne5/portfolio2021/about.html
> git cat-file -s b12728ee83129547fd8212a2c0bd2699765df0dd
> git show --textconv :portfolio2021/about.html
> git status -z -u
> git symbolic-ref --short HEAD
> git rev-parse lily2021
> git rev-parse --symbolic-full-name lily2021@{u}
> git rev-list --left-right lily2021...refs/remotes/protect01/lily2021
> git for-each-ref --sort -committerdate --format %(refname) %(objectname)
> git remote --verbose
> git config --get commit.template
> git add -A -- /home/samuelhawthorne5/.config/Code/User/globalStorage/state.vscdb /home/samuelhawthorne5/.config/Code/User/workspaceStorage/1629508751100/state.vscdb /home/samuelhawthorne5/.config/Code/logs/20210821T132127/exthost1/output_logging_20210821T132140/2-Git.log /home/samuelhawthorne5/.config/Code/storage.json /home/samuelhawthorne5/.config/Code/CachedData/d2e414d9e4239a252d1ab117bd7067f125afd80a/htmlClientMain-d3a333d465b2e52c3bf642ee5bb6bf4e.code
> git status -z -u
> git symbolic-ref --short HEAD
> git rev-parse lily2021
> git rev-parse --symbolic-full-name lily2021@{u}
> git rev-list --left-right lily2021...refs/remotes/protect01/lily2021
> git for-each-ref --sort -committerdate --format %(refname) %(objectname)
> git remote --verbose
> git config --get commit.template
> git ls-files --stage -- /home/samuelhawthorne5/portfolio2021/about.html
> git cat-file -s b12728ee83129547fd8212a2c0bd2699765df0dd
> git show --textconv :portfolio2021/about.html
> git status -z -u
> git symbolic-ref --short HEAD
> git rev-parse lily2021
> git rev-parse --symbolic-full-name lily2021@{u}
> git rev-list --left-right lily2021...refs/remotes/protect01/lily2021
> git for-each-ref --sort -committerdate --format %(refname) %(objectname)
> git remote --verbose
> git config --get commit.template
> git commit --quiet --allow-empty-message --file -
> git status -z -u
> git symbolic-ref --short HEAD
> git rev-parse lily2021
> git rev-parse --symbolic-full-name lily2021@{u}
> git rev-list --left-right lily2021...refs/remotes/protect01/lily2021
> git for-each-ref --sort -committerdate --format %(refname) %(objectname)
> git remote --verbose
> git config --get commit.template
> git config --get commit.template
> git ls-files --stage -- /home/samuelhawthorne5/portfolio2021/about.html
> git cat-file -s b12728ee83129547fd8212a2c0bd2699765df0dd
> git show --textconv :portfolio2021/about.html
> git status -z -u
> git symbolic-ref --short HEAD
> git rev-parse lily2021
> git rev-parse --symbolic-full-name lily2021@{u}
> git rev-list --left-right lily2021...refs/remotes/protect01/lily2021
> git for-each-ref --sort -committerdate --format %(refname) %(objectname)
> git remote --verbose
> git config --get commit.template
> git push protect01 lily2021:lily2021
> git add -A -- /home/samuelhawthorne5/.config/Code/User/workspaceStorage/1629508751100/state.vscdb /home/samuelhawthorne5/.config/Code/logs/20210821T132127/exthost1/output_logging_20210821T132140/2-Git.log
> git status -z -u
> git symbolic-ref --short HEAD
> git rev-parse lily2021
> git rev-parse --symbolic-full-name lily2021@{u}
> git rev-list --left-right lily2021...refs/remotes/protect01/lily2021
> git for-each-ref --sort -committerdate --format %(refname) %(objectname)
> git remote --verbose
> git config --get commit.template
> git ls-files --stage -- /home/samuelhawthorne5/portfolio2021/about.html
> git cat-file -s b12728ee83129547fd8212a2c0bd2699765df0dd
> git show --textconv :portfolio2021/about.html
> git add -A -- /home/samuelhawthorne5/.config/Code/GPUCache/data_1 /home/samuelhawthorne5/.config/Code/logs/20210821T132127/exthost1/output_logging_20210821T132140/2-Git.log
> git status -z -u
> git symbolic-ref --short HEAD
> git rev-parse lily2021
> git rev-parse --symbolic-full-name lily2021@{u}
> git rev-list --left-right lily2021...refs/remotes/protect01/lily2021
> git for-each-ref --sort -committerdate --format %(refname) %(objectname)
> git remote --verbose
> git config --get commit.template
> git ls-files --stage -- /home/samuelhawthorne5/portfolio2021/about.html
> git cat-file -s b12728ee83129547fd8212a2c0bd2699765df0dd
> git show --textconv :portfolio2021/about.html
> git add -A -- /home/samuelhawthorne5/.config/Code/User/workspaceStorage/1629508751100/state.vscdb /home/samuelhawthorne5/.config/Code/logs/20210821T132127/exthost1/output_logging_20210821T132140/2-Git.log /home/samuelhawthorne5/.config/Code/logs/20210821T132127/exthost1/output_logging_20210821T132140/3-GitHub Authentication.log
> git status -z -u
> git symbolic-ref --short HEAD
> git rev-parse lily2021
> git rev-parse --symbolic-full-name lily2021@{u}
> git rev-list --left-right lily2021...refs/remotes/protect01/lily2021
> git for-each-ref --sort -committerdate --format %(refname) %(objectname)
> git remote --verbose
> git config --get commit.template
> git ls-files --stage -- /home/samuelhawthorne5/portfolio2021/about.html
> git cat-file -s b12728ee83129547fd8212a2c0bd2699765df0dd
> git show --textconv :portfolio2021/about.html
> git add -A -- /home/samuelhawthorne5/.config/Code/Cache/index-dir/the-real-index /home/samuelhawthorne5/.config/Code/logs/20210821T132127/exthost1/output_logging_20210821T132140/2-Git.log
> git status -z -u
> git symbolic-ref --short HEAD
> git rev-parse lily2021
> git rev-parse --symbolic-full-name lily2021@{u}
> git rev-list --left-right lily2021...refs/remotes/protect01/lily2021
> git for-each-ref --sort -committerdate --format %(refname) %(objectname)
> git remote --verbose
> git config --get commit.template
> git ls-files --stage -- /home/samuelhawthorne5/portfolio2021/about.html
> git cat-file -s b12728ee83129547fd8212a2c0bd2699765df0dd
> git show --textconv :portfolio2021/about.html
> git add -A -- /home/samuelhawthorne5/.config/Code/logs/20210821T132127/exthost1/output_logging_20210821T132140/2-Git.log
> git status -z -u
> git symbolic-ref --short HEAD
> git rev-parse lily2021
> git rev-parse --symbolic-full-name lily2021@{u}
> git rev-list --left-right lily2021...refs/remotes/protect01/lily2021
> git for-each-ref --sort -committerdate --format %(refname) %(objectname)
> git remote --verbose
> git config --get commit.template
> git ls-files --stage -- /home/samuelhawthorne5/portfolio2021/about.html
> git cat-file -s b12728ee83129547fd8212a2c0bd2699765df0dd
> git show --textconv :portfolio2021/about.html
> git add -A -- /home/samuelhawthorne5/.config/Code/logs/20210821T132127/exthost1/output_logging_20210821T132140/2-Git.log
> git status -z -u
> git symbolic-ref --short HEAD
> git rev-parse lily2021
> git rev-parse --symbolic-full-name lily2021@{u}
> git rev-list --left-right lily2021...refs/remotes/protect01/lily2021
> git for-each-ref --sort -committerdate --format %(refname) %(objectname)
> git remote --verbose
> git config --get commit.template
> git ls-files --stage -- /home/samuelhawthorne5/portfolio2021/about.html
> git cat-file -s b12728ee83129547fd8212a2c0bd2699765df0dd
> git show --textconv :portfolio2021/about.html
> git commit --quiet --allow-empty-message --file -
> git status -z -u
> git symbolic-ref --short HEAD
> git rev-parse lily2021
> git rev-parse --symbolic-full-name lily2021@{u}
> git rev-list --left-right lily2021...refs/remotes/protect01/lily2021
> git for-each-ref --sort -committerdate --format %(refname) %(objectname)
> git remote --verbose
> git config --get commit.template
> git config --get commit.template
> git ls-files --stage -- /home/samuelhawthorne5/portfolio2021/about.html
> git cat-file -s b12728ee83129547fd8212a2c0bd2699765df0dd
> git show --textconv :portfolio2021/about.html
> git add -A -- /home/samuelhawthorne5/.config/Code/User/workspaceStorage/1629508751100/state.vscdb /home/samuelhawthorne5/.config/Code/logs/20210821T132127/exthost1/output_logging_20210821T132140/2-Git.log
> git status -z -u
> git symbolic-ref --short HEAD
> git rev-parse lily2021
> git rev-parse --symbolic-full-name lily2021@{u}
> git rev-list --left-right lily2021...refs/remotes/protect01/lily2021
> git for-each-ref --sort -committerdate --format %(refname) %(objectname)
> git remote --verbose
> git config --get commit.template
> git ls-files --stage -- /home/samuelhawthorne5/portfolio2021/about.html
> git cat-file -s b12728ee83129547fd8212a2c0bd2699765df0dd
> git show --textconv :portfolio2021/about.html
> git add -A -- /home/samuelhawthorne5/.config/Code/User/globalStorage/state.vscdb /home/samuelhawthorne5/.config/Code/logs/20210821T132127/exthost1/output_logging_20210821T132140/2-Git.log /home/samuelhawthorne5/.config/Code/logs/20210821T132127/exthost1/output_logging_20210821T132140/3-GitHub Authentication.log /home/samuelhawthorne5/.config/Code/storage.json
> git status -z -u
> git symbolic-ref --short HEAD
> git rev-parse lily2021
> git rev-parse --symbolic-full-name lily2021@{u}
> git rev-list --left-right lily2021...refs/remotes/protect01/lily2021
> git for-each-ref --sort -committerdate --format %(refname) %(objectname)
> git remote --verbose
> git config --get commit.template
> git ls-files --stage -- /home/samuelhawthorne5/portfolio2021/about.html
> git cat-file -s b12728ee83129547fd8212a2c0bd2699765df0dd
> git show --textconv :portfolio2021/about.html
To https://github.com/Shackerh28/test_project01.git
   45f9a43..b80853a  lily2021 -> lily2021
> git status -z -u
> git symbolic-ref --short HEAD
> git rev-parse lily2021
> git rev-parse --symbolic-full-name lily2021@{u}
> git rev-list --left-right lily2021...refs/remotes/protect01/lily2021
> git for-each-ref --sort -committerdate --format %(refname) %(objectname)
> git remote --verbose
> git config --get commit.template
> git push protect01 lily2021:lily2021
> git ls-files --stage -- /home/samuelhawthorne5/portfolio2021/about.html
> git cat-file -s b12728ee83129547fd8212a2c0bd2699765df0dd
> git show --textconv :portfolio2021/about.html
Everything up-to-date
> git status -z -u
> git symbolic-ref --short HEAD
> git rev-parse lily2021
> git rev-parse --symbolic-full-name lily2021@{u}
> git rev-list --left-right lily2021...refs/remotes/protect01/lily2021
> git for-each-ref --sort -committerdate --format %(refname) %(objectname)
> git remote --verbose
> git config --get commit.template
> git ls-files --stage -- /home/samuelhawthorne5/portfolio2021/about.html
> git cat-file -s b12728ee83129547fd8212a2c0bd2699765df0dd
> git show --textconv :portfolio2021/about.html
> git status -z -u
> git symbolic-ref --short HEAD
> git rev-parse lily2021
> git rev-parse --symbolic-full-name lily2021@{u}
> git rev-list --left-right lily2021...refs/remotes/protect01/lily2021
> git for-each-ref --sort -committerdate --format %(refname) %(objectname)
> git remote --verbose
> git config --get commit.template
> git show --textconv :portfolio2021/index.html
> git ls-files --stage -- /home/samuelhawthorne5/portfolio2021/index.html
> git cat-file -s 6f03bf0cb65853ea520c8a5d9fb36956306ce5a5
> git show --textconv :watchfuleye/index.html
> git ls-files --stage -- /home/samuelhawthorne5/watchfuleye/index.html
> git check-ignore -v -z --stdin
> git add -A -- /home/samuelhawthorne5/.config/Code/Cache/cbc42e4c979f69f0_0 /home/samuelhawthorne5/.config/Code/Cache/index-dir/the-real-index /home/samuelhawthorne5/.config/Code/CachedData/d2e414d9e4239a252d1ab117bd7067f125afd80a/htmlClientMain-d3a333d465b2e52c3bf642ee5bb6bf4e.code /home/samuelhawthorne5/.config/Code/GPUCache/data_1 /home/samuelhawthorne5/.config/Code/User/globalStorage/state.vscdb /home/samuelhawthorne5/.config/Code/User/workspaceStorage/1629508751100/state.vscdb /home/samuelhawthorne5/.config/Code/logs/20210821T132127/exthost1/output_logging_20210821T132140/2-Git.log /home/samuelhawthorne5/.config/Code/storage.json
> git status -z -u
> git symbolic-ref --short HEAD
> git rev-parse lily2021
> git rev-parse --symbolic-full-name lily2021@{u}
> git rev-list --left-right lily2021...refs/remotes/protect01/lily2021
> git for-each-ref --sort -committerdate --format %(refname) %(objectname)
> git remote --verbose
> git config --get commit.template
> git ls-files --stage -- /home/samuelhawthorne5/watchfuleye/index.html
> git show --textconv :watchfuleye/index.html
> git status -z -u
> git symbolic-ref --short HEAD
> git rev-parse lily2021
> git rev-parse --symbolic-full-name lily2021@{u}
> git rev-list --left-right lily2021...refs/remotes/protect01/lily2021
> git for-each-ref --sort -committerdate --format %(refname) %(objectname)
> git remote --verbose
> git config --get commit.template
> git add -A -- /home/samuelhawthorne5/.config/Code/logs/20210821T132127/exthost1/output_logging_20210821T132140/2-Git.log /home/samuelhawthorne5/.local/share/recently-used.xbel /home/samuelhawthorne5/watchfuleye/index.html
> git status -z -u
> git symbolic-ref --short HEAD
> git rev-parse lily2021
> git rev-parse --symbolic-full-name lily2021@{u}
> git rev-list --left-right lily2021...refs/remotes/protect01/lily2021
> git for-each-ref --sort -committerdate --format %(refname) %(objectname)
> git remote --verbose
> git config --get commit.template
> git ls-files --stage -- /home/samuelhawthorne5/watchfuleye/index.html
> git cat-file -s e69de29bb2d1d6434b8b29ae775ad8c2e48c5391
> git show --textconv :watchfuleye/index.html
> git add -A -- /home/samuelhawthorne5/.config/Code/logs/20210821T132127/exthost1/output_logging_20210821T132140/2-Git.log
> git status -z -u
> git symbolic-ref --short HEAD
> git rev-parse lily2021
> git rev-parse --symbolic-full-name lily2021@{u}
> git rev-list --left-right lily2021...refs/remotes/protect01/lily2021
> git for-each-ref --sort -committerdate --format %(refname) %(objectname)
> git remote --verbose
> git config --get commit.template
> git status -z -u
> git symbolic-ref --short HEAD
> git rev-parse lily2021
> git rev-parse --symbolic-full-name lily2021@{u}
> git rev-list --left-right lily2021...refs/remotes/protect01/lily2021
> git for-each-ref --sort -committerdate --format %(refname) %(objectname)
> git remote --verbose
> git config --get commit.template
> git ls-files --stage -- /home/samuelhawthorne5/watchfuleye/index.html
> git cat-file -s e69de29bb2d1d6434b8b29ae775ad8c2e48c5391
> git show --textconv :watchfuleye/index.html
> git status -z -u
> git symbolic-ref --short HEAD
> git rev-parse lily2021
> git rev-parse --symbolic-full-name lily2021@{u}
> git rev-list --left-right lily2021...refs/remotes/protect01/lily2021
> git for-each-ref --sort -committerdate --format %(refname) %(objectname)
> git remote --verbose
> git config --get commit.template
> git add -A -- /home/samuelhawthorne5/.config/Code/GPUCache/data_1 /home/samuelhawthorne5/.config/Code/User/workspaceStorage/1629508751100/state.vscdb /home/samuelhawthorne5/.config/Code/logs/20210821T132127/exthost1/output_logging_20210821T132140/2-Git.log
> git status -z -u
> git symbolic-ref --short HEAD
> git rev-parse lily2021
> git rev-parse --symbolic-full-name lily2021@{u}
> git rev-list --left-right lily2021...refs/remotes/protect01/lily2021
> git for-each-ref --sort -committerdate --format %(refname) %(objectname)
> git remote --verbose
> git config --get commit.template
> git ls-files --stage -- /home/samuelhawthorne5/watchfuleye/index.html
> git cat-file -s e69de29bb2d1d6434b8b29ae775ad8c2e48c5391
> git show --textconv :watchfuleye/index.html
> git add -A -- /home/samuelhawthorne5/.config/Code/logs/20210821T132127/exthost1/output_logging_20210821T132140/2-Git.log
> git status -z -u
> git symbolic-ref --short HEAD
> git rev-parse lily2021
> git rev-parse --symbolic-full-name lily2021@{u}
> git rev-list --left-right lily2021...refs/remotes/protect01/lily2021
> git for-each-ref --sort -committerdate --format %(refname) %(objectname)
> git remote --verbose
> git config --get commit.template
> git status -z -u
> git symbolic-ref --short HEAD
> git rev-parse lily2021
> git rev-parse --symbolic-full-name lily2021@{u}
> git rev-list --left-right lily2021...refs/remotes/protect01/lily2021
> git for-each-ref --sort -committerdate --format %(refname) %(objectname)
> git remote --verbose
> git config --get commit.template
> git ls-files --stage -- /home/samuelhawthorne5/watchfuleye/index.html
> git cat-file -s e69de29bb2d1d6434b8b29ae775ad8c2e48c5391
> git show --textconv :watchfuleye/index.html
> git status -z -u
> git symbolic-ref --short HEAD
> git rev-parse lily2021
> git rev-parse --symbolic-full-name lily2021@{u}
> git rev-list --left-right lily2021...refs/remotes/protect01/lily2021
> git for-each-ref --sort -committerdate --format %(refname) %(objectname)
> git remote --verbose
> git config --get commit.template
> git commit --quiet --allow-empty-message --file -
> git status -z -u
> git symbolic-ref --short HEAD
> git rev-parse lily2021
> git rev-parse --symbolic-full-name lily2021@{u}
> git rev-list --left-right lily2021...refs/remotes/protect01/lily2021
> git for-each-ref --sort -committerdate --format %(refname) %(objectname)
> git remote --verbose
> git config --get commit.template
> git config --get commit.template
> git ls-files --stage -- /home/samuelhawthorne5/watchfuleye/index.html
> git cat-file -s e69de29bb2d1d6434b8b29ae775ad8c2e48c5391
> git show --textconv :watchfuleye/index.html
> git status -z -u
> git symbolic-ref --short HEAD
> git rev-parse lily2021
> git rev-parse --symbolic-full-name lily2021@{u}
> git rev-list --left-right lily2021...refs/remotes/protect01/lily2021
> git for-each-ref --sort -committerdate --format %(refname) %(objectname)
> git remote --verbose
> git config --get commit.template
> git add -A -- /home/samuelhawthorne5/.config/Code/User/workspaceStorage/1629508751100/state.vscdb /home/samuelhawthorne5/.config/Code/logs/20210821T132127/exthost1/output_logging_20210821T132140/2-Git.log
> git status -z -u
> git symbolic-ref --short HEAD
> git rev-parse lily2021
> git rev-parse --symbolic-full-name lily2021@{u}
> git rev-list --left-right lily2021...refs/remotes/protect01/lily2021
> git for-each-ref --sort -committerdate --format %(refname) %(objectname)
> git remote --verbose
> git config --get commit.template
> git ls-files --stage -- /home/samuelhawthorne5/watchfuleye/index.html
> git cat-file -s e69de29bb2d1d6434b8b29ae775ad8c2e48c5391
> git show --textconv :watchfuleye/index.html
> git add -A -- /home/samuelhawthorne5/.config/Code/logs/20210821T132127/exthost1/output_logging_20210821T132140/2-Git.log
> git status -z -u
> git symbolic-ref --short HEAD
> git rev-parse lily2021
> git rev-parse --symbolic-full-name lily2021@{u}
> git rev-list --left-right lily2021...refs/remotes/protect01/lily2021
> git for-each-ref --sort -committerdate --format %(refname) %(objectname)
> git remote --verbose
> git config --get commit.template
> git status -z -u
> git symbolic-ref --short HEAD
> git rev-parse lily2021
> git rev-parse --symbolic-full-name lily2021@{u}
> git rev-list --left-right lily2021...refs/remotes/protect01/lily2021
> git for-each-ref --sort -committerdate --format %(refname) %(objectname)
> git remote --verbose
> git config --get commit.template
> git ls-files --stage -- /home/samuelhawthorne5/watchfuleye/index.html
> git cat-file -s e69de29bb2d1d6434b8b29ae775ad8c2e48c5391
> git show --textconv :watchfuleye/index.html
> git status -z -u
> git symbolic-ref --short HEAD
> git rev-parse lily2021
> git rev-parse --symbolic-full-name lily2021@{u}
> git rev-list --left-right lily2021...refs/remotes/protect01/lily2021
> git for-each-ref --sort -committerdate --format %(refname) %(objectname)
> git remote --verbose
> git config --get commit.template
> git commit --quiet --allow-empty-message --file -
> git status -z -u
> git symbolic-ref --short HEAD
> git rev-parse lily2021
> git rev-parse --symbolic-full-name lily2021@{u}
> git rev-list --left-right lily2021...refs/remotes/protect01/lily2021
> git for-each-ref --sort -committerdate --format %(refname) %(objectname)
> git remote --verbose
> git config --get commit.template
> git config --get commit.template
> git ls-files --stage -- /home/samuelhawthorne5/watchfuleye/index.html
> git cat-file -s e69de29bb2d1d6434b8b29ae775ad8c2e48c5391
> git show --textconv :watchfuleye/index.html
> git status -z -u
> git symbolic-ref --short HEAD
> git rev-parse lily2021
> git rev-parse --symbolic-full-name lily2021@{u}
> git rev-list --left-right lily2021...refs/remotes/protect01/lily2021
> git for-each-ref --sort -committerdate --format %(refname) %(objectname)
> git remote --verbose
> git config --get commit.template
> git add -A -- /home/samuelhawthorne5/.config/Code/User/workspaceStorage/1629508751100/state.vscdb /home/samuelhawthorne5/.config/Code/logs/20210821T132127/exthost1/output_logging_20210821T132140/2-Git.log
> git status -z -u
> git symbolic-ref --short HEAD
> git rev-parse lily2021
> git rev-parse --symbolic-full-name lily2021@{u}
> git rev-list --left-right lily2021...refs/remotes/protect01/lily2021
> git for-each-ref --sort -committerdate --format %(refname) %(objectname)
> git remote --verbose
> git config --get commit.template
> git ls-files --stage -- /home/samuelhawthorne5/watchfuleye/index.html
> git cat-file -s e69de29bb2d1d6434b8b29ae775ad8c2e48c5391
> git show --textconv :watchfuleye/index.html
> git status -z -u
> git symbolic-ref --short HEAD
> git rev-parse lily2021
> git rev-parse --symbolic-full-name lily2021@{u}
> git rev-list --left-right lily2021...refs/remotes/protect01/lily2021
> git for-each-ref --sort -committerdate --format %(refname) %(objectname)
> git remote --verbose
> git config --get commit.template
> git add -A -- /home/samuelhawthorne5/.config/Code/logs/20210821T132127/exthost1/output_logging_20210821T132140/2-Git.log
> git status -z -u
> git symbolic-ref --short HEAD
> git rev-parse lily2021
> git rev-parse --symbolic-full-name lily2021@{u}
> git rev-list --left-right lily2021...refs/remotes/protect01/lily2021
> git for-each-ref --sort -committerdate --format %(refname) %(objectname)
> git remote --verbose
> git config --get commit.template
> git ls-files --stage -- /home/samuelhawthorne5/watchfuleye/index.html
> git cat-file -s e69de29bb2d1d6434b8b29ae775ad8c2e48c5391
> git show --textconv :watchfuleye/index.html
> git status -z -u
> git symbolic-ref --short HEAD
> git rev-parse lily2021
> git rev-parse --symbolic-full-name lily2021@{u}
> git rev-list --left-right lily2021...refs/remotes/protect01/lily2021
> git for-each-ref --sort -committerdate --format %(refname) %(objectname)
> git remote --verbose
> git config --get commit.template
> git commit --quiet --allow-empty-message --file -
> git status -z -u
> git symbolic-ref --short HEAD
> git rev-parse lily2021
> git rev-parse --symbolic-full-name lily2021@{u}
> git rev-list --left-right lily2021...refs/remotes/protect01/lily2021
> git for-each-ref --sort -committerdate --format %(refname) %(objectname)
> git remote --verbose
> git config --get commit.template
> git ls-files --stage -- /home/samuelhawthorne5/watchfuleye/index.html
> git cat-file -s e69de29bb2d1d6434b8b29ae775ad8c2e48c5391
> git show --textconv :watchfuleye/index.html
> git status -z -u
> git symbolic-ref --short HEAD
> git rev-parse lily2021
> git rev-parse --symbolic-full-name lily2021@{u}
> git rev-list --left-right lily2021...refs/remotes/protect01/lily2021
> git for-each-ref --sort -committerdate --format %(refname) %(objectname)
> git remote --verbose
> git config --get commit.template
> git add -A -- /home/samuelhawthorne5/.config/Code/logs/20210821T132127/exthost1/output_logging_20210821T132140/2-Git.log
> git status -z -u
> git symbolic-ref --short HEAD
> git rev-parse lily2021
> git rev-parse --symbolic-full-name lily2021@{u}
> git rev-list --left-right lily2021...refs/remotes/protect01/lily2021
> git for-each-ref --sort -committerdate --format %(refname) %(objectname)
> git remote --verbose
> git config --get commit.template
> git ls-files --stage -- /home/samuelhawthorne5/watchfuleye/index.html
> git cat-file -s e69de29bb2d1d6434b8b29ae775ad8c2e48c5391
> git show --textconv :watchfuleye/index.html
> git add -A -- /home/samuelhawthorne5/.config/Code/logs/20210821T132127/exthost1/output_logging_20210821T132140/2-Git.log
> git status -z -u
> git symbolic-ref --short HEAD
> git rev-parse lily2021
> git rev-parse --symbolic-full-name lily2021@{u}
> git rev-list --left-right lily2021...refs/remotes/protect01/lily2021
> git for-each-ref --sort -committerdate --format %(refname) %(objectname)
> git remote --verbose
> git config --get commit.template
> git ls-files --stage -- /home/samuelhawthorne5/watchfuleye/index.html
> git cat-file -s e69de29bb2d1d6434b8b29ae775ad8c2e48c5391
> git show --textconv :watchfuleye/index.html
> git status -z -u
> git symbolic-ref --short HEAD
> git rev-parse lily2021
> git rev-parse --symbolic-full-name lily2021@{u}
> git rev-list --left-right lily2021...refs/remotes/protect01/lily2021
> git for-each-ref --sort -committerdate --format %(refname) %(objectname)
> git remote --verbose
> git config --get commit.template
> git status -z -u
> git symbolic-ref --short HEAD
> git rev-parse lily2021
> git rev-parse --symbolic-full-name lily2021@{u}
> git rev-list --left-right lily2021...refs/remotes/protect01/lily2021
> git for-each-ref --sort -committerdate --format %(refname) %(objectname)
> git remote --verbose
> git config --get commit.template
> git commit --quiet --allow-empty-message --file -
> git status -z -u
> git symbolic-ref --short HEAD
> git rev-parse lily2021
> git rev-parse --symbolic-full-name lily2021@{u}
> git rev-list --left-right lily2021...refs/remotes/protect01/lily2021
> git for-each-ref --sort -committerdate --format %(refname) %(objectname)
> git remote --verbose
> git config --get commit.template
> git ls-files --stage -- /home/samuelhawthorne5/watchfuleye/index.html
> git cat-file -s e69de29bb2d1d6434b8b29ae775ad8c2e48c5391
> git show --textconv :watchfuleye/index.html
> git status -z -u
> git symbolic-ref --short HEAD
> git rev-parse lily2021
> git rev-parse --symbolic-full-name lily2021@{u}
> git rev-list --left-right lily2021...refs/remotes/protect01/lily2021
> git for-each-ref --sort -committerdate --format %(refname) %(objectname)
> git remote --verbose
> git config --get commit.template
> git push protect01 lily2021:lily2021
To https://github.com/Shackerh28/test_project01.git
   d4ce834..727abe0  lily2021 -> lily2021
> git status -z -u
> git symbolic-ref --short HEAD
> git rev-parse lily2021
> git rev-parse --symbolic-full-name lily2021@{u}
> git rev-list --left-right lily2021...refs/remotes/protect01/lily2021
> git for-each-ref --sort -committerdate --format %(refname) %(objectname)
> git remote --verbose
> git config --get commit.template
> git ls-files --stage -- /home/samuelhawthorne5/watchfuleye/index.html
> git cat-file -s e69de29bb2d1d6434b8b29ae775ad8c2e48c5391
> git show --textconv :watchfuleye/index.html
> git status -z -u
> git symbolic-ref --short HEAD
> git rev-parse lily2021
> git rev-parse --symbolic-full-name lily2021@{u}
> git rev-list --left-right lily2021...refs/remotes/protect01/lily2021
> git for-each-ref --sort -committerdate --format %(refname) %(objectname)
> git remote --verbose
> git config --get commit.template
> git status -z -u
> git symbolic-ref --short HEAD
> git rev-parse lily2021
> git rev-parse --symbolic-full-name lily2021@{u}
> git rev-list --left-right lily2021...refs/remotes/protect01/lily2021
> git for-each-ref --sort -committerdate --format %(refname) %(objectname)
> git remote --verbose
> git config --get commit.template
> git check-ignore -v -z --stdin
> git add -A -- /home/samuelhawthorne5/.config/Code/Cache/index-dir/the-real-index /home/samuelhawthorne5/.config/Code/GPUCache/data_1 /home/samuelhawthorne5/.config/Code/User/globalStorage/state.vscdb /home/samuelhawthorne5/.config/Code/User/workspaceStorage/1629508751100/state.vscdb /home/samuelhawthorne5/.config/Code/logs/20210821T132127/exthost1/output_logging_20210821T132140/2-Git.log /home/samuelhawthorne5/.config/Code/storage.json /home/samuelhawthorne5/watchfuleye/index.html /home/samuelhawthorne5/.config/Code/CachedData/d2e414d9e4239a252d1ab117bd7067f125afd80a/data-35ec97307f30a6756f690e544c563777.code /home/samuelhawthorne5/.config/Code/CachedData/d2e414d9e4239a252d1ab117bd7067f125afd80a/edit-95ee7dde7f7154d59b1696754926aba6.code /home/samuelhawthorne5/.config/Code/CachedData/d2e414d9e4239a252d1ab117bd7067f125afd80a/emmetHelper-08a7f26bfde4639e8abcabe058c4c8c6.code /home/samuelhawthorne5/.config/Code/CachedData/d2e414d9e4239a252d1ab117bd7067f125afd80a/expand-full-9bd6c4a8d609d2f7c7efcb58c091bfe6.code /home/samuelhawthorne5/.config/Code/CachedData/d2e414d9e4239a252d1ab117bd7067f125afd80a/extract-abbreviation.cjs-752048c03fc03c92b054b0df2c0df2ef.code /home/samuelhawthorne5/.config/Code/CachedData/d2e414d9e4239a252d1ab117bd7067f125afd80a/fileService-b7f1510fe16286ab7b44d92703a8e0b0.code /home/samuelhawthorne5/.config/Code/CachedData/d2e414d9e4239a252d1ab117bd7067f125afd80a/format-a225b85ec1dee95936c42ffc78c39c42.code /home/samuelhawthorne5/.config/Code/CachedData/d2e414d9e4239a252d1ab117bd7067f125afd80a/index-b325342ca46dd74a3b3a1960f689acb4.code /home/samuelhawthorne5/.config/Code/CachedData/d2e414d9e4239a252d1ab117bd7067f125afd80a/main-650bad0ddc813e5f694bb5bd8688fc4d.code /home/samuelhawthorne5/.config/Code/CachedData/d2e414d9e4239a252d1ab117bd7067f125afd80a/main-bff6dd460d9071e1174fdc9d6cb195d0.code /home/samuelhawthorne5/.config/Code/CachedData/d2e414d9e4239a252d1ab117bd7067f125afd80a/parser-11fb68b9dac3bc93399fc35729c260aa.code /home/samuelhawthorne5/.config/Code/CachedData/d2e414d9e4239a252d1ab117bd7067f125afd80a/scanner-7b893a21d00f4ca0211825d2ceeda3cf.code
> git status -z -u
> git symbolic-ref --short HEAD
> git rev-parse lily2021
> git rev-parse --symbolic-full-name lily2021@{u}
> git rev-list --left-right lily2021...refs/remotes/protect01/lily2021
> git for-each-ref --sort -committerdate --format %(refname) %(objectname)
> git remote --verbose
> git config --get commit.template
> git ls-files --stage -- /home/samuelhawthorne5/watchfuleye/index.html
> git cat-file -s e7d8b102a1fac1525c519895abc3794fb2ee0ff5
> git show --textconv :watchfuleye/index.html
> git status -z -u
> git symbolic-ref --short HEAD
> git rev-parse lily2021
> git rev-parse --symbolic-full-name lily2021@{u}
> git rev-list --left-right lily2021...refs/remotes/protect01/lily2021
> git for-each-ref --sort -committerdate --format %(refname) %(objectname)
> git remote --verbose
> git config --get commit.template
> git add -A -- /home/samuelhawthorne5/.config/Code/logs/20210821T132127/exthost1/output_logging_20210821T132140/2-Git.log
